"../../../Engine/Content/EditorResources/S_Actor.uasset" 0
"../../../Engine/Content/EngineResources/AICON-Red.uasset" 1
"../../../Engine/Content/EngineResources/AICON-Green.uasset" 2
"../../../Engine/Content/EngineFonts/Roboto.uasset" 3
"../../../Engine/Content/Functions/Engine_MaterialFunctions01/Shading/PowerToRoughness.uasset" 4
"../../../Engine/Content/Functions/Engine_MaterialFunctions01/Shading/ConvertFromDiffSpec.uasset" 5
"../../../Engine/Content/EngineMaterials/DefaultDiffuse.uasset" 6
"../../../Engine/Content/EngineMaterials/DefaultDeferredDecalMaterial.uasset" 7
"../../../Engine/Content/EngineMaterials/DefaultLightFunctionMaterial.uasset" 8
"../../../Engine/Content/Functions/Engine_MaterialFunctions02/Utility/BreakOutFloat2Components.uasset" 9
"../../../Engine/Content/EngineMaterials/DefaultPostProcessMaterial.uasset" 10
"../../../Engine/Content/EngineResources/DefaultTexture.uasset" 11
"../../../Engine/Content/Functions/Engine_MaterialFunctions01/Texturing/ScaleUVsByCenter.uasset" 12
"../../../Engine/Content/Functions/Engine_MaterialFunctions02/ScreenResolution.uasset" 13
"../../../Engine/Content/Functions/Engine_MaterialFunctions02/Texturing/ScreenAlignedUVs.uasset" 14
"../../../Engine/Content/EngineResources/WhiteSquareTexture.uasset" 15
"../../../Engine/Content/EngineMaterials/Widget3DPassThrough.uasset" 16
"../../../Engine/Content/EngineMaterials/Widget3DPassThrough_Translucent.uasset" 17
"../../../Engine/Content/EngineMaterials/Widget3DPassThrough_Translucent_OneSided.uasset" 18
"../../../Engine/Content/EngineMaterials/Widget3DPassThrough_Opaque.uasset" 19
"../../../Engine/Content/EngineMaterials/Widget3DPassThrough_Opaque_OneSided.uasset" 20
"../../../Engine/Content/EngineMaterials/Widget3DPassThrough_Masked.uasset" 21
"../../../Engine/Content/EngineMaterials/Widget3DPassThrough_Masked_OneSided.uasset" 22
"../../../Engine/Content/Maps/Templates/Thumbnails/Default.uasset" 23
"../../../Engine/Content/Maps/Templates/Thumbnails/VR-Basic.uasset" 24
"../../../Engine/Content/EditorMaterials/ParticleSystems/PSysThumbnail_NoImage.uasset" 25
"../../../Engine/Content/EditorMaterials/ParticleSystems/PSysThumbnail_OOD.uasset" 26
"../../../Engine/Content/EditorLandscapeResources/DataLayer.uasset" 27
"../../../Engine/Content/EngineDamageTypes/DmgTypeBP_Environmental.uasset" 28
"../../../Engine/Content/EngineMeshes/Sphere.uasset" 29
"../../../Engine/Content/EngineFonts/RobotoDistanceField.uasset" 30
"../../../Engine/Content/EngineMaterials/DefaultTextMaterialOpaque.uasset" 31
"../../../Engine/Content/EditorResources/S_Trigger.uasset" 32
"../../../Engine/Content/EngineResources/GradientTexture0.uasset" 33
"../../../Engine/Content/EngineResources/Black.uasset" 34
"../../../Engine/Content/EditorMaterials/MatineeGroups/MAT_Groups_Float.uasset" 35
"../../../Engine/Content/EditorMaterials/MatineeGroups/MAT_Groups_Director.uasset" 36
"../../../Engine/Content/EditorMaterials/MatineeGroups/MAT_Groups_Event.uasset" 37
"../../../Engine/Content/EditorMaterials/MatineeGroups/MAT_Groups_Anim.uasset" 38
"../../../Engine/Content/EditorMaterials/MatineeGroups/MAT_Groups_Fade.uasset" 39
"../../../Engine/Content/EditorMaterials/MatineeGroups/MAT_Groups_Move.uasset" 40
"../../../Engine/Content/EditorMaterials/MatineeGroups/MAT_Groups_Slomo.uasset" 41
"../../../Engine/Content/EditorMaterials/MatineeGroups/MAT_ColorTrack.uasset" 42
"../../../Engine/Content/EditorMaterials/MAT_Groups_Toggle.uasset" 43
"../../../Engine/Content/EditorMaterials/MatineeGroups/MAT_Groups_AudioMaster.uasset" 44
"../../../Engine/Content/EditorMaterials/MatineeGroups/MAT_Groups_Sound.uasset" 45
"../../../Engine/Content/EditorMaterials/MatineeGroups/MAT_Groups_Vector.uasset" 46
"../../../Engine/Content/EditorMaterials/MAT_Groups_Visibility.uasset" 47
"../../../Engine/Content/EngineResources/DefaultTextureCube.uasset" 48
"../../../Engine/Content/Functions/Engine_MaterialFunctions01/Opacity/CameraDepthFade.uasset" 49
"../../../Engine/Content/EngineMaterials/T_Default_Material_Grid_M.uasset" 50
"../../../Engine/Content/EngineMaterials/T_Default_Material_Grid_N.uasset" 51
"../../../Engine/Content/EngineMaterials/DefaultMaterial.uasset" 52
"../../../Engine/Content/EngineMeshes/Cylinder.uasset" 53
"../../../Engine/Content/EngineTireTypes/DefaultTireType.uasset" 54
"../../../Engine/Content/EditorMaterials/Camera/CineMat.uasset" 55
"../../../Engine/Content/EditorMaterials/Camera/MI_CineMat_Rig.uasset" 56
"../../../Engine/Content/EditorMeshes/Camera/SM_CraneRig_Base.uasset" 57
"../../../Engine/Content/EditorMeshes/Camera/SM_CraneRig_Arm.uasset" 58
"../../../Engine/Content/EditorMeshes/Camera/SM_CraneRig_Mount.uasset" 59
"../../../Engine/Content/EditorMeshes/Camera/SM_CraneRig_Body.uasset" 60
"../../../Engine/Content/EditorMeshes/Camera/SM_RailRig_Track.uasset" 61
"../../../Engine/Content/EditorMeshes/Camera/SM_RailRig_Mount.uasset" 62
"../../../Engine/Content/VREditor/LaserPointer/VR_LaserPower_01.uasset" 63
"../../../Engine/Content/VREditor/TransformGizmo/TransformGizmoMaterial.uasset" 64
"../../../Engine/Content/VREditor/TransformGizmo/TranslucentTransformGizmoMaterial.uasset" 65
"../../../Engine/Content/VREditor/TransformGizmo/TranslationHandle.uasset" 66
"../../../Engine/Content/VREditor/TransformGizmo/PlaneTranslationHandle.uasset" 67
"../../../Engine/Content/VREditor/TransformGizmo/RotationHandle.uasset" 68
"../../../Engine/Content/VREditor/TransformGizmo/StretchingHandle.uasset" 69
"../../../Engine/Content/VREditor/TransformGizmo/BoundingBoxCorner.uasset" 70
"../../../Engine/Content/VREditor/TransformGizmo/BoundingBoxEdge.uasset" 71
"../../../Engine/Content/VREditor/TransformGizmo/UniformScaleHandle.uasset" 72
"../../../Engine/Content/VREditor/FloatingText/LineMaterial.uasset" 73
"../../../Engine/Content/VREditor/FloatingText/LineSegmentCylinder.uasset" 74
"../../../Engine/Content/VREditor/FloatingText/JointSphere.uasset" 75
"../../../Engine/Content/VREditor/Fonts/VRText_RobotoLarge.uasset" 76
"../../../Engine/Content/VREditor/Fonts/VRTextMaterial.uasset" 77
"../../../Engine/Content/VREditor/Fonts/TranslucentVRTextMaterial.uasset" 78
"../../../Engine/Content/VREditor/UI/SelectionBarMesh.uasset" 79
"../../../Engine/Content/VREditor/UI/CloseButtonMesh.uasset" 80
"../../../Engine/Content/Tutorial/BlueprintTutorials/TutorialAssets/Blueprint_64x.uasset" 81
"../../../Engine/Content/Tutorial/ContentIntroCurve.uasset" 82
"../../../Engine/Plugins/2D/Paper2D/Content/PlaceholderTextures/DummySpriteTexture.uasset" 83
"../../../Engine/Plugins/2D/Paper2D/Content/DefaultSpriteMaterial.uasset" 84
"../../../Engine/Plugins/2D/Paper2D/Content/MaskedUnlitSpriteMaterial.uasset" 85
"../../../Engine/Plugins/2D/Paper2D/Content/OpaqueUnlitSpriteMaterial.uasset" 86
"../../../Engine/Plugins/2D/Paper2D/Content/DummySprite.uasset" 87
"../../../Engine/Plugins/2D/Paper2D/Content/DefaultPaperTerrainMaterial.uasset" 88
"../../../Engine/Content/EngineMaterials/RemoveSurfaceMaterial.uasset" 89
"../../../Engine/Content/EngineDebugMaterials/DebugMeshMaterial.uasset" 90
"../../../Engine/Content/EngineMaterials/InvalidLightmapSettings.uasset" 91
"../../../Engine/Content/EngineMaterials/M_InvalidLightmapSettings.uasset" 92
"../../../Engine/Content/EditorMaterials/GizmoMaterial.uasset" 93
"../../../Engine/Content/EngineMaterials/Good64x64TilingNoiseHighFreq.uasset" 94
"../../../Engine/Content/EngineMaterials/DefaultBokeh.uasset" 95
"../../../Engine/Content/EngineMaterials/PreintegratedSkinBRDF.uasset" 96
"../../../Engine/Content/EngineMaterials/MiniFont.uasset" 97
"../../../Engine/Content/EngineMaterials/WeightMapPlaceholderTexture.uasset" 98
"../../../Engine/Content/EngineMaterials/DefaultWhiteGrid.uasset" 99
"../../../Engine/Content/EngineMaterials/DefaultPhysicalMaterial.uasset" 100
"../../../Engine/Content/EngineFonts/RobotoTiny.uasset" 101
"../../../Engine/Content/EditorSounds/Notifications/CompileSuccess.uasset" 102
"../../../Engine/Content/EditorSounds/Notifications/CompileStart_Cue.uasset" 103
"../../../Engine/Content/EditorSounds/Notifications/CompileSuccess_Cue.uasset" 104
"../../../Engine/Content/EditorSounds/Notifications/CompileFailed.uasset" 105
"../../../Engine/Content/EditorSounds/Notifications/CompileFailed_Cue.uasset" 106
"../../../Engine/Content/MobileResources/HUD/MobileHUDButton2_off.uasset" 107
"../../../UnrealGameJam/Content/FirstPerson/FPWeapon/Materials/MaterialLayers/T_ML_FineRubber.uasset" 108
"../../../UnrealGameJam/Content/FirstPerson/FPWeapon/Mesh/SK_FPGun_PhysicsAsset.uasset" 109
"../../../Engine/Content/MobileResources/T_MobileMenu2.uasset" 110
"../../../Engine/Content/EditorResources/AudioIcons/S_AudioComponent.uasset" 111
"../../../Engine/Content/EditorResources/AudioIcons/S_AudioComponent_AutoActivate.uasset" 112
"../../../Engine/Content/EditorResources/EmptyActor.uasset" 113
"../../../Engine/Content/MobileResources/HUD/MobileHUDButton2_on.uasset" 114
"../../../Engine/Content/MobileResources/HUD/T_Castle_ThumbstickOutter.uasset" 115
"../../../UnrealGameJam/Content/ArenaMap/Assets/Audio/Dialogue/Game_Over.uasset" 116
"../../../UnrealGameJam/Content/ArenaMap/Assets/Audio/Dialogue/Triple_kill.uasset" 117
"../../../UnrealGameJam/Content/FirstPerson/Audio/FirstPersonTemplateWeaponFire02.uasset" 118
"../../../UnrealGameJam/Content/ArenaMap/Assets/Audio/Dialogue/Double_kill.uasset" 119
"../../../UnrealGameJam/Content/StarterContent/Materials/M_Basic_Wall.uasset" 120
"../../../UnrealGameJam/Content/StarterContent/Shapes/Shape_Cone.uasset" 121
"../../../UnrealGameJam/Content/StarterContent/Shapes/Shape_Cylinder.uasset" 122
"../../../UnrealGameJam/Content/StarterContent/Shapes/Shape_NarrowCapsule.uasset" 123
"../../../UnrealGameJam/Content/StarterContent/Shapes/Shape_Pipe.uasset" 124
"../../../UnrealGameJam/Content/StarterContent/Shapes/Shape_Pipe_180.uasset" 125
"../../../UnrealGameJam/Content/StarterContent/Shapes/Shape_Pipe_90.uasset" 126
"../../../UnrealGameJam/Content/StarterContent/Shapes/Shape_Plane.uasset" 127
"../../../UnrealGameJam/Content/StarterContent/Shapes/Shape_Torus.uasset" 128
"../../../UnrealGameJam/Content/StarterContent/Shapes/Shape_Trim.uasset" 129
"../../../UnrealGameJam/Content/StarterContent/Shapes/Shape_Trim_90_In.uasset" 130
"../../../UnrealGameJam/Content/StarterContent/Shapes/Shape_Trim_90_Out.uasset" 131
"../../../UnrealGameJam/Content/StarterContent/Shapes/Shape_TriPyramid.uasset" 132
"../../../UnrealGameJam/Content/StarterContent/Shapes/Shape_Tube.uasset" 133
"../../../UnrealGameJam/Content/StarterContent/Shapes/Shape_Wedge_A.uasset" 134
"../../../Engine/Content/EngineMaterials/WorldGridMaterial.uasset" 135
"../../../UnrealGameJam/Content/ArenaMap/Assets/Asset/Pyramid.uasset" 136
"../../../UnrealGameJam/Content/ArenaMap/Assets/UI/5lozDlZ.uasset" 137
"../../../Engine/Content/EditorMeshes/ColorCalibrator/T_ColorGrid.uasset" 138
"../../../UnrealGameJam/Content/StarterContent/Materials/M_ColorGrid_LowSpec.uasset" 139
"../../../UnrealGameJam/Content/ArenaMap/Assets/Materials/BaseColourOne.uasset" 140
"../../../UnrealGameJam/Content/ArenaMap/Assets/Materials/BaseColourThree_Instance2.uasset" 141
"../../../Engine/Content/MobileResources/HUD/MobileHUDButtonFire.uasset" 142
"../../../Engine/Content/MobileResources/HUD/MobileHUDDirectionPad2.uasset" 143
"../../../UnrealGameJam/Content/ArenaMap/Assets/UI/Vaporise_Logo_Text_Fragmented.uasset" 144
"../../../Engine/Content/MobileResources/HUD/T_Castle_ThumbstickInner.uasset" 145
"../../../Engine/Content/MobileResources/T_MobileControls_texture.uasset" 146
"../../../UnrealGameJam/Content/ArenaMap/Assets/Materials/BaseColourTwo_Instance.uasset" 147
"../../../UnrealGameJam/Content/ArenaMap/Assets/Materials/BaseColourTwo_Instance2.uasset" 148
"../../../UnrealGameJam/Content/ArenaMap/Assets/ParticlEffects/TriangleParticleModel3.uasset" 149
"../../../UnrealGameJam/Content/ArenaMap/Assets/ParticlEffects/TriangleParticle4.uasset" 150
"../../../UnrealGameJam/Content/ArenaMap/Assets/ParticlEffects/Mat_Beam.uasset" 151
"../../../UnrealGameJam/Content/ArenaMap/Assets/ParticlEffects/P_Beam.uasset" 152
"../../../Engine/Content/MobileResources/HUD/AnalogHat.uasset" 153
"../../../UnrealGameJam/Content/StarterContent/Shapes/Shape_Wedge_B.uasset" 154
"../../../Engine/Content/MobileResources/HUD/MobileHUDButton1_off.uasset" 155
"../../../Engine/Content/MobileResources/HUD/VirtualJoystick_Background.uasset" 156
"../../../Engine/Content/MobileResources/HUD/VirtualJoystick_Thumb.uasset" 157
"../../../Engine/Content/MobileResources/HUD/LeftVirtualJoystickOnly.uasset" 158
"../../../Engine/Content/MobileResources/HUD/DefaultVirtualJoysticks.uasset" 159
"../../../UnrealGameJam/Content/FirstPerson/FPWeapon/Materials/MaterialLayers/ML_Plastic_Shiny_Beige_LOGO.uasset" 160
"../../../Engine/Content/MobileResources/HUD/MobileHUDDirectionStick.uasset" 161
"../../../Engine/Content/MobileResources/HUD/MobileHUDDirectionPad3.uasset" 162
"../../../UnrealGameJam/Content/ArenaMap/Assets/UI/maxresdefault__1_.uasset" 163
"../../../Engine/Content/EditorResources/LightIcons/S_LightError.uasset" 164
"../../../Engine/Content/MobileResources/HUD/MobileHUDDirectionPad.uasset" 165
"../../../Engine/Content/MobileResources/HUD/MobileHUDButton1_on.uasset" 166
"../../../UnrealGameJam/Content/ArenaMap/Assets/UI/maxresdefault.uasset" 167
"../../../Engine/Content/MobileResources/HUD/MobileHUDButton3.uasset" 168
"../../../UnrealGameJam/Content/ArenaMap/Assets/UI/transparent_camera_display_overlay___free_png_by_anustoertchen-d9vrdlj.uasset" 169
"../../../UnrealGameJam/Content/StarterContent/Shapes/Shape_WideCapsule.uasset" 170
"../../../Engine/Content/BasicShapes/Cone.uasset" 171
"../../../Engine/Content/BasicShapes/Cube.uasset" 172
"../../../Engine/Content/BasicShapes/Cylinder.uasset" 173
"../../../Engine/Content/BasicShapes/Sphere.uasset" 174
"../../../Engine/Content/EditorMaterials/PhAT_JointLimitMaterial.uasset" 175
"../../../Engine/Content/EditorMaterials/PreviewShadowIndicator.uasset" 176
"../../../Engine/Content/EditorMaterials/PreviewShadowIndicatorMaterial.uasset" 177
"../../../Engine/Content/EditorResources/BSPVertex.uasset" 178
"../../../Engine/Content/EngineDebugMaterials/HeatmapGradient.uasset" 179
"../../../Engine/Content/EngineDebugMaterials/BoneWeightMaterial.uasset" 180
"../../../Engine/Content/EngineDebugMaterials/GeomMaterial.uasset" 181
"../../../Engine/Content/EngineMaterials/EditorBrushMaterial.uasset" 182
"../../../Engine/Content/EngineMeshes/Cube.uasset" 183
"../../../Engine/Content/Tutorial/Basics/TutorialAssets/icon_tab_Levels_40x.uasset" 184
"../../../Engine/Content/Tutorial/BlueprintTutorials/TutorialAssets/BlueprintInterface_64x.uasset" 185
"../../../Engine/Content/Tutorial/BlueprintTutorials/TutorialAssets/BlueprintMacroLibrary_64x.uasset" 186
"../../../Engine/Content/Tutorial/BlueprintTutorials/TutorialAssets/Tutorial_BP_Interface.uasset" 187
"../../../Engine/Content/Tutorial/Foliage/TutorialAssets/Foliage.uasset" 188
"../../../Engine/Content/Tutorial/Landscape/TutorialAssets/Landscape.uasset" 189
"../../../Engine/Content/Tutorial/Paper2D/TutorialAssets/Paper2DFlipbook_TutorialIcon.uasset" 190
"../../../Engine/Content/Tutorial/Paper2D/TutorialAssets/Paper2DSprite_TutorialIcon.uasset" 191
"../../../Engine/Content/Tutorial/SubEditors/TutorialAssets/icon_Editor_Preferences_General_40x.uasset" 192
"../../../Engine/Content/Tutorial/SubEditors/TutorialAssets/icon_ShowSkeletalMeshes_40x.uasset" 193
"../../../Engine/Content/Tutorial/SubEditors/TutorialAssets/TutorialMaterial.uasset" 194
"../../../Engine/Content/Tutorial/SubEditors/TutorialAssets/T_SmokeSubUV_8X8.uasset" 195
"../../../Engine/Content/Tutorial/SubEditors/TutorialAssets/T_soft_smoke.uasset" 196
"../../../Engine/Content/Tutorial/SubEditors/TutorialAssets/M_smoke_subUV_blackbody.uasset" 197
"../../../Engine/Content/Tutorial/SubEditors/TutorialAssets/TutorialParticleSystem.uasset" 198
"../../../Engine/Content/EditorMeshes/EditorCube.uasset" 199
"../../../Engine/Content/Tutorial/SubEditors/TutorialAssets/Tutorial_DM.uasset" 200
"../../../UnrealGameJam/Content/AnimStarterPack/UE4_Mannequin/Mesh/UE4_Mannequin_Skeleton.uasset" 201
"../../../UnrealGameJam/Content/AnimStarterPack/Aim_Space_Hip.uasset" 202
"../../../UnrealGameJam/Content/AnimStarterPack/Aim_Space_Ironsights.uasset" 203
"../../../UnrealGameJam/Content/AnimStarterPack/Crouch_to_Stand_Rifle_Hip.uasset" 204
"../../../UnrealGameJam/Content/AnimStarterPack/Crouch_to_Stand_Rifle_Ironsights.uasset" 205
"../../../UnrealGameJam/Content/AnimStarterPack/Crouch_Walk_Bwd_Rifle_Ironsights.uasset" 206
"../../../UnrealGameJam/Content/AnimStarterPack/Crouch_Walk_Lt_Rifle_Ironsights.uasset" 207
"../../../UnrealGameJam/Content/AnimStarterPack/Crouch_Walk_Rt_Rifle_Ironsights.uasset" 208
"../../../UnrealGameJam/Content/AnimStarterPack/Death_1.uasset" 209
"../../../UnrealGameJam/Content/AnimStarterPack/Death_2.uasset" 210
"../../../UnrealGameJam/Content/AnimStarterPack/Death_3.uasset" 211
"../../../UnrealGameJam/Content/AnimStarterPack/Death_Ironsights_1.uasset" 212
"../../../UnrealGameJam/Content/AnimStarterPack/Death_Ironsights_2.uasset" 213
"../../../UnrealGameJam/Content/AnimStarterPack/Equip_Rifle_Standing.uasset" 214
"../../../UnrealGameJam/Content/AnimStarterPack/Fire_Rifle_Hip.uasset" 215
"../../../UnrealGameJam/Content/AnimStarterPack/Fire_Shotgun_Hip.uasset" 216
"../../../UnrealGameJam/Content/AnimStarterPack/Fire_Shotgun_Ironsights.uasset" 217
"../../../UnrealGameJam/Content/AnimStarterPack/Hit_React_4.uasset" 218
"../../../UnrealGameJam/Content/AnimStarterPack/Idle_Pistol.uasset" 219
"../../../UnrealGameJam/Content/AnimStarterPack/Idle_Rifle_Ironsights.uasset" 220
"../../../UnrealGameJam/Content/AnimStarterPack/Jump_From_Stand_Ironsights.uasset" 221
"../../../UnrealGameJam/Content/AnimStarterPack/Prone_Death_1.uasset" 222
"../../../UnrealGameJam/Content/AnimStarterPack/Prone_Death_2.uasset" 223
"../../../UnrealGameJam/Content/AnimStarterPack/Prone_Fire_1.uasset" 224
"../../../UnrealGameJam/Content/AnimStarterPack/Prone_Fire_2.uasset" 225
"../../../UnrealGameJam/Content/AnimStarterPack/Prone_Idle.uasset" 226
"../../../UnrealGameJam/Content/AnimStarterPack/Prone_Reload_Rifle.uasset" 227
"../../../UnrealGameJam/Content/AnimStarterPack/Prone_Reload_Shotgun.uasset" 228
"../../../UnrealGameJam/Content/AnimStarterPack/Prone_To_Stand.uasset" 229
"../../../UnrealGameJam/Content/AnimStarterPack/Reload_Pistol.uasset" 230
"../../../UnrealGameJam/Content/AnimStarterPack/Reload_Rifle_Ironsights.uasset" 231
"../../../UnrealGameJam/Content/AnimStarterPack/Reload_Shotgun_Hip.uasset" 232
"../../../UnrealGameJam/Content/AnimStarterPack/Reload_Shotgun_Ironsights.uasset" 233
"../../../UnrealGameJam/Content/AnimStarterPack/Sprint_Fwd_Rifle.uasset" 234
"../../../UnrealGameJam/Content/AnimStarterPack/Stand_to_Crouch_Rifle_Hip.uasset" 235
"../../../UnrealGameJam/Content/AnimStarterPack/Stand_to_Crouch_Rifle_Ironsights.uasset" 236
"../../../UnrealGameJam/Content/AnimStarterPack/Stand_To_Prone.uasset" 237
"../../../UnrealGameJam/Content/AnimStarterPack/Walk_Bwd_Rifle_Ironsights.uasset" 238
"../../../UnrealGameJam/Content/AnimStarterPack/Walk_Lt_Rifle_Ironsights.uasset" 239
"../../../UnrealGameJam/Content/AnimStarterPack/Walk_Rt_Rifle_Ironsights.uasset" 240
"../../../UnrealGameJam/Content/ArenaMap/Assets/Floor.uasset" 241
"../../../UnrealGameJam/Content/ArenaMap/Assets/Asset/FloorCentre.uasset" 242
"../../../UnrealGameJam/Content/ArenaMap/Assets/Asset/FloorDefault.uasset" 243
"../../../UnrealGameJam/Content/ArenaMap/Assets/Asset/pillar2.uasset" 244
"../../../UnrealGameJam/Content/ArenaMap/Assets/Asset/Sphere.uasset" 245
"../../../UnrealGameJam/Content/ArenaMap/Assets/Asset/Stairs_Arch.uasset" 246
"../../../UnrealGameJam/Content/ArenaMap/Assets/Asset/Stairs_Arch_Lights.uasset" 247
"../../../UnrealGameJam/Content/ArenaMap/Assets/Asset/TriangleClusterOne.uasset" 248
"../../../UnrealGameJam/Content/ArenaMap/Assets/Asset/wall_indent_test.uasset" 249
"../../../UnrealGameJam/Content/ArenaMap/Assets/Asset/Decorations/HexagonDecoration.uasset" 250
"../../../UnrealGameJam/Content/ArenaMap/Assets/Asset/Decorations/HexagonDecoration_NoBack.uasset" 251
"../../../UnrealGameJam/Content/ArenaMap/Assets/Asset/Decorations/HexagonDecoration_Preset1.uasset" 252
"../../../UnrealGameJam/Content/ArenaMap/Assets/Asset/Decorations/HexagonDecoration_Preset3.uasset" 253
"../../../UnrealGameJam/Content/ArenaMap/Assets/Asset/Decorations/HexagonDecoration_RobotFace.uasset" 254
"../../../UnrealGameJam/Content/ArenaMap/Assets/Asset/Decorations/LightBoxDecoration_Simple.uasset" 255
"../../../UnrealGameJam/Content/ArenaMap/Assets/Asset/Decorations/NeonPoleDecoration_Large.uasset" 256
"../../../UnrealGameJam/Content/ArenaMap/Assets/Asset/Decorations/NeonPoleDecoration_Medium.uasset" 257
"../../../UnrealGameJam/Content/ArenaMap/Assets/Asset/Decorations/NeonPoleDecoration_Small.uasset" 258
"../../../UnrealGameJam/Content/ArenaMap/Assets/Asset/Decorations/SquareTileDecoration_Large.uasset" 259
"../../../UnrealGameJam/Content/ArenaMap/Assets/Asset/Decorations/SquareTileDecoration_Small.uasset" 260
"../../../UnrealGameJam/Content/ArenaMap/Assets/Asset/Decorations/WallDecorationCheckered_Broken.uasset" 261
"../../../UnrealGameJam/Content/ArenaMap/Assets/Asset/Decorations/WallDecorationCheckered_Default.uasset" 262
"../../../UnrealGameJam/Content/Mannequin/Character/Mesh/UE4_Mannequin_Skeleton.uasset" 263
"../../../UnrealGameJam/Content/Mannequin/Animations/ThirdPerson_Jump.uasset" 264
"../../../UnrealGameJam/Content/Mannequin/Animations/ThirdPersonJump_Loop.uasset" 265
"../../../UnrealGameJam/Content/Mannequin/Animations/ThirdPersonJump_Start.uasset" 266
"../../../UnrealGameJam/Content/Mannequin/Animations/ThirdPersonIdle.uasset" 267
"../../../UnrealGameJam/Content/Mannequin/Animations/ThirdPersonRun.uasset" 268
"../../../UnrealGameJam/Content/Mannequin/Animations/ThirdPersonWalk.uasset" 269
"../../../UnrealGameJam/Content/Mannequin/Animations/ThirdPerson_IdleRun_2D.uasset" 270
"../../../Engine/Content/EditorBlueprintResources/StandardMacros.uasset" 271
"../../../UnrealGameJam/Content/Mannequin/Animations/ThirdPerson_AnimBP.uasset" 272
"../../../UnrealGameJam/Content/FirstPersonBP/ProjectileMatte.uasset" 273
"../../../Engine/Content/Functions/Engine_MaterialFunctions02/Utility/BlendAngleCorrectedNormals.uasset" 274
"../../../Engine/Content/Functions/MaterialLayerFunctions/MatLayerBlend_NormalBlend.uasset" 275
"../../../Engine/Content/Functions/MaterialLayerFunctions/MatLayerBlend_Simple.uasset" 276
"../../../UnrealGameJam/Content/Mannequin/Character/Materials/MaterialLayers/T_ML_Rubber_Blue_01_D.uasset" 277
"../../../UnrealGameJam/Content/Mannequin/Character/Materials/MaterialLayers/T_ML_Rubber_Blue_01_N.uasset" 278
"../../../UnrealGameJam/Content/Mannequin/Character/Materials/MaterialLayers/ML_GlossyBlack_Latex_UE4.uasset" 279
"../../../UnrealGameJam/Content/Mannequin/Character/Materials/MaterialLayers/ML_Plastic_Shiny_Beige.uasset" 280
"../../../UnrealGameJam/Content/Mannequin/Character/Textures/UE4_LOGO_CARD.uasset" 281
"../../../UnrealGameJam/Content/Mannequin/Character/Materials/MaterialLayers/ML_Plastic_Shiny_Beige_LOGO.uasset" 282
"../../../UnrealGameJam/Content/Mannequin/Character/Materials/MaterialLayers/T_ML_Aluminum01.uasset" 283
"../../../UnrealGameJam/Content/Mannequin/Character/Materials/MaterialLayers/T_ML_Aluminum01_N.uasset" 284
"../../../UnrealGameJam/Content/Mannequin/Character/Materials/MaterialLayers/ML_SoftMetal_UE4.uasset" 285
"../../../UnrealGameJam/Content/Mannequin/Character/Textures/UE4_Mannequin__normals.uasset" 286
"../../../UnrealGameJam/Content/Mannequin/Character/Textures/UE4_Mannequin_MAT_MASKA.uasset" 287
"../../../UnrealGameJam/Content/Mannequin/Character/Materials/M_UE4Man_Body.uasset" 288
"../../../UnrealGameJam/Content/Mannequin/Character/Textures/UE4Man_Logo_N.uasset" 289
"../../../UnrealGameJam/Content/Mannequin/Character/Materials/M_UE4Man_ChestLogo.uasset" 290
"../../../UnrealGameJam/Content/Mannequin/Character/Mesh/SK_Mannequin_PhysicsAsset.uasset" 291
"../../../UnrealGameJam/Content/Mannequin/Character/Mesh/SK_Mannequin.uasset" 292
"../../../UnrealGameJam/Content/FirstPersonBP/Blueprints/AIController.uasset" 293
"../../../UnrealGameJam/Content/FirstPersonBP/Blueprints/PlayerControllerNumber.uasset" 294
"../../../UnrealGameJam/Content/Geometry/Meshes/CubeMaterial.uasset" 295
"../../../UnrealGameJam/Content/Geometry/Meshes/1M_Cube_Chamfer.uasset" 296
"../../../UnrealGameJam/Content/Geometry/Meshes/TemplateFloor.uasset" 297
"../../../UnrealGameJam/Content/Mannequin/Animations/ThirdPersonJump_End.uasset" 298
"../../../UnrealGameJam/Content/StarterContent/Architecture/Pillar_50x500.uasset" 299
"../../../UnrealGameJam/Content/StarterContent/Architecture/Wall_400x300.uasset" 300
"../../../UnrealGameJam/Content/StarterContent/Architecture/Wall_400x400.uasset" 301
"../../../UnrealGameJam/Content/StarterContent/Architecture/Wall_500x500.uasset" 302
"../../../UnrealGameJam/Content/StarterContent/Architecture/Wall_Door_400x400.uasset" 303
"../../../UnrealGameJam/Content/StarterContent/Architecture/Wall_Window_400x400.uasset" 304
"../../../UnrealGameJam/Content/StarterContent/Audio/Light01_Cue.uasset" 305
"../../../UnrealGameJam/Content/StarterContent/Audio/Light02_Cue.uasset" 306
"../../../UnrealGameJam/Content/StarterContent/Audio/Explosion_Cue.uasset" 307
"../../../UnrealGameJam/Content/StarterContent/Textures/T_Burst_M.uasset" 308
"../../../UnrealGameJam/Content/StarterContent/Particles/Materials/M_Burst.uasset" 309
"../../../UnrealGameJam/Content/StarterContent/Textures/T_Explosion_SubUV.uasset" 310
"../../../UnrealGameJam/Content/StarterContent/Particles/Materials/M_explosion_subUV.uasset" 311
"../../../UnrealGameJam/Content/StarterContent/Particles/Materials/m_flare_01.uasset" 312
"../../../Engine/Content/Functions/Engine_MaterialFunctions01/Gradient/RadialGradient.uasset" 313
"../../../UnrealGameJam/Content/StarterContent/Particles/Materials/M_radial_ramp.uasset" 314
"../../../UnrealGameJam/Content/StarterContent/Textures/T_Smoke_SubUV.uasset" 315
"../../../UnrealGameJam/Content/StarterContent/Textures/T_Smoke_Tiled_D.uasset" 316
"../../../UnrealGameJam/Content/StarterContent/Particles/Materials/M_smoke_subUV.uasset" 317
"../../../UnrealGameJam/Content/StarterContent/Particles/P_Explosion.uasset" 318
"../../../UnrealGameJam/Content/StarterContent/Blueprints/Blueprint_Effect_Explosion.uasset" 319
"../../../UnrealGameJam/Content/StarterContent/Textures/T_Bush_D.uasset" 320
"../../../UnrealGameJam/Content/StarterContent/Textures/T_Bush_N.uasset" 321
"../../../UnrealGameJam/Content/StarterContent/Props/Materials/M_Bush.uasset" 322
"../../../UnrealGameJam/Content/StarterContent/Props/SM_Bush.uasset" 323
"../../../UnrealGameJam/Content/StarterContent/Textures/T_Chair_M.uasset" 324
"../../../UnrealGameJam/Content/StarterContent/Textures/T_Chair_N.uasset" 325
"../../../UnrealGameJam/Content/StarterContent/Props/Materials/M_Chair.uasset" 326
"../../../UnrealGameJam/Content/StarterContent/Props/SM_Couch.uasset" 327
"../../../UnrealGameJam/Content/StarterContent/Materials/M_Glass.uasset" 328
"../../../UnrealGameJam/Content/StarterContent/Textures/T_Door_M.uasset" 329
"../../../UnrealGameJam/Content/StarterContent/Textures/T_Door_N.uasset" 330
"../../../UnrealGameJam/Content/StarterContent/Props/Materials/M_Door.uasset" 331
"../../../UnrealGameJam/Content/StarterContent/Props/SM_Door.uasset" 332
"../../../UnrealGameJam/Content/StarterContent/Props/Materials/M_MaterialSphere.uasset" 333
"../../../UnrealGameJam/Content/StarterContent/Props/Materials/M_MaterialSphere_Plain.uasset" 334
"../../../UnrealGameJam/Content/StarterContent/Props/SM_MatPreviewMesh_02.uasset" 335
"../../../UnrealGameJam/Content/StarterContent/Textures/T_Detail_Rocky_N.uasset" 336
"../../../UnrealGameJam/Content/StarterContent/Textures/T_Rock_Basalt_D.uasset" 337
"../../../UnrealGameJam/Content/StarterContent/Textures/T_RockMesh_M.uasset" 338
"../../../UnrealGameJam/Content/StarterContent/Textures/T_RockMesh_N.uasset" 339
"../../../UnrealGameJam/Content/StarterContent/Props/Materials/M_Rock.uasset" 340
"../../../UnrealGameJam/Content/StarterContent/Props/SM_Rock.uasset" 341
"../../../UnrealGameJam/Content/StarterContent/Textures/T_Shelf_M.uasset" 342
"../../../UnrealGameJam/Content/StarterContent/Textures/T_Shelf_N.uasset" 343
"../../../UnrealGameJam/Content/StarterContent/Props/Materials/M_Shelf.uasset" 344
"../../../UnrealGameJam/Content/StarterContent/Props/SM_Shelf.uasset" 345
"../../../UnrealGameJam/Content/StarterContent/Materials/M_Basic_Floor.uasset" 346
"../../../UnrealGameJam/Content/StarterContent/Props/SM_Stairs.uasset" 347
"../../../UnrealGameJam/Content/FirstPerson/Character/Mesh/SK_Mannequin_Arms_Skeleton.uasset" 348
"../../../UnrealGameJam/Content/FirstPerson/Animations/FirstPerson_Idle.uasset" 349
"../../../UnrealGameJam/Content/FirstPerson/Animations/FirstPerson_JumpEnd.uasset" 350
"../../../UnrealGameJam/Content/FirstPerson/Animations/FirstPerson_JumpLoop.uasset" 351
"../../../UnrealGameJam/Content/FirstPerson/Animations/FirstPerson_JumpStart.uasset" 352
"../../../UnrealGameJam/Content/FirstPerson/Animations/FirstPerson_Run.uasset" 353
"../../../UnrealGameJam/Content/FirstPerson/Animations/FirstPerson_AnimBP.uasset" 354
"../../../UnrealGameJam/Content/FirstPerson/Animations/FirstPerson_Fire.uasset" 355
"../../../UnrealGameJam/Content/FirstPerson/Animations/FirstPersonFire_Montage.uasset" 356
"../../../UnrealGameJam/Content/FirstPersonBP/Blueprints/iDamagable.uasset" 357
"../../../UnrealGameJam/Content/FirstPersonBP/Blueprints/iPickUp.uasset" 358
"../../../UnrealGameJam/Content/ArenaMap/Assets/Materials/BaseColourOne_Instance.uasset" 359
"../../../UnrealGameJam/Content/FirstPerson/Meshes/BaseMaterial.uasset" 360
"../../../UnrealGameJam/Content/FirstPerson/Meshes/FirstPersonProjectileMaterial.uasset" 361
"../../../UnrealGameJam/Content/FirstPerson/Meshes/FirstPersonProjectileMesh.uasset" 362
"../../../UnrealGameJam/Content/FirstPersonBP/Blueprints/FirstPersonProjectile.uasset" 363
"../../../UnrealGameJam/Content/ArenaMap/Assets/Asset/HealthPickup.uasset" 364
"../../../UnrealGameJam/Content/ArenaMap/Assets/Audio/Dialogue/SICK.uasset" 365
"../../../UnrealGameJam/Content/FirstPersonBP/Blueprints/PickUpHealth.uasset" 366
"../../../UnrealGameJam/Content/ArenaMap/Assets/Asset/Arrows.uasset" 367
"../../../UnrealGameJam/Content/ArenaMap/Assets/Audio/Dialogue/Tubular.uasset" 368
"../../../UnrealGameJam/Content/FirstPersonBP/Blueprints/PickUpSprint.uasset" 369
"../../../UnrealGameJam/Content/ArenaMap/Assets/Materials/FloorTest.uasset" 370
"../../../UnrealGameJam/Content/ArenaMap/Assets/Materials/FloorTest_Inst.uasset" 371
"../../../UnrealGameJam/Content/ArenaMap/Assets/Asset/Rifle_AddedEmissive_PhysicsAsset.uasset" 372
"../../../UnrealGameJam/Content/FirstPerson/FPWeapon/Mesh/SK_FPGun_Skeleton.uasset" 373
"../../../UnrealGameJam/Content/ArenaMap/Assets/Asset/Rifle_AddedEmissive.uasset" 374
"../../../UnrealGameJam/Content/ArenaMap/Assets/Audio/JumpPadAudio.uasset" 375
"../../../UnrealGameJam/Content/ArenaMap/Assets/Audio/LaserGunAudio.uasset" 376
"../../../UnrealGameJam/Content/ArenaMap/Assets/ParticlEffects/Orb2.uasset" 377
"../../../UnrealGameJam/Content/FirstPerson/Character/Materials/MaterialLayers/T_ML_Rubber_Blue_01_D.uasset" 378
"../../../UnrealGameJam/Content/FirstPerson/Character/Materials/MaterialLayers/T_ML_Rubber_Blue_01_N.uasset" 379
"../../../UnrealGameJam/Content/FirstPerson/Character/Materials/MaterialLayers/ML_GlossyBlack_Latex_UE4.uasset" 380
"../../../UnrealGameJam/Content/FirstPerson/Character/Materials/MaterialLayers/ML_Plastic_Shiny_Beige.uasset" 381
"../../../UnrealGameJam/Content/FirstPerson/Character/Textures/UE4_LOGO_CARD.uasset" 382
"../../../UnrealGameJam/Content/FirstPerson/Character/Materials/MaterialLayers/ML_Plastic_Shiny_Beige_LOGO.uasset" 383
"../../../UnrealGameJam/Content/FirstPerson/Character/Materials/MaterialLayers/T_ML_Aluminum01.uasset" 384
"../../../UnrealGameJam/Content/FirstPerson/Character/Materials/MaterialLayers/T_ML_Aluminum01_N.uasset" 385
"../../../UnrealGameJam/Content/FirstPerson/Character/Materials/MaterialLayers/ML_SoftMetal_UE4.uasset" 386
"../../../UnrealGameJam/Content/FirstPerson/Character/Textures/UE4_Mannequin__normals.uasset" 387
"../../../UnrealGameJam/Content/FirstPerson/Character/Textures/UE4_Mannequin_MAT_MASKA.uasset" 388
"../../../UnrealGameJam/Content/FirstPerson/Character/Materials/M_UE4Man_Body.uasset" 389
"../../../UnrealGameJam/Content/FirstPerson/Character/Mesh/SK_Mannequin_Arms_PhysicsAsset.uasset" 390
"../../../UnrealGameJam/Content/FirstPerson/Character/Mesh/SK_Mannequin_Arms.uasset" 391
"../../../UnrealGameJam/Content/FirstPerson/FPWeapon/Materials/MaterialLayers/T_ML_Rubber_Blue_01_D.uasset" 392
"../../../UnrealGameJam/Content/FirstPerson/FPWeapon/Materials/MaterialLayers/T_ML_Rubber_Blue_01_N.uasset" 393
"../../../UnrealGameJam/Content/FirstPerson/FPWeapon/Materials/MaterialLayers/ML_GlossyBlack_Latex_UE4.uasset" 394
"../../../UnrealGameJam/Content/FirstPerson/FPWeapon/Materials/MaterialLayers/ML_Plastic_Shiny_Beige.uasset" 395
"../../../UnrealGameJam/Content/FirstPerson/FPWeapon/Materials/MaterialLayers/ML_Screen.uasset" 396
"../../../UnrealGameJam/Content/FirstPerson/FPWeapon/Materials/MaterialLayers/T_ML_Aluminum01.uasset" 397
"../../../UnrealGameJam/Content/FirstPerson/FPWeapon/Materials/MaterialLayers/T_ML_Aluminum01_N.uasset" 398
"../../../UnrealGameJam/Content/FirstPerson/FPWeapon/Materials/MaterialLayers/ML_SoftMetal_UE4.uasset" 399
"../../../UnrealGameJam/Content/FirstPerson/FPWeapon/Textures/T_FPGun_M.uasset" 400
"../../../UnrealGameJam/Content/FirstPerson/FPWeapon/Textures/T_FPGun_N.uasset" 401
"../../../UnrealGameJam/Content/FirstPerson/FPWeapon/Materials/M_FPGun.uasset" 402
"../../../UnrealGameJam/Content/FirstPerson/FPWeapon/Mesh/SK_FPGun.uasset" 403
"../../../UnrealGameJam/Content/FirstPersonBP/Blueprints/FirstPersonCharacter.uasset" 404
"../../../Engine/Content/EngineSky/C_Sky_Cloud_Color.uasset" 405
"../../../Engine/Content/EngineSky/C_Sky_Horizon_Color.uasset" 406
"../../../Engine/Content/EngineSky/C_Sky_Zenith_Color.uasset" 407
"../../../Engine/Content/EngineSky/T_Sky_Blue.uasset" 408
"../../../Engine/Content/EngineSky/T_Sky_Clouds_M.uasset" 409
"../../../Engine/Content/EngineSky/T_Sky_Stars.uasset" 410
"../../../Engine/Content/EngineSky/M_Sky_Panning_Clouds2.uasset" 411
"../../../Engine/Content/EngineSky/SM_SkySphere.uasset" 412
"../../../Engine/Content/EngineSky/BP_Sky_Sphere.uasset" 413
"../../../UnrealGameJam/Content/ArenaMap/Assets/Materials/BaseColourFive_Instance.uasset" 414
"../../../UnrealGameJam/Content/ArenaMap/Assets/Asset/FloorExtended.uasset" 415
"../../../UnrealGameJam/Content/ArenaMap/Blueprints/FloorExtendedBP.uasset" 416
"../../../UnrealGameJam/Content/ArenaMap/Assets/Asset/JumpPad.uasset" 417
"../../../UnrealGameJam/Content/ArenaMap/Blueprints/JumpPad.uasset" 418
"../../../UnrealGameJam/Content/ArenaMap/Blueprints/JumpPad2.uasset" 419
"../../../UnrealGameJam/Content/ArenaMap/Assets/Asset/PlatformCircle.uasset" 420
"../../../UnrealGameJam/Content/ArenaMap/Blueprints/PlatformCircleBP.uasset" 421
"../../../UnrealGameJam/Content/ArenaMap/Assets/Asset/TriangleClusterTwo2.uasset" 422
"../../../UnrealGameJam/Content/ArenaMap/Blueprints/RotatingCluster.uasset" 423
"../../../UnrealGameJam/Content/ArenaMap/Assets/Materials/BaseColourThree_Instance.uasset" 424
"../../../UnrealGameJam/Content/ArenaMap/Blueprints/RotatingCluster2.uasset" 425
"../../../UnrealGameJam/Content/ArenaMap/Blueprints/RotatingCluster3.uasset" 426
"../../../UnrealGameJam/Content/StarterContent/Particles/P_Explosion2.uasset" 427
"../../../UnrealGameJam/Content/FirstPersonBP/Blueprints/AICharacter.uasset" 428
"../../../UnrealGameJam/Content/FirstPersonBP/Blueprints/EnemySpawner.uasset" 429
"../../../UnrealGameJam/Content/FirstPerson/Textures/FirstPersonCrosshair.uasset" 430
"../../../UnrealGameJam/Content/FirstPersonBP/Blueprints/FirstPersonHUD.uasset" 431
"../../../UnrealGameJam/Content/FirstPersonBP/Blueprints/FirstPersonGameMode.uasset" 432
"../../../UnrealGameJam/Content/ArenaMap/Assets/Materials/BaseColourFour_Instance.uasset" 433
"../../../UnrealGameJam/Content/ArenaMap/Assets/Asset/Cube.uasset" 434
"../../../UnrealGameJam/Content/ArenaMap/Assets/Asset/Decorations/HexagonDecoration_Preset2.uasset" 435
"../../../UnrealGameJam/Content/ArenaMap/Assets/Asset/Decorations/LightBoxDecoration_Complex.uasset" 436
"../../../UnrealGameJam/Content/ArenaMap/Assets/Asset/Gate.uasset" 437
"../../../UnrealGameJam/Content/ArenaMap/Assets/Asset/pillar1.uasset" 438
"../../../UnrealGameJam/Content/ArenaMap/Assets/Asset/ramp.uasset" 439
"../../../UnrealGameJam/Content/ArenaMap/Assets/Asset/SM_MERGED_TriangleClusterTwo47.uasset" 440
"../../../UnrealGameJam/Content/ArenaMap/Assets/Asset/TriangleClusterTwo.uasset" 441
"../../../UnrealGameJam/Content/ArenaMap/Assets/Asset/Wall.uasset" 442
"../../../UnrealGameJam/Content/ArenaMap/Assets/Asset/Wall_corner.uasset" 443
"../../../UnrealGameJam/Content/ArenaMap/Assets/Audio/Dialogue/Airbourne.uasset" 444
"../../../UnrealGameJam/Content/ArenaMap/Assets/Audio/Dialogue/countdown5_-_lowest.uasset" 445
"../../../UnrealGameJam/Content/ArenaMap/Assets/Audio/Dialogue/get_ready_-_lowest.uasset" 446
"../../../UnrealGameJam/Content/ArenaMap/Assets/Audio/Dialogue/Radical_.uasset" 447
"../../../UnrealGameJam/Content/ArenaMap/Assets/Audio/SoundtrackNew.uasset" 448
"../../../UnrealGameJam/Content/ArenaMap/Assets/ParticlEffects/Orb.uasset" 449
"../../../UnrealGameJam/Content/ArenaMap/Assets/ParticlEffects/TriangleParticleModel.uasset" 450
"../../../UnrealGameJam/Content/ArenaMap/Assets/ParticlEffects/TriangleParticle.uasset" 451
"../../../UnrealGameJam/Content/ArenaMap/Assets/ParticlEffects/TriangleParticleModel2.uasset" 452
"../../../UnrealGameJam/Content/ArenaMap/Assets/ParticlEffects/TriangleParticle2.uasset" 453
"../../../UnrealGameJam/Content/ArenaMap/Assets/ParticlEffects/TriangleParticle3.uasset" 454
"../../../UnrealGameJam/Content/ArenaMap/Assets/SM_MERGED_Sphere7.uasset" 455
"../../../UnrealGameJam/Content/ArenaMap/Assets/UI/439635251_1280x720.uasset" 456
"../../../UnrealGameJam/Content/ArenaMap/Assets/UI/NewWidgetBlueprint.uasset" 457
"../../../UnrealGameJam/Content/ArenaMap/Assets/UI/PauseMenu/Paused.uasset" 458
"../../../UnrealGameJam/Content/ArenaMap/Assets/UI/PauseMenu/Resume.uasset" 459
"../../../UnrealGameJam/Content/ArenaMap/Assets/UI/Quit.uasset" 460
"../../../UnrealGameJam/Content/ArenaMap/Assets/UI/PauseMenu/PauseMenu.uasset" 461
"../../../UnrealGameJam/Content/ArenaMap/VisualEffects/Color_LUT_Collection/Polaroid.uasset" 462
"../../../UnrealGameJam/Content/StarterContent/Textures/T_Dust_Particle_D.uasset" 463
"../../../UnrealGameJam/Content/StarterContent/Particles/Materials/M_Dust_Particle.uasset" 464
"../../../UnrealGameJam/Content/StarterContent/Particles/P_Ambient_Dust.uasset" 465
"../../../UnrealGameJam/Content/ArenaMap/ArenaMap.umap" 466
"../../../UnrealGameJam/Content/StarterContent/Audio/Fire01_Cue.uasset" 467
"../../../UnrealGameJam/Content/StarterContent/Textures/T_Fire_SubUV.uasset" 468
"../../../UnrealGameJam/Content/StarterContent/Textures/T_Fire_Tiled_D.uasset" 469
"../../../UnrealGameJam/Content/StarterContent/Particles/Materials/M_Fire_SubUV.uasset" 470
"../../../UnrealGameJam/Content/StarterContent/Textures/T_Water_N.uasset" 471
"../../../UnrealGameJam/Content/StarterContent/Particles/Materials/M_Heat_Distortion.uasset" 472
"../../../UnrealGameJam/Content/StarterContent/Particles/Materials/M_Radial_Gradient.uasset" 473
"../../../UnrealGameJam/Content/StarterContent/Particles/P_Fire.uasset" 474
"../../../UnrealGameJam/Content/StarterContent/Blueprints/Blueprint_Effect_Fire.uasset" 475
"../../../UnrealGameJam/Content/StarterContent/Audio/Smoke01_Cue.uasset" 476
"../../../UnrealGameJam/Content/StarterContent/Particles/P_Smoke.uasset" 477
"../../../UnrealGameJam/Content/StarterContent/Blueprints/Blueprint_Effect_Smoke.uasset" 478
"../../../UnrealGameJam/Content/StarterContent/Audio/Fire_Sparks01_Cue.uasset" 479
"../../../UnrealGameJam/Content/StarterContent/Textures/T_Spark_Core.uasset" 480
"../../../UnrealGameJam/Content/StarterContent/Particles/Materials/M_Spark.uasset" 481
"../../../UnrealGameJam/Content/StarterContent/Particles/P_Sparks.uasset" 482
"../../../UnrealGameJam/Content/StarterContent/Blueprints/Blueprint_Effect_Sparks.uasset" 483
"../../../UnrealGameJam/Content/StarterContent/Audio/Steam01_Cue.uasset" 484
"../../../UnrealGameJam/Content/StarterContent/Particles/P_Steam_Lit.uasset" 485
"../../../UnrealGameJam/Content/StarterContent/Blueprints/Blueprint_Effect_Steam.uasset" 486
"../../../UnrealGameJam/Content/StarterContent/Textures/T_Lamp_M.uasset" 487
"../../../UnrealGameJam/Content/StarterContent/Textures/T_Lamp_N.uasset" 488
"../../../UnrealGameJam/Content/StarterContent/Props/Materials/M_Lamp.uasset" 489
"../../../UnrealGameJam/Content/StarterContent/Props/SM_Lamp_Ceiling.uasset" 490
"../../../UnrealGameJam/Content/StarterContent/Blueprints/Blueprint_CeilingLight.uasset" 491
"../../../UnrealGameJam/Content/StarterContent/Props/SM_Lamp_Wall.uasset" 492
"../../../UnrealGameJam/Content/StarterContent/Blueprints/Blueprint_WallSconce.uasset" 493
"../../../Engine/Content/Functions/Engine_MaterialFunctions03/Procedurals/ComputeFilterWidth.uasset" 494
"../../../Engine/Content/EngineMaterials/AntiAliasedTextMaterialTranslucent.uasset" 495
"../../../UnrealGameJam/Content/StarterContent/Textures/T_Brick_Clay_Beveled_D.uasset" 496
"../../../UnrealGameJam/Content/StarterContent/Textures/T_Brick_Clay_Beveled_M.uasset" 497
"../../../UnrealGameJam/Content/StarterContent/Textures/T_Brick_Clay_Beveled_N.uasset" 498
"../../../UnrealGameJam/Content/StarterContent/Textures/T_MacroVariation.uasset" 499
"../../../UnrealGameJam/Content/StarterContent/Materials/M_Brick_Clay_Beveled.uasset" 500
"../../../UnrealGameJam/Content/StarterContent/Textures/T_Brick_Clay_New_D.uasset" 501
"../../../UnrealGameJam/Content/StarterContent/Textures/T_Brick_Clay_New_M.uasset" 502
"../../../UnrealGameJam/Content/StarterContent/Textures/T_Brick_Clay_New_N.uasset" 503
"../../../UnrealGameJam/Content/StarterContent/Materials/M_Brick_Clay_New.uasset" 504
"../../../UnrealGameJam/Content/StarterContent/Textures/T_Brick_Clay_Old_D.uasset" 505
"../../../UnrealGameJam/Content/StarterContent/Textures/T_Brick_Clay_Old_N.uasset" 506
"../../../UnrealGameJam/Content/StarterContent/Textures/T_Perlin_Noise_M.uasset" 507
"../../../UnrealGameJam/Content/StarterContent/Materials/M_Brick_Clay_Old.uasset" 508
"../../../UnrealGameJam/Content/StarterContent/Textures/T_Brick_Cut_Stone_D.uasset" 509
"../../../UnrealGameJam/Content/StarterContent/Textures/T_Brick_Cut_Stone_N.uasset" 510
"../../../UnrealGameJam/Content/StarterContent/Materials/M_Brick_Cut_Stone.uasset" 511
"../../../UnrealGameJam/Content/StarterContent/Textures/T_Brick_Hewn_Stone_D.uasset" 512
"../../../UnrealGameJam/Content/StarterContent/Textures/T_Brick_Hewn_Stone_M.uasset" 513
"../../../UnrealGameJam/Content/StarterContent/Textures/T_Brick_Hewn_Stone_N.uasset" 514
"../../../UnrealGameJam/Content/StarterContent/Materials/M_Brick_Hewn_Stone.uasset" 515
"../../../UnrealGameJam/Content/StarterContent/Textures/T_Ceramic_Tile_M.uasset" 516
"../../../UnrealGameJam/Content/StarterContent/Textures/T_Ceramic_Tile_N.uasset" 517
"../../../UnrealGameJam/Content/StarterContent/Textures/T_Rock_Marble_Polished_D.uasset" 518
"../../../UnrealGameJam/Content/StarterContent/Materials/M_Ceramic_Tile_Checker.uasset" 519
"../../../UnrealGameJam/Content/StarterContent/Textures/T_CobbleStone_Pebble_D.uasset" 520
"../../../UnrealGameJam/Content/StarterContent/Textures/T_CobbleStone_Pebble_M.uasset" 521
"../../../UnrealGameJam/Content/StarterContent/Textures/T_CobbleStone_Pebble_N.uasset" 522
"../../../UnrealGameJam/Content/StarterContent/Materials/M_CobbleStone_Pebble.uasset" 523
"../../../UnrealGameJam/Content/StarterContent/Textures/T_CobbleStone_Rough_D.uasset" 524
"../../../UnrealGameJam/Content/StarterContent/Textures/T_CobbleStone_Rough_N.uasset" 525
"../../../UnrealGameJam/Content/StarterContent/Textures/T_Gradinet_01.uasset" 526
"../../../UnrealGameJam/Content/StarterContent/Textures/T_Rock_Smooth_Granite_D.uasset" 527
"../../../UnrealGameJam/Content/StarterContent/Materials/M_CobbleStone_Rough.uasset" 528
"../../../UnrealGameJam/Content/StarterContent/Textures/T_CobbleStone_Smooth_D.uasset" 529
"../../../UnrealGameJam/Content/StarterContent/Textures/T_CobbleStone_Smooth_M.uasset" 530
"../../../UnrealGameJam/Content/StarterContent/Textures/T_CobbleStone_Smooth_N.uasset" 531
"../../../UnrealGameJam/Content/StarterContent/Materials/M_CobbleStone_Smooth.uasset" 532
"../../../UnrealGameJam/Content/StarterContent/Textures/T_Concrete_Grime_D.uasset" 533
"../../../UnrealGameJam/Content/StarterContent/Textures/T_Metal_Rust_N.uasset" 534
"../../../UnrealGameJam/Content/StarterContent/Materials/M_Concrete_Grime.uasset" 535
"../../../UnrealGameJam/Content/StarterContent/Textures/T_Concrete_Panels_D.uasset" 536
"../../../UnrealGameJam/Content/StarterContent/Textures/T_Concrete_Panels_N.uasset" 537
"../../../UnrealGameJam/Content/StarterContent/Materials/M_Concrete_Panels.uasset" 538
"../../../UnrealGameJam/Content/StarterContent/Textures/T_Concrete_Poured_D.uasset" 539
"../../../UnrealGameJam/Content/StarterContent/Textures/T_Concrete_Poured_N.uasset" 540
"../../../UnrealGameJam/Content/StarterContent/Materials/M_Concrete_Poured.uasset" 541
"../../../UnrealGameJam/Content/StarterContent/Textures/T_Concrete_Tiles_D.uasset" 542
"../../../UnrealGameJam/Content/StarterContent/Textures/T_Concrete_Tiles_M.uasset" 543
"../../../UnrealGameJam/Content/StarterContent/Textures/T_Concrete_Tiles_N.uasset" 544
"../../../UnrealGameJam/Content/StarterContent/Textures/T_Concrete_Tiles_Variation_M.uasset" 545
"../../../UnrealGameJam/Content/StarterContent/Materials/M_Concrete_Tiles.uasset" 546
"../../../UnrealGameJam/Content/StarterContent/Textures/T_Ground_Grass_D.uasset" 547
"../../../UnrealGameJam/Content/StarterContent/Textures/T_Ground_Grass_N.uasset" 548
"../../../UnrealGameJam/Content/StarterContent/Materials/M_Ground_Grass.uasset" 549
"../../../UnrealGameJam/Content/StarterContent/Textures/T_Ground_Gravel_D.uasset" 550
"../../../UnrealGameJam/Content/StarterContent/Textures/T_Ground_Gravel_N.uasset" 551
"../../../UnrealGameJam/Content/StarterContent/Materials/M_Ground_Gravel.uasset" 552
"../../../UnrealGameJam/Content/StarterContent/Textures/T_ground_Moss_D.uasset" 553
"../../../UnrealGameJam/Content/StarterContent/Textures/T_Ground_Moss_N.uasset" 554
"../../../UnrealGameJam/Content/StarterContent/Materials/M_Ground_Moss.uasset" 555
"../../../UnrealGameJam/Content/StarterContent/Materials/M_Metal_Brushed_Nickel.uasset" 556
"../../../UnrealGameJam/Content/StarterContent/Textures/T_Metal_Aluminum_D.uasset" 557
"../../../UnrealGameJam/Content/StarterContent/Textures/T_Metal_Gold_N.uasset" 558
"../../../UnrealGameJam/Content/StarterContent/Materials/M_Metal_Burnished_Steel.uasset" 559
"../../../UnrealGameJam/Content/StarterContent/Materials/M_Metal_Chrome.uasset" 560
"../../../UnrealGameJam/Content/StarterContent/Textures/T_Metal_Copper_D.uasset" 561
"../../../UnrealGameJam/Content/StarterContent/Materials/M_Metal_Copper.uasset" 562
"../../../UnrealGameJam/Content/StarterContent/Textures/T_Metal_Gold_D.uasset" 563
"../../../UnrealGameJam/Content/StarterContent/Materials/M_Metal_Gold.uasset" 564
"../../../UnrealGameJam/Content/StarterContent/Textures/T_Metal_Rust_D.uasset" 565
"../../../UnrealGameJam/Content/StarterContent/Materials/M_Metal_Rust.uasset" 566
"../../../UnrealGameJam/Content/StarterContent/Textures/T_Metal_Steel_D.uasset" 567
"../../../UnrealGameJam/Content/StarterContent/Textures/T_Metal_Steel_N.uasset" 568
"../../../UnrealGameJam/Content/StarterContent/Materials/M_Metal_Steel.uasset" 569
"../../../UnrealGameJam/Content/StarterContent/Textures/T_Rock_Basalt_N.uasset" 570
"../../../UnrealGameJam/Content/StarterContent/Materials/M_Rock_Basalt.uasset" 571
"../../../UnrealGameJam/Content/StarterContent/Materials/M_Rock_Marble_Polished.uasset" 572
"../../../UnrealGameJam/Content/StarterContent/Textures/T_Rock_Sandstone_D.uasset" 573
"../../../UnrealGameJam/Content/StarterContent/Textures/T_Rock_Sandstone_N.uasset" 574
"../../../UnrealGameJam/Content/StarterContent/Materials/M_Rock_Sandstone.uasset" 575
"../../../UnrealGameJam/Content/StarterContent/Textures/T_Rock_Slate_D.uasset" 576
"../../../UnrealGameJam/Content/StarterContent/Textures/T_Rock_Slate_N.uasset" 577
"../../../UnrealGameJam/Content/StarterContent/Materials/M_Rock_Slate.uasset" 578
"../../../UnrealGameJam/Content/StarterContent/Textures/T_Checker_Noise_M.uasset" 579
"../../../UnrealGameJam/Content/StarterContent/Textures/T_Single_Tile_N.uasset" 580
"../../../UnrealGameJam/Content/StarterContent/Textures/T_Tech_Dot_M.uasset" 581
"../../../UnrealGameJam/Content/StarterContent/Textures/T_Tech_Dot_N.uasset" 582
"../../../UnrealGameJam/Content/StarterContent/Materials/M_Tech_Checker_Dot.uasset" 583
"../../../UnrealGameJam/Content/StarterContent/Textures/T_Tech_Hex_Tile_M.uasset" 584
"../../../UnrealGameJam/Content/StarterContent/Textures/T_Tech_Hex_Tile_N.uasset" 585
"../../../UnrealGameJam/Content/StarterContent/Materials/M_Tech_Hex_Tile.uasset" 586
"../../../UnrealGameJam/Content/StarterContent/Materials/M_Tech_Hex_Tile_Pulse.uasset" 587
"../../../UnrealGameJam/Content/StarterContent/Textures/T_Tech_Panel_M.uasset" 588
"../../../UnrealGameJam/Content/StarterContent/Textures/T_Tech_Panel_N.uasset" 589
"../../../UnrealGameJam/Content/StarterContent/Materials/M_Tech_Panel.uasset" 590
"../../../UnrealGameJam/Content/StarterContent/Materials/M_Water_Lake.uasset" 591
"../../../UnrealGameJam/Content/StarterContent/Textures/T_Water_M.uasset" 592
"../../../UnrealGameJam/Content/StarterContent/Materials/M_Water_Ocean.uasset" 593
"../../../UnrealGameJam/Content/StarterContent/Textures/T_Wood_Floor_Walnut_D.uasset" 594
"../../../UnrealGameJam/Content/StarterContent/Textures/T_Wood_Floor_Walnut_M.uasset" 595
"../../../UnrealGameJam/Content/StarterContent/Textures/T_Wood_Floor_Walnut_N.uasset" 596
"../../../UnrealGameJam/Content/StarterContent/Materials/M_Wood_Floor_Walnut_Polished.uasset" 597
"../../../Engine/Content/Functions/Engine_MaterialFunctions01/Opacity/AlphaOffset.uasset" 598
"../../../UnrealGameJam/Content/StarterContent/Materials/M_Wood_Floor_Walnut_Worn.uasset" 599
"../../../UnrealGameJam/Content/StarterContent/Textures/T_Wood_Oak_D.uasset" 600
"../../../UnrealGameJam/Content/StarterContent/Textures/T_Wood_Oak_N.uasset" 601
"../../../UnrealGameJam/Content/StarterContent/Materials/M_Wood_Oak.uasset" 602
"../../../UnrealGameJam/Content/StarterContent/Textures/T_Wood_Pine_D.uasset" 603
"../../../UnrealGameJam/Content/StarterContent/Textures/T_Wood_Pine_N.uasset" 604
"../../../UnrealGameJam/Content/StarterContent/Materials/M_Wood_Pine.uasset" 605
"../../../UnrealGameJam/Content/StarterContent/Textures/T_Wood_Walnut_D.uasset" 606
"../../../UnrealGameJam/Content/StarterContent/Textures/T_Wood_Walnut_N.uasset" 607
"../../../UnrealGameJam/Content/StarterContent/Materials/M_Wood_Walnut.uasset" 608
"../../../UnrealGameJam/Content/StarterContent/Architecture/Floor_400x400.uasset" 609
"../../../UnrealGameJam/Content/StarterContent/Architecture/Wall_400x200.uasset" 610
"../../../UnrealGameJam/Content/StarterContent/Architecture/Wall_Door_400x300.uasset" 611
"../../../UnrealGameJam/Content/StarterContent/Architecture/Wall_Window_400x300.uasset" 612
"../../../UnrealGameJam/Content/StarterContent/Audio/Collapse_Cue.uasset" 613
"../../../UnrealGameJam/Content/StarterContent/Audio/Starter_Background_Cue.uasset" 614
"../../../UnrealGameJam/Content/StarterContent/Audio/Starter_Music_Cue.uasset" 615
"../../../UnrealGameJam/Content/StarterContent/Props/MaterialSphere.uasset" 616
"../../../UnrealGameJam/Content/StarterContent/Props/SM_Chair.uasset" 617
"../../../UnrealGameJam/Content/StarterContent/Textures/T_Frame_M.uasset" 618
"../../../UnrealGameJam/Content/StarterContent/Textures/T_Frame_N.uasset" 619
"../../../UnrealGameJam/Content/StarterContent/Props/Materials/M_Frame.uasset" 620
"../../../UnrealGameJam/Content/StarterContent/Props/SM_CornerFrame.uasset" 621
"../../../UnrealGameJam/Content/StarterContent/Props/SM_DoorFrame.uasset" 622
"../../../UnrealGameJam/Content/StarterContent/Props/SM_GlassWindow.uasset" 623
"../../../UnrealGameJam/Content/StarterContent/Props/SM_PillarFrame.uasset" 624
"../../../UnrealGameJam/Content/StarterContent/Props/SM_PillarFrame300.uasset" 625
"../../../UnrealGameJam/Content/StarterContent/Textures/T_Statue_M.uasset" 626
"../../../UnrealGameJam/Content/StarterContent/Textures/T_Statue_N.uasset" 627
"../../../UnrealGameJam/Content/StarterContent/Props/Materials/M_Statue.uasset" 628
"../../../UnrealGameJam/Content/StarterContent/Props/Materials/M_StatueGlass.uasset" 629
"../../../UnrealGameJam/Content/StarterContent/Props/SM_Statue.uasset" 630
"../../../UnrealGameJam/Content/StarterContent/Textures/T_TableRound_M.uasset" 631
"../../../UnrealGameJam/Content/StarterContent/Textures/T_TableRound_N.uasset" 632
"../../../UnrealGameJam/Content/StarterContent/Props/Materials/M_TableRound.uasset" 633
"../../../UnrealGameJam/Content/StarterContent/Props/SM_TableRound.uasset" 634
"../../../UnrealGameJam/Content/StarterContent/Props/SM_WindowFrame.uasset" 635
"../../../UnrealGameJam/Content/StarterContent/Shapes/Shape_Cube.uasset" 636
"../../../UnrealGameJam/Content/StarterContent/Shapes/Shape_QuadPyramid.uasset" 637
"../../../UnrealGameJam/Content/StarterContent/Shapes/Shape_Sphere.uasset" 638
"../../../UnrealGameJam/Content/StarterContent/Maps/StarterMap.umap" 639
"../../../UnrealGameJam/Content/ArenaMap/Assets/Audio/UIAudio.uasset" 640
"../../../UnrealGameJam/Content/ArenaMap/Assets/Audio/Dialogue/Play_-_lowest.uasset" 641
"../../../UnrealGameJam/Content/ArenaMap/Assets/UI/3.uasset" 642
"../../../UnrealGameJam/Content/ArenaMap/Assets/UI/LoadingScreen.uasset" 643
"../../../UnrealGameJam/Content/ArenaMap/Assets/UI/Play.uasset" 644
"../../../UnrealGameJam/Content/ArenaMap/Assets/UI/Vaporise_Logo_Background19201080.uasset" 645
"../../../UnrealGameJam/Content/ArenaMap/Assets/UI/Vaporise_Logo_Fragments.uasset" 646
"../../../UnrealGameJam/Content/ArenaMap/Assets/UI/Vaporise_Logo_Text_Normal.uasset" 647
"../../../UnrealGameJam/Content/ArenaMap/Assets/UI/MainMenu.uasset" 648
"../../../UnrealGameJam/Content/ArenaMap/MainMenu.umap" 649
"../../../Engine/Content/EngineMaterials/DefaultNormal.uasset" 650
"../../../Engine/Content/Maps/Entry.umap" 651
"../../../UnrealGameJam/Content/AnimStarterPack/Crouch_Idle_Rifle_Hip.uasset" 652
"../../../UnrealGameJam/Content/AnimStarterPack/Crouch_Idle_Rifle_Ironsights.uasset" 653
"../../../UnrealGameJam/Content/AnimStarterPack/Crouch_Walk_Fwd_Rifle_Ironsights.uasset" 654
"../../../UnrealGameJam/Content/AnimStarterPack/Equip_Pistol_Standing.uasset" 655
"../../../UnrealGameJam/Content/AnimStarterPack/Fire_Rifle_Ironsights.uasset" 656
"../../../UnrealGameJam/Content/AnimStarterPack/Hit_React_1.uasset" 657
"../../../UnrealGameJam/Content/AnimStarterPack/Hit_React_2.uasset" 658
"../../../UnrealGameJam/Content/AnimStarterPack/Hit_React_3.uasset" 659
"../../../UnrealGameJam/Content/AnimStarterPack/Idle_Rifle_Hip_Break1.uasset" 660
"../../../UnrealGameJam/Content/AnimStarterPack/Idle_Rifle_Hip_Break2.uasset" 661
"../../../UnrealGameJam/Content/AnimStarterPack/Reload_Rifle_Hip.uasset" 662
"../../../UnrealGameJam/Content/AnimStarterPack/Walk_Fwd_Rifle_Ironsights.uasset" 663
"../../../Engine/Content/TemplateResources/M_Template_Master.uasset" 664
"../../../Engine/Content/TemplateResources/MI_Template_BaseGray_03_Metal.uasset" 665
"../../../Engine/Content/Functions/MaterialLayerFunctions/MatLayerBlend_AO.uasset" 666
"../../../UnrealGameJam/Content/AnimStarterPack/UE4_Mannequin/Materials/MaterialLayers/T_ML_Rubber_Blue_01_D.uasset" 667
"../../../UnrealGameJam/Content/AnimStarterPack/UE4_Mannequin/Materials/MaterialLayers/T_ML_Rubber_Blue_01_N.uasset" 668
"../../../UnrealGameJam/Content/AnimStarterPack/UE4_Mannequin/Materials/MaterialLayers/ML_GlossyBlack_Latex_UE4.uasset" 669
"../../../UnrealGameJam/Content/AnimStarterPack/UE4_Mannequin/Materials/MaterialLayers/ML_Plastic_Shiny_Beige.uasset" 670
"../../../UnrealGameJam/Content/AnimStarterPack/UE4_Mannequin/Textures/UE4_LOGO_CARD.uasset" 671
"../../../UnrealGameJam/Content/AnimStarterPack/UE4_Mannequin/Materials/MaterialLayers/ML_Plastic_Shiny_Beige_LOGO.uasset" 672
"../../../UnrealGameJam/Content/AnimStarterPack/UE4_Mannequin/Materials/MaterialLayers/T_ML_Aluminum01.uasset" 673
"../../../UnrealGameJam/Content/AnimStarterPack/UE4_Mannequin/Materials/MaterialLayers/T_ML_Aluminum01_N.uasset" 674
"../../../UnrealGameJam/Content/AnimStarterPack/UE4_Mannequin/Materials/MaterialLayers/ML_SoftMetal_UE4.uasset" 675
"../../../UnrealGameJam/Content/AnimStarterPack/UE4_Mannequin/Textures/UE4_Mannequin__normals.uasset" 676
"../../../UnrealGameJam/Content/AnimStarterPack/UE4_Mannequin/Textures/UE4_Mannequin_MAT_MASKA.uasset" 677
"../../../UnrealGameJam/Content/AnimStarterPack/UE4_Mannequin/Textures/UE4_Mannequin_occlusion_Mobile.uasset" 678
"../../../UnrealGameJam/Content/AnimStarterPack/UE4_Mannequin/Materials/M_UE4Man_Body.uasset" 679
"../../../UnrealGameJam/Content/AnimStarterPack/UE4_Mannequin/Textures/UE4Man_Logo_N.uasset" 680
"../../../UnrealGameJam/Content/AnimStarterPack/UE4_Mannequin/Materials/M_UE4Man_ChestLogo.uasset" 681
"../../../UnrealGameJam/Content/AnimStarterPack/UE4_Mannequin/Mesh/SK_Mannequin_PhysicsAsset.uasset" 682
"../../../UnrealGameJam/Content/AnimStarterPack/UE4_Mannequin/Mesh/SK_Mannequin.uasset" 683
"../../../UnrealGameJam/Content/AnimStarterPack/Showcase.umap" 684
"../../../UnrealGameJam/Content/StarterContent/Maps/Minimal_Default.umap" 685
"../../../UnrealGameJam/Content/FirstPerson/Meshes/CubeMaterialOverride.uasset" 686
"../../../UnrealGameJam/Content/Geometry/Meshes/1M_Cube.uasset" 687
"../../../UnrealGameJam/Content/FirstPersonBP/Maps/FirstPersonExampleMap.umap" 688
"../../../UnrealGameJam/Content/StarterContent/Blueprints/Assets/FogBrightnessLUT.uasset" 689
"../../../UnrealGameJam/Content/StarterContent/Blueprints/Assets/SunlightColorLUT.uasset" 690
"../../../UnrealGameJam/Content/StarterContent/Blueprints/Assets/M_LightStage_Arrows.uasset" 691
"../../../Engine/Content/MapTemplates/Sky/DaylightAmbientCubemap.uasset" 692
"../../../UnrealGameJam/Content/StarterContent/Blueprints/Assets/M_LightStage_Skybox_Master.uasset" 693
"../../../UnrealGameJam/Content/StarterContent/Blueprints/Assets/M_LightStage_Skybox_Black.uasset" 694
"../../../UnrealGameJam/Content/StarterContent/Blueprints/Assets/M_LightStage_Skybox_HDRI.uasset" 695
"../../../Engine/Content/EditorMaterials/Thumbnails/SkySphereMaterial.uasset" 696
"../../../UnrealGameJam/Content/StarterContent/Blueprints/Assets/Skybox.uasset" 697
"../../../UnrealGameJam/Content/StarterContent/Blueprints/Assets/SM_Arrows.uasset" 698
"../../../UnrealGameJam/Content/StarterContent/HDRI/HDRI_Epic_Courtyard_Daylight.uasset" 699
"../../../UnrealGameJam/Content/StarterContent/Blueprints/BP_LightStudio.uasset" 700
"../../../UnrealGameJam/Content/StarterContent/Materials/M_AssetPlatform.uasset" 701
"../../../Engine/Content/EditorMeshes/ColorCalibrator/M_ChromeBall.uasset" 702
"../../../Engine/Content/EditorMeshes/ColorCalibrator/M_ClearCoat.uasset" 703
"../../../Engine/Content/EditorMeshes/ColorCalibrator/M_ClearCoatBlack.uasset" 704
"../../../Engine/Content/EditorMeshes/ColorCalibrator/M_ColorGrid.uasset" 705
"../../../Engine/Content/EditorMeshes/ColorCalibrator/M_GreyBall.uasset" 706
"../../../Engine/Content/EditorMeshes/ColorCalibrator/SM_ColorCalibrator.uasset" 707
"../../../UnrealGameJam/Content/StarterContent/Architecture/SM_AssetPlatform.uasset" 708
"../../../UnrealGameJam/Content/StarterContent/Maps/Advanced_Lighting.umap" 709
"../../../UnrealGameJam/Content/FirstPersonBP/Maps/Test.umap" 710
