Log file open, 10/13/16 00:41:26
LogInit:Display: Running engine for game: UnrealGameJam
LogPlatformFile: Not using cached read wrapper
LogInit:Display: RandInit(-66384200) SRandInit(-66384198).
LogTaskGraph: Started task graph with 4 named threads and 7 total threads with 1 sets of task threads.
LogStats: Stats thread started at 0.101838
LogInit: Version: 4.12.5-3039270+++UE4+Release-4.12
LogInit: API Version: 2992821
LogInit: Net Version: 3039270
LogDevObjectVersion: Number of dev versions registered: 13
LogDevObjectVersion:   Dev-Blueprints (B0D832E4-1F89-4F0D-ACCF-7EB736FD4AA2): 3
LogDevObjectVersion:   Dev-Build (E1C64328-A22C-4D53-A36C-8E866417BD8C): 0
LogDevObjectVersion:   Dev-Core (375EC13C-06E4-48FB-B500-84F0262A717E): 1
LogDevObjectVersion:   Dev-Editor (E4B068ED-F494-42E9-A231-DA0B2E46BB41): 2
LogDevObjectVersion:   Dev-Framework (CFFC743F-43B0-4480-9391-14DF171D2073): 6
LogDevObjectVersion:   Dev-Mobile (B02B49B5-BB20-44E9-A304-32B752E40360): 0
LogDevObjectVersion:   Dev-Networking (A4E4105C-59A1-49B5-A7C5-40C4547EDFEE): 0
LogDevObjectVersion:   Dev-Online (39C831C9-5AE6-47DC-9A44-9C173E1C8E7C): 0
LogDevObjectVersion:   Dev-Physics (78F01B33-EBEA-4F98-B9B4-84EACCB95AA2): 0
LogDevObjectVersion:   Dev-Platform (6631380F-2D4D-43E0-8009-CF276956A95A): 0
LogDevObjectVersion:   Dev-Rendering (12F88B9F-8875-4AFC-A67C-D90C383ABD29): 2
LogDevObjectVersion:   Dev-Sequencer (7B5AE74C-D270-4C10-A958-57980B212A5A): 0
LogDevObjectVersion:   Dev-VR (D7296918-1DD6-4BDD-9DE2-64A83CC13884): 0
LogInit: Compiled (64-bit): Jul  6 2016 09:09:46
LogInit: Compiled with Visual C++: 19.00.23026.00
LogInit: Build Configuration: Development
LogInit: Branch Name: ++UE4+Release-4.12
LogInit: Command line:  
LogInit: Base directory: C:/Program Files (x86)/Epic Games/4.12/Engine/Binaries/Win64/
LogInit: Installed Engine Build: 1
LogInit: Using libcurl 7.41.0
LogInit:  - built for x86_64-pc-win32
LogInit:  - supports SSL with WinSSL
LogInit:  - other features:
LogInit:      CURL_VERSION_SSL
LogInit:      CURL_VERSION_IPV6
LogInit:      CURL_VERSION_ASYNCHDNS
LogInit:      CURL_VERSION_LARGEFILE
LogInit:      CURL_VERSION_IDN
LogInit:  CurlRequestOptions (configurable via config and command line):
LogInit:  - bVerifyPeer = true  - Libcurl will verify peer certificate
LogInit:  - bUseHttpProxy = false  - Libcurl will NOT use HTTP proxy
LogInit:  - bDontReuseConnections = false  - Libcurl will reuse connections
LogInit:  - CertBundlePath = nullptr  - Libcurl will use whatever was configured at build time.
LogInit: Presizing for max 8388607 objects, including 0 objects not considered by GC, pre-allocating 0 bytes for permanent pool.
LogInit: Object subsystem initialized
[2016.10.12-23.41.26:534][  0]LogInit: Selected Device Profile: [Windows]
[2016.10.12-23.41.26:534][  0]LogInit: Applying CVar settings loaded from the selected device profile: [Windows]
[2016.10.12-23.41.26:555][  0]LogInit: Computer: DESKTOP-N6TRJQS
[2016.10.12-23.41.26:555][  0]LogInit: User: Conor
[2016.10.12-23.41.26:555][  0]LogInit: CPU Page size=65536, Cores=4
[2016.10.12-23.41.26:555][  0]LogInit: High frequency timer resolution =3.312784 MHz
[2016.10.12-23.41.26:556][  0]LogMemory: Memory total: Physical=8.0GB (8GB approx)
[2016.10.12-23.41.26:556][  0]LogMemory: Platform Memory Stats for Windows
[2016.10.12-23.41.26:556][  0]LogMemory: Process Physical Memory: 191.16 MB used, 191.16 MB peak
[2016.10.12-23.41.26:556][  0]LogMemory: Process Virtual Memory: 195.15 MB used, 195.15 MB peak
[2016.10.12-23.41.26:556][  0]LogMemory: Physical Memory: 6628.82 MB used, 8145.47 MB total
[2016.10.12-23.41.26:556][  0]LogMemory: Virtual Memory: 553.29 MB used, 134217728.00 MB total
[2016.10.12-23.41.26:755][  0]LogTextLocalizationManager: No specific translations for ('en-GB') exist, so ('en') translations will be used.
[2016.10.12-23.41.27:160][  0]LogD3D11RHI: D3D11 adapters:
[2016.10.12-23.41.27:192][  0]LogD3D11RHI:    0. 'NVIDIA GeForce GTX 660' (Feature Level 11_0)
[2016.10.12-23.41.27:192][  0]LogD3D11RHI:       1505/0/4072 MB DedicatedVideo/DedicatedSystem/SharedSystem, Outputs:1, VendorId:0x10de
[2016.10.12-23.41.27:194][  0]LogD3D11RHI:    1. 'Microsoft Basic Render Driver' (Feature Level 11_0)
[2016.10.12-23.41.27:194][  0]LogD3D11RHI:       0/0/4072 MB DedicatedVideo/DedicatedSystem/SharedSystem, Outputs:0, VendorId:0x1414
[2016.10.12-23.41.27:194][  0]LogD3D11RHI: Chosen D3D11 Adapter: 0
[2016.10.12-23.41.27:198][  0]LogD3D11RHI: Creating new Direct3DDevice
[2016.10.12-23.41.27:198][  0]LogD3D11RHI:     GPU DeviceId: 0x1185 (for the marketing name, search the web for "GPU Device Id")
[2016.10.12-23.41.27:198][  0]LogWindows: EnumDisplayDevices:
[2016.10.12-23.41.27:198][  0]LogWindows:    0. 'NVIDIA GeForce GTX 660' (P:1 D:1)
[2016.10.12-23.41.27:199][  0]LogWindows:    1. 'NVIDIA GeForce GTX 660' (P:0 D:0)
[2016.10.12-23.41.27:199][  0]LogWindows:    2. 'NVIDIA GeForce GTX 660' (P:0 D:0)
[2016.10.12-23.41.27:199][  0]LogWindows: DebugString: FoundDriverCount:3 
[2016.10.12-23.41.27:199][  0]LogD3D11RHI:     Adapter Name: NVIDIA GeForce GTX 660
[2016.10.12-23.41.27:199][  0]LogD3D11RHI:   Driver Version: 372.90 (internal:21.21.13.7290, unified:372.90)
[2016.10.12-23.41.27:199][  0]LogD3D11RHI:      Driver Date: 9-16-2016
[2016.10.12-23.41.27:199][  0]LogRHI: Texture pool is 1053 MB (70% of 1505 MB)
[2016.10.12-23.41.27:212][  0]LogD3D11RHI: Async texture creation enabled
[2016.10.12-23.41.27:228][  0]LogD3D11RHI: GPU Timing Frequency: 1000.000000 (Debug: 2 2)
[2016.10.12-23.41.27:228][  0]LogShaderCompilers: Guid format shader working directory is -3 characters bigger than the processId version (D:/Repositories/UnrealGameJam-Last/UnrealGameJam/Intermediate/Shaders/WorkingDirectory/13800/).
[2016.10.12-23.41.27:228][  0]LogShaderCompilers: Cleaned the shader compiler working directory 'C:/Users/Conor/AppData/Local/Temp/UnrealShaderWorkingDir/1D44A53D4D7C9DABA3B24BA022EEDB4B/'.
[2016.10.12-23.41.27:228][  0]LogShaderCompilers:Display: Using Local Shader Compiler.
[2016.10.12-23.41.29:002][  0]LogTemp:Display: Loaded TP AllDesktopTargetPlatform
[2016.10.12-23.41.29:017][  0]LogTemp:Display: Loaded TP WindowsClientTargetPlatform
[2016.10.12-23.41.29:033][  0]LogTemp:Display: Loaded TP WindowsNoEditorTargetPlatform
[2016.10.12-23.41.29:050][  0]LogTemp:Display: Loaded TP WindowsServerTargetPlatform
[2016.10.12-23.41.29:066][  0]LogTemp:Display: Loaded TP WindowsTargetPlatform
[2016.10.12-23.41.29:083][  0]LogTemp:Display: Loaded TP AndroidTargetPlatform
[2016.10.12-23.41.29:096][  0]LogTemp:Display: Loaded TP Android_ASTCTargetPlatform
[2016.10.12-23.41.29:108][  0]LogTemp:Display: Loaded TP Android_ATCTargetPlatform
[2016.10.12-23.41.29:121][  0]LogTemp:Display: Loaded TP Android_DXTTargetPlatform
[2016.10.12-23.41.29:133][  0]LogTemp:Display: Loaded TP Android_ETC1TargetPlatform
[2016.10.12-23.41.29:146][  0]LogTemp:Display: Loaded TP Android_ETC2TargetPlatform
[2016.10.12-23.41.29:172][  0]LogTemp:Display: Loaded TP Android_MultiTargetPlatform
[2016.10.12-23.41.29:172][  0]LogTemp:Display: Loaded TP Android_PVRTCTargetPlatform
[2016.10.12-23.41.29:173][  0]LogTemp:Display: Loaded TP HTML5TargetPlatform
[2016.10.12-23.41.29:232][  0]LogTemp:Display: Loaded TP IOSTargetPlatform
[2016.10.12-23.41.29:240][  0]LogTemp:Display: Loaded TP TVOSTargetPlatform
[2016.10.12-23.41.29:252][  0]LogTemp:Display: Loaded TP LinuxNoEditorTargetPlatform
[2016.10.12-23.41.29:260][  0]LogTemp:Display: Loaded TP LinuxServerTargetPlatform
[2016.10.12-23.41.29:271][  0]LogTemp:Display: Loaded TP LinuxTargetPlatform
[2016.10.12-23.41.29:271][  0]LogTargetPlatformManager:Display: Building Assets For Windows
[2016.10.12-23.41.29:626][  0]LogDerivedDataCache:Display: Max Cache Size: 512 MB
[2016.10.12-23.41.29:811][  0]LogDerivedDataCache: Loaded boot cache 0.18s 48MB C:/Users/Conor/AppData/Local/UnrealEngine/4.12/DerivedDataCache/Boot.ddc.
[2016.10.12-23.41.29:811][  0]LogDerivedDataCache:Display: Loaded Boot cache: C:/Users/Conor/AppData/Local/UnrealEngine/4.12/DerivedDataCache/Boot.ddc
[2016.10.12-23.41.29:811][  0]LogDerivedDataCache: FDerivedDataBackendGraph:  Pak pak cache file D:/Repositories/UnrealGameJam-Last/UnrealGameJam/DerivedDataCache/DDC.ddp not found, will not use a pak cache.
[2016.10.12-23.41.29:811][  0]LogDerivedDataCache: Unable to find inner node Pak for hierarchical cache Hierarchy.
[2016.10.12-23.41.29:811][  0]LogDerivedDataCache: FDerivedDataBackendGraph:  CompressedPak pak cache file D:/Repositories/UnrealGameJam-Last/UnrealGameJam/DerivedDataCache/Compressed.ddp not found, will not use a pak cache.
[2016.10.12-23.41.29:811][  0]LogDerivedDataCache: Unable to find inner node CompressedPak for hierarchical cache Hierarchy.
[2016.10.12-23.41.29:836][  0]LogDerivedDataCache:Display: Pak cache opened for reading ../../../Engine/DerivedDataCache/Compressed.ddp.
[2016.10.12-23.41.29:849][  0]LogDerivedDataCache: Using Local data cache path C:/Users/Conor/AppData/Local/UnrealEngine/Common/DerivedDataCache: Writable
[2016.10.12-23.41.32:786][  0]LogInit: Selected Device Profile: [Windows]
[2016.10.12-23.41.32:791][  0]LogContentStreaming: Texture pool size is 0.00 MB
[2016.10.12-23.41.33:178][  0]LogMeshUtilities: No automatic mesh reduction module available
[2016.10.12-23.41.33:178][  0]LogMeshUtilities: No automatic mesh merging module available
[2016.10.12-23.41.33:178][  0]LogMeshUtilities: No distributed automatic mesh merging module available
[2016.10.12-23.41.33:864][  0]LogAssetRegistry: FAssetRegistry took 0.0249 seconds to start up
[2016.10.12-23.41.33:893][  0]LogPackageLocalizationCache: Processed 3 localized package path(s) for 2 prioritized culture(s) in 0.021933 seconds
[2016.10.12-23.41.33:898][  0]LogUObjectArray: 28739 objects as part of root set at end of initial load.
[2016.10.12-23.41.33:898][  0]LogUObjectAllocator: 5855624 out of 0 bytes used by permanent object pool.
[2016.10.12-23.41.33:898][  0]LogUObjectArray: CloseDisregardForGC: 0/0 objects in disregard for GC pool
[2016.10.12-23.41.33:907][  0]LogInit: WinSock: version 1.1 (2.2), MaxSocks=32767, MaxUdp=65467
[2016.10.12-23.41.34:424][  0]LogSlate: SlateFontCache - WITH_FREETYPE: 1, WITH_HARFBUZZ: 1
[2016.10.12-23.41.34:425][  0]LogSlate: SlateFontCache - WITH_FREETYPE: 1, WITH_HARFBUZZ: 1
[2016.10.12-23.41.36:276][  0]LogUdpMessaging: Initializing bridge on interface 0.0.0.0:0 to multicast group 230.0.0.1:6666.
[2016.10.12-23.41.36:696][  0]SourceControl: Info Source control is disabled
[2016.10.12-23.41.36:737][  0]SourceControl: Info Source control is disabled
[2016.10.12-23.41.36:753][  0]SourceControl: Info Source control is disabled
[2016.10.12-23.41.36:766][  0]SourceControl: Info Source control is disabled
[2016.10.12-23.41.37:136][  0]LogEngine: Initializing Engine...
[2016.10.12-23.41.37:170][  0]LogHMD: SteamVR failed to initialize.  Err: 110
[2016.10.12-23.41.37:171][  0]LogHMD: SteamVR failed to initialize.  Err: 110
[2016.10.12-23.41.37:632][  0]LogAIModule: Creating AISystem for world NewWorld
[2016.10.12-23.41.37:682][  0]LogInit: XAudio2 using 'Speakers (2- Logitech G430 Gaming Headset)' : 2 channels at 44.1 kHz using 16 bits per sample (channel mask 0x3)
[2016.10.12-23.41.37:700][  0]LogInit: FAudioDevice initialized.
[2016.10.12-23.41.37:726][  0]LogDerivedDataCache: Saved boot cache 0.03s 48MB C:/Users/Conor/AppData/Local/UnrealEngine/4.12/DerivedDataCache/Boot.ddc.
[2016.10.12-23.41.37:732][  0]LogInit: Texture streaming: Enabled
[2016.10.12-23.41.37:823][  0]LogInit: Transaction tracking system initialized
[2016.10.12-23.41.37:883][  0]BlueprintLog: New page: Editor Load
[2016.10.12-23.41.38:084][  0]LocalizationService: Info Localization service is disabled
[2016.10.12-23.41.38:215][  0]LogConsoleResponse:Display: 
[2016.10.12-23.41.38:541][  0]LogCook:Display: Max memory allowance for cook 8192mb
[2016.10.12-23.41.38:541][  0]LogCook:Display: Mobile HDR setting 1
[2016.10.12-23.41.38:779][  0]LogFileCache: Scanning file cache for directory 'D:/Repositories/UnrealGameJam-Last/UnrealGameJam/Content/' took 0.02s
[2016.10.12-23.41.38:779][  0]SourceControl: Info Source control is disabled
[2016.10.12-23.41.38:782][  0]Cmd: MAP LOAD FILE="D:/Repositories/UnrealGameJam-Last/UnrealGameJam/Content/ArenaMap/ArenaMap.umap" TEMPLATE=0 SHOWPROGRESS=1 FEATURELEVEL=3
[2016.10.12-23.41.38:879][  0]LightingResults: New page: Lighting Build
[2016.10.12-23.41.38:895][  0]MapCheck: New page: Map Check
[2016.10.12-23.41.38:895][  0]LightingResults: New page: Lighting Build
[2016.10.12-23.41.42:507][  0]LogAIModule: Creating AISystem for world ArenaMap
[2016.10.12-23.41.42:730][  0]LogEditorServer: Finished looking for orphan Actors (0.000 secs)
[2016.10.12-23.41.42:742][  0]Cmd: MAP CHECKDEP NOCLEARLOG
[2016.10.12-23.41.42:800][  0]MapCheck: Info Map check complete: 0 Error(s), 0 Warning(s), took 58.148ms to complete.
[2016.10.12-23.41.42:800][  0]LogFileHelpers: Loading map 'ArenaMap' took 4.019
[2016.10.12-23.41.43:298][  0]LogCollectionManager: Loaded 1 collections in 0.005486 seconds
[2016.10.12-23.41.43:366][  0]LogFileCache: Scanning file cache for directory 'D:/Repositories/UnrealGameJam-Last/UnrealGameJam/Saved/Collections/' took 0.01s
[2016.10.12-23.41.43:366][  0]LogFileCache: Scanning file cache for directory 'D:/Repositories/UnrealGameJam-Last/UnrealGameJam/Content/Developers/Conor/Collections/' took 0.01s
[2016.10.12-23.41.43:366][  0]LogFileCache: Scanning file cache for directory 'D:/Repositories/UnrealGameJam-Last/UnrealGameJam/Content/Collections/' took 0.01s
[2016.10.12-23.41.43:366][  0]LogCollectionManager: Rebuilt the GUID cache for 1 collections in 0.000009 seconds
[2016.10.12-23.41.43:366][  0]LogCollectionManager: Rebuilt the hierarchy cache for 1 collections in 0.000001 seconds
[2016.10.12-23.41.43:385][  0]LogContentBrowser: Native class hierarchy populated in 0.0171 seconds. Added 2047 classes and 369 folders.
[2016.10.12-23.41.43:397][  0]LogStats: UGameplayTagsManager::ConstructGameplayTagTree: Construct from data asset -  0.000 s
[2016.10.12-23.41.43:397][  0]LogStats: UGameplayTagsManager::ConstructGameplayTagTree: GameplayTagTreeChangedEvent.Broadcast -  0.000 s
[2016.10.12-23.41.43:398][  0]LogContentBrowser: Native class hierarchy updated for 'GameplayTags' in 0.0005 seconds. Added 12 classes and 0 folders.
[2016.10.12-23.41.43:406][  0]LogContentBrowser: Native class hierarchy updated for 'WidgetCarousel' in 0.0004 seconds. Added 0 classes and 0 folders.
[2016.10.12-23.41.43:672][  0]LogContentBrowser: Native class hierarchy updated for 'AddContentDialog' in 0.0004 seconds. Added 0 classes and 0 folders.
[2016.10.12-23.41.43:684][  0]LogContentBrowser: Native class hierarchy updated for 'SceneOutliner' in 0.0003 seconds. Added 1 classes and 2 folders.
[2016.10.12-23.41.43:852][  0]LogCrashTracker: Crashtracker disabled due to settings.
[2016.10.12-23.41.43:872][  0]LogUObjectGlobals:Warning: Failed to find object 'Class None.'
[2016.10.12-23.41.43:906][  0]LogContentBrowser: Native class hierarchy updated for 'HierarchicalLODOutliner' in 0.0004 seconds. Added 1 classes and 2 folders.
[2016.10.12-23.41.43:907][  0]LogLoad: Full Startup: 18.97 seconds (BP compile: 0.45 seconds)
[2016.10.12-23.41.43:907][  0]LogExternalProfiler: No external profilers were discovered.  External profiling features will not be available.
[2016.10.12-23.41.43:919][  0]LogOcInput: OculusInput pre-init called
[2016.10.12-23.41.43:950][  0]LogContentStreaming: Texture pool size now 700 MB
[2016.10.12-23.41.44:173][  0]LogRenderer: Reallocating scene render targets to support 1164x624 (Frame:2).
[2016.10.12-23.41.44:463][  2]LogAssetRegistry: Asset discovery search completed in 10.6221 seconds
[2016.10.12-23.41.44:463][  2]LogCollectionManager: Rebuilt the object cache for 1 collections in 0.000008 seconds (found 0 objects)
[2016.10.12-23.41.44:463][  2]LogCollectionManager: Fixed up redirectors for 1 collections in 0.000224 seconds (updated 0 objects)
[2016.10.12-23.41.48:352][325]LogContentBrowser: Native class hierarchy updated for 'BlueprintGraph' in 0.0008 seconds. Added 111 classes and 0 folders.
[2016.10.12-23.50.01:707][307]BlueprintLog: New page: Compile FirstPersonGameMode
[2016.10.12-23.50.02:246][307]LogBlueprint:Error: Compiler Error The type of  Object  is undetermined.  Connect something to  Cast To FirstPersonCharacter  to imply a specific type.
[2016.10.12-23.50.02:247][307]LogBlueprint:Error: Compiler Error The current value of the ' Object ' pin is invalid: Unsupported type Object Wildcard on pin Object
[2016.10.12-23.50.02:879][307]BlueprintEditorCompileResults: Info [0517.94] Compile of FirstPersonGameMode successful! [in 1,171 ms] (/Game/FirstPersonBP/Blueprints/FirstPersonGameMode.FirstPersonGameMode)
[2016.10.12-23.51.00:835][741]BlueprintLog: New page: Compile HUD
[2016.10.12-23.51.00:956][741]BlueprintEditorCompileResults: Info The execution path doesn't end with a return node.  Cast Failed 
[2016.10.12-23.51.00:956][741]BlueprintEditorCompileResults: Info The execution path doesn't end with a return node.  Cast Failed 
[2016.10.12-23.51.00:956][741]BlueprintEditorCompileResults: Info The execution path doesn't end with a return node.  Cast Failed 
[2016.10.12-23.51.00:956][741]BlueprintEditorCompileResults: Info The execution path doesn't end with a return node.  Cast Failed 
[2016.10.12-23.51.00:956][741]BlueprintEditorCompileResults: Info The execution path doesn't end with a return node.  Cast Failed 
[2016.10.12-23.51.00:956][741]BlueprintEditorCompileResults: Info The execution path doesn't end with a return node.  False 
[2016.10.12-23.51.00:956][741]BlueprintEditorCompileResults: Info [0576.02] Compile of HUD successful! [in 120 ms] (/Game/ArenaMap/Assets/UI/HUD.HUD)
[2016.10.12-23.51.18:405][414]BlueprintLog: New page: Compile HUD
[2016.10.12-23.51.18:525][414]BlueprintEditorCompileResults: Info The execution path doesn't end with a return node.  Cast Failed 
[2016.10.12-23.51.18:525][414]BlueprintEditorCompileResults: Info The execution path doesn't end with a return node.  Cast Failed 
[2016.10.12-23.51.18:525][414]BlueprintEditorCompileResults: Info The execution path doesn't end with a return node.  Cast Failed 
[2016.10.12-23.51.18:525][414]BlueprintEditorCompileResults: Info The execution path doesn't end with a return node.  Cast Failed 
[2016.10.12-23.51.18:525][414]BlueprintEditorCompileResults: Info The execution path doesn't end with a return node.  Cast Failed 
[2016.10.12-23.51.18:525][414]BlueprintEditorCompileResults: Info [0593.58] Compile of HUD successful! [in 120 ms] (/Game/ArenaMap/Assets/UI/HUD.HUD)
[2016.10.12-23.51.41:276][816]LogAIModule: Creating AISystem for world MainMenu
[2016.10.12-23.51.42:659][816]Cmd: OBJ SAVEPACKAGE PACKAGE="/Game/ArenaMap/ArenaMap" FILE="D:/Repositories/UnrealGameJam-Last/UnrealGameJam/Content/ArenaMap/ArenaMap.umap" SILENT=true AUTOSAVING=false KEEPDIRTY=false
[2016.10.12-23.51.43:874][816]LogSavePackage: Save=1081.47ms
[2016.10.12-23.51.43:874][816]LogSavePackage: Moving 'D:/Repositories/UnrealGameJam-Last/UnrealGameJam/Saved/ArenaMap12F4F767410F69BC0B8558A2B72FC8D1.tmp' to 'D:/Repositories/UnrealGameJam-Last/UnrealGameJam/Content/ArenaMap/ArenaMap.umap'
[2016.10.12-23.51.43:877][816]LogSavePackage:Display: Finished SavePackage D:/Repositories/UnrealGameJam-Last/UnrealGameJam/Content/ArenaMap/ArenaMap.umap
[2016.10.12-23.51.43:911][816]LogFileHelpers: Saving map 'ArenaMap' took 1.320
[2016.10.12-23.51.43:911][816]Cmd: OBJ SAVEPACKAGE PACKAGE="/Game/ArenaMap/Assets/UI/HUD" FILE="D:/Repositories/UnrealGameJam-Last/UnrealGameJam/Content/ArenaMap/Assets/UI/HUD.uasset" SILENT=true
[2016.10.12-23.51.43:954][816]LogSavePackage: Save=38.31ms
[2016.10.12-23.51.43:954][816]LogSavePackage: Moving 'D:/Repositories/UnrealGameJam-Last/UnrealGameJam/Saved/HUD09A51A134375541B2485B8BD26A76AFA.tmp' to 'D:/Repositories/UnrealGameJam-Last/UnrealGameJam/Content/ArenaMap/Assets/UI/HUD.uasset'
[2016.10.12-23.51.43:956][816]LogSavePackage:Display: Finished SavePackage D:/Repositories/UnrealGameJam-Last/UnrealGameJam/Content/ArenaMap/Assets/UI/HUD.uasset
[2016.10.12-23.51.44:001][816]LogSavePackage: Save=40.66ms
[2016.10.12-23.51.44:001][816]LogSavePackage: Moving 'D:/Repositories/UnrealGameJam-Last/UnrealGameJam/Saved/FirstPersonGameMode45F797264BFEF1896C294A8A8E7B6081.tmp' to 'D:/Repositories/UnrealGameJam-Last/UnrealGameJam/Content/FirstPersonBP/Blueprints/FirstPersonGameMode.uasset'
[2016.10.12-23.51.44:003][816]LogSavePackage:Display: Finished SavePackage D:/Repositories/UnrealGameJam-Last/UnrealGameJam/Content/FirstPersonBP/Blueprints/FirstPersonGameMode.uasset
[2016.10.12-23.51.44:007][816]Cmd: MAP LOAD FILE="D:/Repositories/UnrealGameJam-Last/UnrealGameJam/Content/ArenaMap/MainMenu.umap" TEMPLATE=0 SHOWPROGRESS=1 FEATURELEVEL=3
[2016.10.12-23.51.44:007][816]LightingResults: New page: Lighting Build
[2016.10.12-23.51.44:007][816]LoadErrors: New page: Loading map: MainMenu.umap
[2016.10.12-23.51.44:018][816]MapCheck: New page: Map Check
[2016.10.12-23.51.44:018][816]LightingResults: New page: Lighting Build
[2016.10.12-23.51.44:126][816]LogEditorServer: Finished looking for orphan Actors (0.000 secs)
[2016.10.12-23.51.44:158][816]Cmd: MAP CHECKDEP NOCLEARLOG
[2016.10.12-23.51.44:219][816]MapCheck: Info Map check complete: 0 Error(s), 0 Warning(s), took 60.625ms to complete.
[2016.10.12-23.51.44:220][816]LogFileHelpers: Loading map 'MainMenu' took 0.217
[2016.10.12-23.51.46:337][ 49]LogBlueprintUserMessages: Early PlayInEditor Detection: Level '/Game/ArenaMap/MainMenu.MainMenu:PersistentLevel' has LevelScriptBlueprint '/Game/ArenaMap/MainMenu.MainMenu:PersistentLevel.MainMenu' with GeneratedClass '/Game/ArenaMap/MainMenu.MainMenu_C' with ClassGeneratedBy '/Game/ArenaMap/MainMenu.MainMenu:PersistentLevel.MainMenu'
[2016.10.12-23.51.46:338][ 49]LogPlayLevel: PlayLevel: No blueprints needed recompiling
[2016.10.12-23.51.46:340][ 49]PIE: New page: PIE session: MainMenu (13 Oct 2016 00:51:46)
[2016.10.12-23.51.46:340][ 49]LogPlayLevel: Creating play world package: /Game/ArenaMap/UEDPIE_0_MainMenu
[2016.10.12-23.51.46:342][ 49]LogPlayLevel: PIE: StaticDuplicateObject took: (0.002438s)
[2016.10.12-23.51.46:343][ 49]LogAIModule: Creating AISystem for world MainMenu
[2016.10.12-23.51.46:343][ 49]LogPlayLevel: PIE: World Init took: (0.000592s)
[2016.10.12-23.51.46:343][ 49]LogPlayLevel: PIE: Created PIE world by copying editor world from /Game/ArenaMap/MainMenu.MainMenu to /Game/ArenaMap/UEDPIE_0_MainMenu.MainMenu (0.003596s)
[2016.10.12-23.51.46:376][ 49]LogInit: XAudio2 using 'Speakers (2- Logitech G430 Gaming Headset)' : 2 channels at 44.1 kHz using 16 bits per sample (channel mask 0x3)
[2016.10.12-23.51.46:384][ 49]LogInit: FAudioDevice initialized.
[2016.10.12-23.51.46:462][ 49]LogWorld: Game class is 'FirstPersonGameMode_C'
[2016.10.12-23.51.46:464][ 49]LogWorld: Bringing World /Game/ArenaMap/UEDPIE_0_MainMenu.MainMenu up for play (max tick rate 0) at 2016.10.13-00.51.46
[2016.10.12-23.51.46:465][ 49]LogWorld: Bringing up level for play took: 0.002034
[2016.10.12-23.51.46:482][ 49]LogContentBrowser: Native class hierarchy updated for 'MovieSceneCapture' in 0.0009 seconds. Added 11 classes and 0 folders.
[2016.10.12-23.51.46:494][ 49]PIE: Info Play in editor start time for /Game/ArenaMap/UEDPIE_0_MainMenu 0.009
[2016.10.12-23.51.46:495][ 49]LogBlueprintUserMessages: Late PlayInEditor Detection: Level '/Game/ArenaMap/MainMenu.MainMenu:PersistentLevel' has LevelScriptBlueprint '/Game/ArenaMap/MainMenu.MainMenu:PersistentLevel.MainMenu' with GeneratedClass '/Game/ArenaMap/MainMenu.MainMenu_C' with ClassGeneratedBy '/Game/ArenaMap/MainMenu.MainMenu:PersistentLevel.MainMenu'
[2016.10.12-23.51.53:389][843]LogNet: Browse: /Game/ArenaMap/ArenaMap
[2016.10.12-23.51.53:393][843]LogLoad: LoadMap: /Game/ArenaMap/ArenaMap
[2016.10.12-23.51.53:416][843]Cmd: MEM
[2016.10.12-23.51.53:436][843]LogMemory: Platform Memory Stats for Windows
[2016.10.12-23.51.53:436][843]LogMemory: Process Physical Memory: 956.51 MB used, 1184.86 MB peak
[2016.10.12-23.51.53:436][843]LogMemory: Process Virtual Memory: 2224.05 MB used, 2315.09 MB peak
[2016.10.12-23.51.53:436][843]LogMemory: Physical Memory: 7060.27 MB used, 8145.47 MB total
[2016.10.12-23.51.53:436][843]LogMemory: Virtual Memory: 3105.59 MB used, 134217728.00 MB total
[2016.10.12-23.51.53:437][843]LogMemory: 
[2016.10.12-23.51.53:437][843]Allocator Stats for TBB: (not implemented)
[2016.10.12-23.51.55:168][843]LogAIModule: Creating AISystem for world ArenaMap
[2016.10.12-23.51.55:169][843]LogWorld: Game class is 'FirstPersonGameMode_C'
[2016.10.12-23.51.55:227][843]LogWorld: Bringing World /Game/ArenaMap/UEDPIE_0_ArenaMap.ArenaMap up for play (max tick rate 0) at 2016.10.13-00.51.55
[2016.10.12-23.51.55:231][843]LogWorld: Bringing up level for play took: 0.061373
[2016.10.12-23.51.55:240][843]LogLoad: Took 1.846986 seconds to LoadMap(/Game/ArenaMap/ArenaMap)
[2016.10.12-23.51.58:323][175]LogBlueprintUserMessages: Early EndPlayMap Detection: Level '/Game/ArenaMap/MainMenu.MainMenu:PersistentLevel' has LevelScriptBlueprint '/Game/ArenaMap/MainMenu.MainMenu:PersistentLevel.MainMenu' with GeneratedClass '/Game/ArenaMap/MainMenu.MainMenu_C' with ClassGeneratedBy '/Game/ArenaMap/MainMenu.MainMenu:PersistentLevel.MainMenu'
[2016.10.12-23.51.58:373][175]LogBlueprintUserMessages: Late EndPlayMap Detection: Level '/Game/ArenaMap/MainMenu.MainMenu:PersistentLevel' has LevelScriptBlueprint '/Game/ArenaMap/MainMenu.MainMenu:PersistentLevel.MainMenu' with GeneratedClass '/Game/ArenaMap/MainMenu.MainMenu_C' with ClassGeneratedBy '/Game/ArenaMap/MainMenu.MainMenu:PersistentLevel.MainMenu'
[2016.10.12-23.52.22:247][ 97]BlueprintLog: New page: Compile FirstPersonCharacter
[2016.10.12-23.52.22:491][ 97]BlueprintEditorCompileResults: Info [0657.55] Compile of FirstPersonCharacter successful! [in 243 ms] (/Game/FirstPersonBP/Blueprints/FirstPersonCharacter.FirstPersonCharacter)
[2016.10.12-23.52.24:985][263]LogActorComponent: UnregisterComponent: (/Engine/Transient.EditorFloorComp) Not registered. Aborting.
[2016.10.12-23.52.26:876][297]LogSavePackage: Save=127.41ms
[2016.10.12-23.52.26:876][297]LogSavePackage: Moving 'D:/Repositories/UnrealGameJam-Last/UnrealGameJam/Saved/FirstPersonCharacter8FEE7E7544ABD01E5A0EEBB9EA4A9250.tmp' to 'D:/Repositories/UnrealGameJam-Last/UnrealGameJam/Content/FirstPersonBP/Blueprints/FirstPersonCharacter.uasset'
[2016.10.12-23.52.26:877][297]LogSavePackage:Display: Finished SavePackage D:/Repositories/UnrealGameJam-Last/UnrealGameJam/Content/FirstPersonBP/Blueprints/FirstPersonCharacter.uasset
[2016.10.12-23.52.26:968][297]LogWindowsTextInputMethodSystem:Display: IME system now deactivated.
[2016.10.12-23.52.27:169][298]Cmd: QUIT_EDITOR
[2016.10.12-23.52.27:369][298]LogExit: Preparing to exit.
[2016.10.12-23.52.27:663][298]LogExit: Editor shut down
[2016.10.12-23.52.27:663][298]LogExit: Transaction tracking system shut down
[2016.10.12-23.52.27:964][298]LogObj: Freed 0b from 0 cluster array pools.
[2016.10.12-23.52.27:964][298]LogExit: Object subsystem successfully closed.
[2016.10.12-23.52.27:994][298]LogD3D11RHI: Shutdown
[2016.10.12-23.52.27:994][298]LogD3D11RHI: CleanupD3DDevice
[2016.10.12-23.52.28:091][298]LogD3D11RHI: ~FD3D11DynamicRHI
[2016.10.12-23.52.28:124][298]LogModuleManager: Shutting down and abandoning module MovieSceneCapture (216)
[2016.10.12-23.52.28:124][298]LogModuleManager: Shutting down and abandoning module SequencerWidgets (215)
[2016.10.12-23.52.28:124][298]LogModuleManager: Shutting down and abandoning module BlueprintGraph (214)
[2016.10.12-23.52.28:124][298]LogModuleManager: Shutting down and abandoning module HierarchicalLODOutliner (213)
[2016.10.12-23.52.28:124][298]LogModuleManager: Shutting down and abandoning module CrashTracker (212)
[2016.10.12-23.52.28:124][298]LogModuleManager: Shutting down and abandoning module SceneOutliner (211)
[2016.10.12-23.52.28:124][298]LogModuleManager: Shutting down and abandoning module WidgetCarousel (210)
[2016.10.12-23.52.28:125][298]LogModuleManager: Shutting down and abandoning module AddContentDialog (209)
[2016.10.12-23.52.28:131][298]LogModuleManager: Shutting down and abandoning module GameplayTags (208)
[2016.10.12-23.52.28:131][298]LogModuleManager: Shutting down and abandoning module EditorWidgets (207)
[2016.10.12-23.52.28:131][298]LogModuleManager: Shutting down and abandoning module CollectionManager (206)
[2016.10.12-23.52.28:131][298]LogModuleManager: Shutting down and abandoning module StatsViewer (205)
[2016.10.12-23.52.28:132][298]LogModuleManager: Shutting down and abandoning module FoliageEdit (204)
[2016.10.12-23.52.28:132][298]LogModuleManager: Shutting down and abandoning module LandscapeEditor (203)
[2016.10.12-23.52.28:133][298]LogModuleManager: Shutting down and abandoning module SceneDepthPickerMode (202)
[2016.10.12-23.52.28:133][298]LogModuleManager: Shutting down and abandoning module ActorPickerMode (201)
[2016.10.12-23.52.28:133][298]LogModuleManager: Shutting down and abandoning module GeometryMode (200)
[2016.10.12-23.52.28:133][298]LogModuleManager: Shutting down and abandoning module TextureAlignMode (199)
[2016.10.12-23.52.28:133][298]LogModuleManager: Shutting down and abandoning module BspMode (198)
[2016.10.12-23.52.28:134][298]LogModuleManager: Shutting down and abandoning module HardwareSurvey (197)
[2016.10.12-23.52.28:134][298]LogModuleManager: Shutting down and abandoning module SequenceRecorderSections (196)
[2016.10.12-23.52.28:134][298]LogModuleManager: Shutting down and abandoning module SequenceRecorder (195)
[2016.10.12-23.52.28:135][298]LogModuleManager: Shutting down and abandoning module AutomationWorker (194)
[2016.10.12-23.52.28:135][298]LogModuleManager: Shutting down and abandoning module MatineeToLevelSequence (193)
[2016.10.12-23.52.28:135][298]LogModuleManager: Shutting down and abandoning module PlacementMode (192)
[2016.10.12-23.52.28:135][298]LogModuleManager: Shutting down and abandoning module LevelSequenceEditor (191)
[2016.10.12-23.52.28:137][298]LogModuleManager: Shutting down and abandoning module CharacterAI (190)
[2016.10.12-23.52.28:137][298]LogModuleManager: Shutting down and abandoning module SmartSnapping (189)
[2016.10.12-23.52.28:137][298]LogModuleManager: Shutting down and abandoning module SessionServices (188)
[2016.10.12-23.52.28:137][298]LogModuleManager: Shutting down and abandoning module ViewportSnapping (187)
[2016.10.12-23.52.28:137][298]LogModuleManager: Shutting down and abandoning module LogVisualizer (186)
[2016.10.12-23.52.28:139][298]LogModuleManager: Shutting down and abandoning module GameProjectGeneration (185)
[2016.10.12-23.52.28:140][298]LogModuleManager: Shutting down and abandoning module IntroTutorials (184)
[2016.10.12-23.52.28:140][298]LogModuleManager: Shutting down and abandoning module EditorLiveStreaming (183)
[2016.10.12-23.52.28:140][298]LogModuleManager: Shutting down and abandoning module IOSPlatformEditor (182)
[2016.10.12-23.52.28:140][298]LogModuleManager: Shutting down and abandoning module HTML5PlatformEditor (181)
[2016.10.12-23.52.28:140][298]LogModuleManager: Shutting down and abandoning module AndroidDeviceDetection (180)
[2016.10.12-23.52.28:354][298]LogModuleManager: Shutting down and abandoning module AndroidPlatformEditor (179)
[2016.10.12-23.52.28:354][298]LogModuleManager: Shutting down and abandoning module IOSRuntimeSettings (178)
[2016.10.12-23.52.28:354][298]LogModuleManager: Shutting down and abandoning module AndroidRuntimeSettings (177)
[2016.10.12-23.52.28:354][298]LogModuleManager: Shutting down and abandoning module MergeActors (176)
[2016.10.12-23.52.28:355][298]LogModuleManager: Shutting down and abandoning module SizeMap (175)
[2016.10.12-23.52.28:355][298]LogModuleManager: Shutting down and abandoning module TreeMap (174)
[2016.10.12-23.52.28:355][298]LogModuleManager: Shutting down and abandoning module ReferenceViewer (173)
[2016.10.12-23.52.28:356][298]LogModuleManager: Shutting down and abandoning module LocalizationService (172)
[2016.10.12-23.52.28:356][298]LogModuleManager: Shutting down and abandoning module LocalizationDashboard (171)
[2016.10.12-23.52.28:357][298]LogModuleManager: Shutting down and abandoning module HardwareTargeting (170)
[2016.10.12-23.52.28:357][298]LogModuleManager: Shutting down and abandoning module DeviceProfileEditor (169)
[2016.10.12-23.52.28:358][298]LogModuleManager: Shutting down and abandoning module UndoHistory (168)
[2016.10.12-23.52.28:358][298]LogModuleManager: Shutting down and abandoning module UserFeedback (167)
[2016.10.12-23.52.28:358][298]LogModuleManager: Shutting down and abandoning module XmlParser (166)
[2016.10.12-23.52.28:358][298]LogModuleManager: Shutting down and abandoning module Blutility (165)
[2016.10.12-23.52.28:358][298]LogModuleManager: Shutting down and abandoning module ProjectTargetPlatformEditor (164)
[2016.10.12-23.52.28:359][298]LogModuleManager: Shutting down and abandoning module ProjectSettingsViewer (163)
[2016.10.12-23.52.28:359][298]LogModuleManager: Shutting down and abandoning module InputBindingEditor (162)
[2016.10.12-23.52.28:360][298]LogModuleManager: Shutting down and abandoning module EditorSettingsViewer (161)
[2016.10.12-23.52.28:360][298]LogModuleManager: Shutting down and abandoning module SettingsEditor (160)
[2016.10.12-23.52.28:361][298]LogModuleManager: Shutting down and abandoning module ProjectLauncher (159)
[2016.10.12-23.52.28:361][298]LogModuleManager: Shutting down and abandoning module SessionFrontend (158)
[2016.10.12-23.52.28:362][298]LogModuleManager: Shutting down and abandoning module ProfilerClient (157)
[2016.10.12-23.52.28:362][298]LogModuleManager: Shutting down and abandoning module TargetDeviceServices (156)
[2016.10.12-23.52.28:363][298]LogModuleManager: Shutting down and abandoning module DeviceManager (155)
[2016.10.12-23.52.28:406][298]LogModuleManager: Shutting down and abandoning module AutomationController (154)
[2016.10.12-23.52.28:407][298]LogModuleManager: Shutting down and abandoning module AutomationWindow (153)
[2016.10.12-23.52.28:408][298]LogModuleManager: Shutting down and abandoning module Layers (152)
[2016.10.12-23.52.28:410][298]LogModuleManager: Shutting down and abandoning module ComponentVisualizers (151)
[2016.10.12-23.52.28:410][298]LogModuleManager: Shutting down and abandoning module DetailCustomizations (150)
[2016.10.12-23.52.28:410][298]LogModuleManager: Shutting down and abandoning module PackagesDialog (149)
[2016.10.12-23.52.28:410][298]LogModuleManager: Shutting down and abandoning module Persona (148)
[2016.10.12-23.52.28:413][298]LogModuleManager: Shutting down and abandoning module Kismet (147)
[2016.10.12-23.52.28:413][298]LogModuleManager: Shutting down and abandoning module GraphEditor (146)
[2016.10.12-23.52.28:413][298]LogModuleManager: Shutting down and abandoning module ClassViewer (145)
[2016.10.12-23.52.28:413][298]LogModuleManager: Shutting down and abandoning module Toolbox (144)
[2016.10.12-23.52.28:414][298]LogModuleManager: Shutting down and abandoning module ModuleUI (143)
[2016.10.12-23.52.28:414][298]LogModuleManager: Shutting down and abandoning module MovieSceneTools (142)
[2016.10.12-23.52.28:414][298]LogModuleManager: Shutting down and abandoning module OutputLog (141)
[2016.10.12-23.52.28:415][298]LogModuleManager: Shutting down and abandoning module GammaUI (140)
[2016.10.12-23.52.28:415][298]LogModuleManager: Shutting down and abandoning module Documentation (139)
[2016.10.12-23.52.28:415][298]LogModuleManager: Shutting down and abandoning module StreamingPauseRendering (138)
[2016.10.12-23.52.28:416][298]LogModuleManager: Shutting down and abandoning module AnalyticsET (137)
[2016.10.12-23.52.28:416][298]LogModuleManager: Shutting down and abandoning module Analytics (136)
[2016.10.12-23.52.28:416][298]LogModuleManager: Shutting down and abandoning module PortalServices (135)
[2016.10.12-23.52.28:416][298]LogModuleManager: Shutting down and abandoning module PortalRpc (134)
[2016.10.12-23.52.28:416][298]LogModuleManager: Shutting down and abandoning module MessagingRpc (133)
[2016.10.12-23.52.28:416][298]LogModuleManager: Shutting down and abandoning module GameplayDebugger (132)
[2016.10.12-23.52.28:416][298]LogModuleManager: Shutting down and abandoning module AITestSuite (131)
[2016.10.12-23.52.28:416][298]LogModuleManager: Shutting down and abandoning module AIModule (130)
[2016.10.12-23.52.28:416][298]LogModuleManager: Shutting down and abandoning module ProfilerService (129)
[2016.10.12-23.52.28:510][298]LogModuleManager: Shutting down and abandoning module TaskGraph (128)
[2016.10.12-23.52.28:511][298]LogModuleManager: Shutting down and abandoning module SlateRemote (127)
[2016.10.12-23.52.28:511][298]LogModuleManager: Shutting down and abandoning module SteamVRController (126)
[2016.10.12-23.52.28:511][298]LogModuleManager: Shutting down and abandoning module SteamVR (125)
[2016.10.12-23.52.28:511][298]LogModuleManager: Shutting down and abandoning module ProceduralMeshComponent (124)
[2016.10.12-23.52.28:511][298]LogModuleManager: Shutting down and abandoning module OculusLibrary (123)
[2016.10.12-23.52.28:511][298]LogModuleManager: Shutting down and abandoning module OculusInput (122)
[2016.10.12-23.52.28:511][298]LogModuleManager: Shutting down and abandoning module CustomMeshComponent (121)
[2016.10.12-23.52.28:511][298]LogModuleManager: Shutting down and abandoning module CableComponent (120)
[2016.10.12-23.52.28:512][298]LogModuleManager: Shutting down and abandoning module ArchVisCharacter (119)
[2016.10.12-23.52.28:512][298]LogModuleManager: Shutting down and abandoning module MediaPlayerEditor (118)
[2016.10.12-23.52.28:513][298]LogModuleManager: Shutting down and abandoning module HTML5Networking (117)
[2016.10.12-23.52.28:513][298]LogModuleManager: Shutting down and abandoning module SuperSearch (116)
[2016.10.12-23.52.28:513][298]LogModuleManager: Shutting down and abandoning module SuperSearchEditor (115)
[2016.10.12-23.52.28:513][298]LogModuleManager: Shutting down and abandoning module SpeedTreeImporter (114)
[2016.10.12-23.52.28:513][298]LogModuleManager: Shutting down and abandoning module PluginBrowser (113)
[2016.10.12-23.52.28:514][298]LogModuleManager: Shutting down and abandoning module EpicSurvey (112)
[2016.10.12-23.52.28:514][298]LogModuleManager: Shutting down and abandoning module DesktopPlatform (111)
[2016.10.12-23.52.28:515][298]LogModuleManager: Shutting down and abandoning module VisualStudioSourceCodeAccess (110)
[2016.10.12-23.52.28:515][298]LogModuleManager: Shutting down and abandoning module UObjectPlugin (109)
[2016.10.12-23.52.28:515][298]LogModuleManager: Shutting down and abandoning module SubversionSourceControl (108)
[2016.10.12-23.52.28:516][298]LogModuleManager: Shutting down and abandoning module PerforceSourceControl (107)
[2016.10.12-23.52.28:516][298]LogModuleManager: Shutting down and abandoning module SourceControl (106)
[2016.10.12-23.52.28:517][298]LogModuleManager: Shutting down and abandoning module GitSourceControl (105)
[2016.10.12-23.52.28:518][298]LogModuleManager: Shutting down and abandoning module LightPropagationVolumeEditor (104)
[2016.10.12-23.52.28:518][298]LogModuleManager: Shutting down and abandoning module PaperTiledImporter (103)
[2016.10.12-23.52.28:518][298]LogModuleManager: Shutting down and abandoning module PaperSpriteSheetImporter (102)
[2016.10.12-23.52.28:518][298]LogModuleManager: Shutting down and abandoning module MeshPaint (101)
[2016.10.12-23.52.28:518][298]LogModuleManager: Shutting down and abandoning module PixelInspectorModule (100)
[2016.10.12-23.52.28:519][298]LogModuleManager: Shutting down and abandoning module HotReload (99)
[2016.10.12-23.52.28:520][298]LogModuleManager: Shutting down and abandoning module MainFrame (98)
[2016.10.12-23.52.28:520][298]LogModuleManager: Shutting down and abandoning module LevelEditor (97)
[2016.10.12-23.52.28:521][298]LogModuleManager: Shutting down and abandoning module ContentBrowser (96)
[2016.10.12-23.52.28:523][298]LogModuleManager: Shutting down and abandoning module Paper2DEditor (95)
[2016.10.12-23.52.28:524][298]LogModuleManager: Shutting down and abandoning module UdpMessaging (94)
[2016.10.12-23.52.28:624][298]LogModuleManager: Shutting down and abandoning module LightPropagationVolumeRuntime (93)
[2016.10.12-23.52.28:624][298]LogModuleManager: Shutting down and abandoning module Paper2D (92)
[2016.10.12-23.52.28:625][298]LogModuleManager: Shutting down and abandoning module WindowsMoviePlayer (91)
[2016.10.12-23.52.28:625][298]LogModuleManager: Shutting down and abandoning module Media (90)
[2016.10.12-23.52.28:625][298]LogModuleManager: Shutting down and abandoning module WmfMedia (89)
[2016.10.12-23.52.28:626][298]LogModuleManager: Shutting down and abandoning module MediaAssets (88)
[2016.10.12-23.52.28:626][298]LogModuleManager: Shutting down and abandoning module GameLiveStreaming (87)
[2016.10.12-23.52.28:627][298]LogModuleManager: Shutting down and abandoning module GameplayTagsEditor (86)
[2016.10.12-23.52.28:627][298]LogModuleManager: Shutting down and abandoning module OnlineBlueprintSupport (85)
[2016.10.12-23.52.28:627][298]LogModuleManager: Shutting down and abandoning module VREditor (84)
[2016.10.12-23.52.28:627][298]LogModuleManager: Shutting down and abandoning module GameplayTasksEditor (83)
[2016.10.12-23.52.28:627][298]LogModuleManager: Shutting down and abandoning module PropertyEditor (82)
[2016.10.12-23.52.28:628][298]LogModuleManager: Shutting down and abandoning module BehaviorTreeEditor (81)
[2016.10.12-23.52.28:629][298]LogModuleManager: Shutting down and abandoning module FunctionalTesting (80)
[2016.10.12-23.52.28:630][298]LogModuleManager: Shutting down and abandoning module CollisionAnalyzer (79)
[2016.10.12-23.52.28:631][298]LogModuleManager: Shutting down and abandoning module Sequencer (78)
[2016.10.12-23.52.28:631][298]LogModuleManager: Shutting down and abandoning module WorkspaceMenuStructure (77)
[2016.10.12-23.52.28:631][298]LogModuleManager: Shutting down and abandoning module MessageLog (76)
[2016.10.12-23.52.28:631][298]LogModuleManager: Shutting down and abandoning module AssetTools (75)
[2016.10.12-23.52.28:633][298]LogModuleManager: Shutting down and abandoning module UMGEditor (74)
[2016.10.12-23.52.28:633][298]LogModuleManager: Shutting down and abandoning module UMG (73)
[2016.10.12-23.52.28:633][298]LogModuleManager: Shutting down and abandoning module SlateReflector (72)
[2016.10.12-23.52.28:635][298]LogModuleManager: Shutting down and abandoning module Slate (71)
[2016.10.12-23.52.28:635][298]LogModuleManager: Shutting down and abandoning module EditorStyle (70)
[2016.10.12-23.52.28:642][298]LogModuleManager: Shutting down and abandoning module SourceCodeAccess (69)
[2016.10.12-23.52.28:642][298]LogModuleManager: Shutting down and abandoning module HeadMountedDisplay (68)
[2016.10.12-23.52.28:642][298]LogModuleManager: Shutting down and abandoning module XAudio2 (67)
[2016.10.12-23.52.28:642][298]LogModuleManager: Shutting down and abandoning module Networking (65)
[2016.10.12-23.52.28:642][298]LogModuleManager: Shutting down and abandoning module Core (64)
[2016.10.12-23.52.28:642][298]LogModuleManager: Shutting down and abandoning module DirectoryWatcher (63)
[2016.10.12-23.52.28:650][298]LogModuleManager: Shutting down and abandoning module AssetRegistry (62)
[2016.10.12-23.52.28:931][298]LogModuleManager: Shutting down and abandoning module KismetCompiler (61)
[2016.10.12-23.52.28:931][298]LogModuleManager: Shutting down and abandoning module PhysXFormats (60)
[2016.10.12-23.52.28:931][298]LogModuleManager: Shutting down and abandoning module MeshUtilities (59)
[2016.10.12-23.52.28:932][298]LogModuleManager: Shutting down and abandoning module DerivedDataCache (58)
[2016.10.12-23.52.28:980][298]LogDerivedDataCache: Shutdown
[2016.10.12-23.52.28:980][298]LogModuleManager: Shutting down and abandoning module VulkanShaderFormat (57)
[2016.10.12-23.52.28:981][298]LogModuleManager: Shutting down and abandoning module ShaderFormatOpenGL (56)
[2016.10.12-23.52.28:981][298]LogModuleManager: Shutting down and abandoning module ShaderFormatD3D (55)
[2016.10.12-23.52.28:982][298]LogModuleManager: Shutting down and abandoning module MetalShaderFormat (54)
[2016.10.12-23.52.28:982][298]LogModuleManager: Shutting down and abandoning module TextureFormatUncompressed (53)
[2016.10.12-23.52.28:982][298]LogModuleManager: Shutting down and abandoning module TextureFormatPVR (52)
[2016.10.12-23.52.28:982][298]LogModuleManager: Shutting down and abandoning module TextureFormatIntelISPCTexComp (51)
[2016.10.12-23.52.28:983][298]LogModuleManager: Shutting down and abandoning module TextureFormatDXT (50)
[2016.10.12-23.52.28:983][298]LogModuleManager: Shutting down and abandoning module ImageWrapper (49)
[2016.10.12-23.52.28:983][298]LogModuleManager: Shutting down and abandoning module TextureFormatASTC (48)
[2016.10.12-23.52.28:983][298]LogModuleManager: Shutting down and abandoning module TextureFormatAndroid (47)
[2016.10.12-23.52.28:983][298]LogModuleManager: Shutting down and abandoning module AudioFormatOpus (46)
[2016.10.12-23.52.28:983][298]LogModuleManager: Shutting down and abandoning module AudioFormatOgg (45)
[2016.10.12-23.52.28:983][298]LogModuleManager: Shutting down and abandoning module AudioFormatADPCM (44)
[2016.10.12-23.52.28:984][298]LogModuleManager: Shutting down and abandoning module LinuxTargetPlatform (43)
[2016.10.12-23.52.28:984][298]LogModuleManager: Shutting down and abandoning module LinuxServerTargetPlatform (42)
[2016.10.12-23.52.28:984][298]LogModuleManager: Shutting down and abandoning module LinuxNoEditorTargetPlatform (41)
[2016.10.12-23.52.28:984][298]LogModuleManager: Shutting down and abandoning module TVOSTargetPlatform (40)
[2016.10.12-23.52.28:984][298]LogModuleManager: Shutting down and abandoning module Messaging (39)
[2016.10.12-23.52.28:984][298]LogModuleManager: Shutting down and abandoning module IOSTargetPlatform (38)
[2016.10.12-23.52.28:984][298]LogModuleManager: Shutting down and abandoning module HTML5TargetPlatform (37)
[2016.10.12-23.52.28:984][298]LogModuleManager: Shutting down and abandoning module Android_PVRTCTargetPlatform (36)
[2016.10.12-23.52.28:984][298]LogModuleManager: Shutting down and abandoning module Android_MultiTargetPlatform (35)
[2016.10.12-23.52.28:984][298]LogModuleManager: Shutting down and abandoning module Android_ETC2TargetPlatform (34)
[2016.10.12-23.52.28:985][298]LogModuleManager: Shutting down and abandoning module Android_ETC1TargetPlatform (33)
[2016.10.12-23.52.28:985][298]LogModuleManager: Shutting down and abandoning module Android_DXTTargetPlatform (32)
[2016.10.12-23.52.28:985][298]LogModuleManager: Shutting down and abandoning module Android_ATCTargetPlatform (31)
[2016.10.12-23.52.28:985][298]LogModuleManager: Shutting down and abandoning module Android_ASTCTargetPlatform (30)
[2016.10.12-23.52.28:985][298]LogModuleManager: Shutting down and abandoning module AndroidTargetPlatform (29)
[2016.10.12-23.52.28:985][298]LogModuleManager: Shutting down and abandoning module WindowsTargetPlatform (28)
[2016.10.12-23.52.28:985][298]LogModuleManager: Shutting down and abandoning module WindowsServerTargetPlatform (27)
[2016.10.12-23.52.28:985][298]LogModuleManager: Shutting down and abandoning module WindowsNoEditorTargetPlatform (26)
[2016.10.12-23.52.28:985][298]LogModuleManager: Shutting down and abandoning module WindowsClientTargetPlatform (25)
[2016.10.12-23.52.28:985][298]LogModuleManager: Shutting down and abandoning module AllDesktopTargetPlatform (24)
[2016.10.12-23.52.28:985][298]LogModuleManager: Shutting down and abandoning module TargetPlatform (23)
[2016.10.12-23.52.28:985][298]LogModuleManager: Shutting down and abandoning module InputCore (22)
[2016.10.12-23.52.28:985][298]LogModuleManager: Shutting down and abandoning module Settings (21)
[2016.10.12-23.52.28:986][298]LogModuleManager: Shutting down and abandoning module OnlineSubsystem (19)
[2016.10.12-23.52.28:986][298]LogModuleManager: Shutting down and abandoning module HTTP (18)
[2016.10.12-23.52.30:489][298]LogModuleManager: Shutting down and abandoning module XMPP (17)
[2016.10.12-23.52.30:491][298]LogModuleManager: Shutting down and abandoning module OculusRift (16)
[2016.10.12-23.52.30:491][298]LogModuleManager: Shutting down and abandoning module ExampleDeviceProfileSelector (15)
[2016.10.12-23.52.30:491][298]LogModuleManager: Shutting down and abandoning module TextureCompressor (14)
[2016.10.12-23.52.30:492][298]LogModuleManager: Shutting down and abandoning module ShaderCore (13)
[2016.10.12-23.52.30:492][298]LogModuleManager: Shutting down and abandoning module Landscape (12)
[2016.10.12-23.52.30:492][298]LogModuleManager: Shutting down and abandoning module SlateRHIRenderer (11)
[2016.10.12-23.52.30:500][298]LogModuleManager: Shutting down and abandoning module OpenGLDrv (10)
[2016.10.12-23.52.30:501][298]LogModuleManager: Shutting down and abandoning module D3D11RHI (9)
[2016.10.12-23.52.30:501][298]LogModuleManager: Shutting down and abandoning module AnimGraphRuntime (8)
[2016.10.12-23.52.30:501][298]LogModuleManager: Shutting down and abandoning module Renderer (7)
[2016.10.12-23.52.30:501][298]LogModuleManager: Shutting down and abandoning module Engine (6)
[2016.10.12-23.52.30:501][298]LogModuleManager: Shutting down and abandoning module CoreUObject (5)
[2016.10.12-23.52.30:501][298]LogModuleManager: Shutting down and abandoning module NetworkFile (4)
[2016.10.12-23.52.30:501][298]LogModuleManager: Shutting down and abandoning module StreamingFile (3)
[2016.10.12-23.52.30:501][298]LogModuleManager: Shutting down and abandoning module SandboxFile (2)
[2016.10.12-23.52.30:502][298]LogModuleManager: Shutting down and abandoning module PakFile (1)
[2016.10.12-23.52.30:504][298]LogExit: Exiting.
[2016.10.12-23.52.30:509][298]Log file closed, 10/13/16 00:52:30
