Log file open, 10/12/16 18:40:33
LogInit:Display: Running engine for game: UnrealGameJam
LogPlatformFile: Not using cached read wrapper
LogInit:Display: RandInit(1220751855) SRandInit(1220751856).
LogTaskGraph: Started task graph with 4 named threads and 7 total threads with 1 sets of task threads.
LogStats: Stats thread started at 0.078728
LogInit: Version: 4.12.5-3039270+++UE4+Release-4.12
LogInit: API Version: 2992821
LogInit: Net Version: 3039270
LogDevObjectVersion: Number of dev versions registered: 13
LogDevObjectVersion:   Dev-Blueprints (B0D832E4-1F89-4F0D-ACCF-7EB736FD4AA2): 3
LogDevObjectVersion:   Dev-Build (E1C64328-A22C-4D53-A36C-8E866417BD8C): 0
LogDevObjectVersion:   Dev-Core (375EC13C-06E4-48FB-B500-84F0262A717E): 1
LogDevObjectVersion:   Dev-Editor (E4B068ED-F494-42E9-A231-DA0B2E46BB41): 2
LogDevObjectVersion:   Dev-Framework (CFFC743F-43B0-4480-9391-14DF171D2073): 6
LogDevObjectVersion:   Dev-Mobile (B02B49B5-BB20-44E9-A304-32B752E40360): 0
LogDevObjectVersion:   Dev-Networking (A4E4105C-59A1-49B5-A7C5-40C4547EDFEE): 0
LogDevObjectVersion:   Dev-Online (39C831C9-5AE6-47DC-9A44-9C173E1C8E7C): 0
LogDevObjectVersion:   Dev-Physics (78F01B33-EBEA-4F98-B9B4-84EACCB95AA2): 0
LogDevObjectVersion:   Dev-Platform (6631380F-2D4D-43E0-8009-CF276956A95A): 0
LogDevObjectVersion:   Dev-Rendering (12F88B9F-8875-4AFC-A67C-D90C383ABD29): 2
LogDevObjectVersion:   Dev-Sequencer (7B5AE74C-D270-4C10-A958-57980B212A5A): 0
LogDevObjectVersion:   Dev-VR (D7296918-1DD6-4BDD-9DE2-64A83CC13884): 0
LogInit: Compiled (64-bit): Jul  6 2016 09:09:46
LogInit: Compiled with Visual C++: 19.00.23026.00
LogInit: Build Configuration: Development
LogInit: Branch Name: ++UE4+Release-4.12
LogInit: Command line:  
LogInit: Base directory: C:/Program Files (x86)/Epic Games/4.12/Engine/Binaries/Win64/
LogInit: Installed Engine Build: 1
LogInit: Using libcurl 7.41.0
LogInit:  - built for x86_64-pc-win32
LogInit:  - supports SSL with WinSSL
LogInit:  - other features:
LogInit:      CURL_VERSION_SSL
LogInit:      CURL_VERSION_IPV6
LogInit:      CURL_VERSION_ASYNCHDNS
LogInit:      CURL_VERSION_LARGEFILE
LogInit:      CURL_VERSION_IDN
LogInit:  CurlRequestOptions (configurable via config and command line):
LogInit:  - bVerifyPeer = true  - Libcurl will verify peer certificate
LogInit:  - bUseHttpProxy = false  - Libcurl will NOT use HTTP proxy
LogInit:  - bDontReuseConnections = false  - Libcurl will reuse connections
LogInit:  - CertBundlePath = nullptr  - Libcurl will use whatever was configured at build time.
LogInit: Presizing for max 8388607 objects, including 0 objects not considered by GC, pre-allocating 0 bytes for permanent pool.
LogInit: Object subsystem initialized
[2016.10.12-17.40.34:041][  0]LogInit: Selected Device Profile: [Windows]
[2016.10.12-17.40.34:041][  0]LogInit: Applying CVar settings loaded from the selected device profile: [Windows]
[2016.10.12-17.40.34:051][  0]LogInit: Computer: DESKTOP-N6TRJQS
[2016.10.12-17.40.34:051][  0]LogInit: User: Conor
[2016.10.12-17.40.34:051][  0]LogInit: CPU Page size=65536, Cores=4
[2016.10.12-17.40.34:051][  0]LogInit: High frequency timer resolution =3.312784 MHz
[2016.10.12-17.40.34:051][  0]LogMemory: Memory total: Physical=8.0GB (8GB approx)
[2016.10.12-17.40.34:051][  0]LogMemory: Platform Memory Stats for Windows
[2016.10.12-17.40.34:051][  0]LogMemory: Process Physical Memory: 190.56 MB used, 190.56 MB peak
[2016.10.12-17.40.34:051][  0]LogMemory: Process Virtual Memory: 195.12 MB used, 195.12 MB peak
[2016.10.12-17.40.34:051][  0]LogMemory: Physical Memory: 5731.68 MB used, 8145.47 MB total
[2016.10.12-17.40.34:051][  0]LogMemory: Virtual Memory: 553.29 MB used, 134217728.00 MB total
[2016.10.12-17.40.34:078][  0]LogTextLocalizationManager: No specific translations for ('en-GB') exist, so ('en') translations will be used.
[2016.10.12-17.40.34:412][  0]LogD3D11RHI: D3D11 adapters:
[2016.10.12-17.40.34:445][  0]LogD3D11RHI:    0. 'NVIDIA GeForce GTX 660' (Feature Level 11_0)
[2016.10.12-17.40.34:445][  0]LogD3D11RHI:       1505/0/4072 MB DedicatedVideo/DedicatedSystem/SharedSystem, Outputs:1, VendorId:0x10de
[2016.10.12-17.40.34:446][  0]LogD3D11RHI:    1. 'Microsoft Basic Render Driver' (Feature Level 11_0)
[2016.10.12-17.40.34:446][  0]LogD3D11RHI:       0/0/4072 MB DedicatedVideo/DedicatedSystem/SharedSystem, Outputs:0, VendorId:0x1414
[2016.10.12-17.40.34:446][  0]LogD3D11RHI: Chosen D3D11 Adapter: 0
[2016.10.12-17.40.34:450][  0]LogD3D11RHI: Creating new Direct3DDevice
[2016.10.12-17.40.34:450][  0]LogD3D11RHI:     GPU DeviceId: 0x1185 (for the marketing name, search the web for "GPU Device Id")
[2016.10.12-17.40.34:450][  0]LogWindows: EnumDisplayDevices:
[2016.10.12-17.40.34:450][  0]LogWindows:    0. 'NVIDIA GeForce GTX 660' (P:1 D:1)
[2016.10.12-17.40.34:451][  0]LogWindows:    1. 'NVIDIA GeForce GTX 660' (P:0 D:0)
[2016.10.12-17.40.34:451][  0]LogWindows:    2. 'NVIDIA GeForce GTX 660' (P:0 D:0)
[2016.10.12-17.40.34:451][  0]LogWindows: DebugString: FoundDriverCount:3 
[2016.10.12-17.40.34:451][  0]LogD3D11RHI:     Adapter Name: NVIDIA GeForce GTX 660
[2016.10.12-17.40.34:451][  0]LogD3D11RHI:   Driver Version: 372.90 (internal:21.21.13.7290, unified:372.90)
[2016.10.12-17.40.34:451][  0]LogD3D11RHI:      Driver Date: 9-16-2016
[2016.10.12-17.40.34:451][  0]LogRHI: Texture pool is 1053 MB (70% of 1505 MB)
[2016.10.12-17.40.34:464][  0]LogD3D11RHI: Async texture creation enabled
[2016.10.12-17.40.34:479][  0]LogD3D11RHI: GPU Timing Frequency: 1000.000000 (Debug: 2 2)
[2016.10.12-17.40.34:479][  0]LogShaderCompilers: Guid format shader working directory is -3 characters bigger than the processId version (D:/Repositories/UnrealGameJam-Last/UnrealGameJam/Intermediate/Shaders/WorkingDirectory/14280/).
[2016.10.12-17.40.34:479][  0]LogShaderCompilers: Cleaned the shader compiler working directory 'C:/Users/Conor/AppData/Local/Temp/UnrealShaderWorkingDir/DE0ED93B43F9300782848ABE8FC40F60/'.
[2016.10.12-17.40.34:479][  0]LogShaderCompilers:Display: Using Local Shader Compiler.
[2016.10.12-17.40.35:436][  0]LogTemp:Display: Loaded TP AllDesktopTargetPlatform
[2016.10.12-17.40.35:449][  0]LogTemp:Display: Loaded TP WindowsClientTargetPlatform
[2016.10.12-17.40.35:461][  0]LogTemp:Display: Loaded TP WindowsNoEditorTargetPlatform
[2016.10.12-17.40.35:471][  0]LogTemp:Display: Loaded TP WindowsServerTargetPlatform
[2016.10.12-17.40.35:480][  0]LogTemp:Display: Loaded TP WindowsTargetPlatform
[2016.10.12-17.40.35:488][  0]LogTemp:Display: Loaded TP AndroidTargetPlatform
[2016.10.12-17.40.35:498][  0]LogTemp:Display: Loaded TP Android_ASTCTargetPlatform
[2016.10.12-17.40.35:506][  0]LogTemp:Display: Loaded TP Android_ATCTargetPlatform
[2016.10.12-17.40.35:517][  0]LogTemp:Display: Loaded TP Android_DXTTargetPlatform
[2016.10.12-17.40.35:531][  0]LogTemp:Display: Loaded TP Android_ETC1TargetPlatform
[2016.10.12-17.40.35:544][  0]LogTemp:Display: Loaded TP Android_ETC2TargetPlatform
[2016.10.12-17.40.35:572][  0]LogTemp:Display: Loaded TP Android_MultiTargetPlatform
[2016.10.12-17.40.35:572][  0]LogTemp:Display: Loaded TP Android_PVRTCTargetPlatform
[2016.10.12-17.40.35:574][  0]LogTemp:Display: Loaded TP HTML5TargetPlatform
[2016.10.12-17.40.35:595][  0]LogTemp:Display: Loaded TP IOSTargetPlatform
[2016.10.12-17.40.35:609][  0]LogTemp:Display: Loaded TP TVOSTargetPlatform
[2016.10.12-17.40.35:622][  0]LogTemp:Display: Loaded TP LinuxNoEditorTargetPlatform
[2016.10.12-17.40.35:636][  0]LogTemp:Display: Loaded TP LinuxServerTargetPlatform
[2016.10.12-17.40.35:648][  0]LogTemp:Display: Loaded TP LinuxTargetPlatform
[2016.10.12-17.40.35:648][  0]LogTargetPlatformManager:Display: Building Assets For Windows
[2016.10.12-17.40.35:781][  0]LogDerivedDataCache:Display: Max Cache Size: 512 MB
[2016.10.12-17.40.35:837][  0]LogDerivedDataCache: Loaded boot cache 0.06s 53MB C:/Users/Conor/AppData/Local/UnrealEngine/4.12/DerivedDataCache/Boot.ddc.
[2016.10.12-17.40.35:837][  0]LogDerivedDataCache:Display: Loaded Boot cache: C:/Users/Conor/AppData/Local/UnrealEngine/4.12/DerivedDataCache/Boot.ddc
[2016.10.12-17.40.35:837][  0]LogDerivedDataCache: FDerivedDataBackendGraph:  Pak pak cache file D:/Repositories/UnrealGameJam-Last/UnrealGameJam/DerivedDataCache/DDC.ddp not found, will not use a pak cache.
[2016.10.12-17.40.35:837][  0]LogDerivedDataCache: Unable to find inner node Pak for hierarchical cache Hierarchy.
[2016.10.12-17.40.35:837][  0]LogDerivedDataCache: FDerivedDataBackendGraph:  CompressedPak pak cache file D:/Repositories/UnrealGameJam-Last/UnrealGameJam/DerivedDataCache/Compressed.ddp not found, will not use a pak cache.
[2016.10.12-17.40.35:837][  0]LogDerivedDataCache: Unable to find inner node CompressedPak for hierarchical cache Hierarchy.
[2016.10.12-17.40.35:875][  0]LogDerivedDataCache:Display: Pak cache opened for reading ../../../Engine/DerivedDataCache/Compressed.ddp.
[2016.10.12-17.40.35:887][  0]LogDerivedDataCache: Using Local data cache path C:/Users/Conor/AppData/Local/UnrealEngine/Common/DerivedDataCache: Writable
[2016.10.12-17.40.36:185][  0]LogInit: Selected Device Profile: [Windows]
[2016.10.12-17.40.36:185][  0]LogContentStreaming: Texture pool size is 0.00 MB
[2016.10.12-17.40.36:395][  0]LogMeshUtilities: No automatic mesh reduction module available
[2016.10.12-17.40.36:395][  0]LogMeshUtilities: No automatic mesh merging module available
[2016.10.12-17.40.36:395][  0]LogMeshUtilities: No distributed automatic mesh merging module available
[2016.10.12-17.40.36:623][  0]LogAssetRegistry: FAssetRegistry took 0.0213 seconds to start up
[2016.10.12-17.40.36:648][  0]LogPackageLocalizationCache: Processed 3 localized package path(s) for 2 prioritized culture(s) in 0.022129 seconds
[2016.10.12-17.40.36:653][  0]LogUObjectArray: 28739 objects as part of root set at end of initial load.
[2016.10.12-17.40.36:653][  0]LogUObjectAllocator: 5855624 out of 0 bytes used by permanent object pool.
[2016.10.12-17.40.36:653][  0]LogUObjectArray: CloseDisregardForGC: 0/0 objects in disregard for GC pool
[2016.10.12-17.40.36:661][  0]LogInit: WinSock: version 1.1 (2.2), MaxSocks=32767, MaxUdp=65467
[2016.10.12-17.40.36:830][  0]LogSlate: SlateFontCache - WITH_FREETYPE: 1, WITH_HARFBUZZ: 1
[2016.10.12-17.40.36:830][  0]LogSlate: SlateFontCache - WITH_FREETYPE: 1, WITH_HARFBUZZ: 1
[2016.10.12-17.40.37:416][  0]LogUdpMessaging: Initializing bridge on interface 0.0.0.0:0 to multicast group 230.0.0.1:6666.
[2016.10.12-17.40.37:640][  0]SourceControl: Info Source control is disabled
[2016.10.12-17.40.37:678][  0]SourceControl: Info Source control is disabled
[2016.10.12-17.40.37:688][  0]SourceControl: Info Source control is disabled
[2016.10.12-17.40.37:698][  0]SourceControl: Info Source control is disabled
[2016.10.12-17.40.37:910][  0]LogEngine: Initializing Engine...
[2016.10.12-17.40.37:911][  0]LogHMD: SteamVR failed to initialize.  Err: 110
[2016.10.12-17.40.37:911][  0]LogHMD: SteamVR failed to initialize.  Err: 110
[2016.10.12-17.40.38:041][  0]LogAIModule: Creating AISystem for world NewWorld
[2016.10.12-17.40.38:054][  0]LogInit: XAudio2 using 'Speakers (2- Logitech G430 Gaming Headset)' : 2 channels at 44.1 kHz using 16 bits per sample (channel mask 0x3)
[2016.10.12-17.40.38:064][  0]LogInit: FAudioDevice initialized.
[2016.10.12-17.40.38:089][  0]LogDerivedDataCache: Saved boot cache 0.03s 53MB C:/Users/Conor/AppData/Local/UnrealEngine/4.12/DerivedDataCache/Boot.ddc.
[2016.10.12-17.40.38:096][  0]LogInit: Texture streaming: Enabled
[2016.10.12-17.40.38:119][  0]LogInit: Transaction tracking system initialized
[2016.10.12-17.40.38:143][  0]BlueprintLog: New page: Editor Load
[2016.10.12-17.40.38:216][  0]LocalizationService: Info Localization service is disabled
[2016.10.12-17.40.38:277][  0]LogConsoleResponse:Display: 
[2016.10.12-17.40.38:368][  0]LogCook:Display: Max memory allowance for cook 8192mb
[2016.10.12-17.40.38:368][  0]LogCook:Display: Mobile HDR setting 1
[2016.10.12-17.40.38:468][  0]LogFileCache: Scanning file cache for directory 'D:/Repositories/UnrealGameJam-Last/UnrealGameJam/Content/' took 0.01s
[2016.10.12-17.40.38:468][  0]SourceControl: Info Source control is disabled
[2016.10.12-17.40.38:469][  0]Cmd: MAP LOAD FILE="D:/Repositories/UnrealGameJam-Last/UnrealGameJam/Content/ArenaMap/ArenaMap.umap" TEMPLATE=0 SHOWPROGRESS=1 FEATURELEVEL=3
[2016.10.12-17.40.38:469][  0]LightingResults: New page: Lighting Build
[2016.10.12-17.40.38:472][  0]MapCheck: New page: Map Check
[2016.10.12-17.40.38:472][  0]LightingResults: New page: Lighting Build
[2016.10.12-17.40.38:665][  0]LogLinker:Warning: Can't find file '/Game/StarterContent/Particles/Materials/m_flare_01'
[2016.10.12-17.40.38:665][  0]LogLinker:Warning: Can't find file for asset '/Game/StarterContent/Particles/Materials/m_flare_01' while loading D:/Repositories/UnrealGameJam-Last/UnrealGameJam/Content/ArenaMap/Assets/ParticlEffects/Orb2.uasset.
[2016.10.12-17.40.38:665][  0]LoadErrors:Error: Error /Game/ArenaMap/Assets/ParticlEffects/Orb2 : Can't find file for asset. /Game/StarterContent/Particles/Materials/m_flare_01
[2016.10.12-17.40.38:665][  0]LogLinker:Warning: Can't find file '/Game/StarterContent/Particles/Materials/m_flare_01'
[2016.10.12-17.40.38:665][  0]LogLinker:Warning: Can't find file for asset '/Game/StarterContent/Particles/Materials/m_flare_01' while loading D:/Repositories/UnrealGameJam-Last/UnrealGameJam/Content/ArenaMap/Assets/ParticlEffects/Orb2.uasset.
[2016.10.12-17.40.38:665][  0]LoadErrors:Error: Error /Game/ArenaMap/Assets/ParticlEffects/Orb2 : Can't find file for asset. /Game/StarterContent/Particles/Materials/m_flare_01
[2016.10.12-17.40.39:185][  0]LogLinker:Warning: Can't find file '/Game/StarterContent/Particles/Materials/m_flare_01'
[2016.10.12-17.40.39:185][  0]LogLinker:Warning: Can't find file for asset '/Game/StarterContent/Particles/Materials/m_flare_01' while loading D:/Repositories/UnrealGameJam-Last/UnrealGameJam/Content/ArenaMap/Assets/ParticlEffects/Orb.uasset.
[2016.10.12-17.40.39:185][  0]LoadErrors:Error: Error /Game/ArenaMap/Assets/ParticlEffects/Orb : Can't find file for asset. /Game/StarterContent/Particles/Materials/m_flare_01
[2016.10.12-17.40.39:186][  0]LogLinker:Warning: Can't find file '/Game/StarterContent/Particles/Materials/m_flare_01'
[2016.10.12-17.40.39:186][  0]LogLinker:Warning: Can't find file for asset '/Game/StarterContent/Particles/Materials/m_flare_01' while loading D:/Repositories/UnrealGameJam-Last/UnrealGameJam/Content/ArenaMap/Assets/ParticlEffects/Orb.uasset.
[2016.10.12-17.40.39:186][  0]LoadErrors:Error: Error /Game/ArenaMap/Assets/ParticlEffects/Orb : Can't find file for asset. /Game/StarterContent/Particles/Materials/m_flare_01
[2016.10.12-17.40.39:357][  0]LogLinker:Warning: Can't find file '/Game/StarterContent/Particles/Materials/m_flare_01'
[2016.10.12-17.40.39:357][  0]LoadErrors: Info Failed to load /Game/StarterContent/Particles/Materials/m_flare_01.m_flare_01 Referenced by ParticleModuleRequired_0
[2016.10.12-17.40.39:357][  0]LogLinker:Warning: Can't find file for asset '/Game/StarterContent/Particles/Materials/m_flare_01' while loading NULL.
[2016.10.12-17.40.39:357][  0]LoadErrors: Info Failed to load /Game/StarterContent/Particles/Materials/m_flare_01.m_flare_01 Referenced by ParticleModuleRequired_0
[2016.10.12-17.40.39:425][  0]LogLinker:Warning: Can't find file '/Game/StarterContent/Particles/Materials/m_flare_01'
[2016.10.12-17.40.39:425][  0]LoadErrors: Info Failed to load /Game/StarterContent/Particles/Materials/m_flare_01.m_flare_01 Referenced by ParticleModuleRequired_0
[2016.10.12-17.40.39:425][  0]LogLinker:Warning: Can't find file for asset '/Game/StarterContent/Particles/Materials/m_flare_01' while loading NULL.
[2016.10.12-17.40.39:425][  0]LoadErrors: Info Failed to load /Game/StarterContent/Particles/Materials/m_flare_01.m_flare_01 Referenced by ParticleModuleRequired_0
[2016.10.12-17.40.39:702][  0]LogAIModule: Creating AISystem for world ArenaMap
[2016.10.12-17.40.39:752][  0]LogEditorServer: Finished looking for orphan Actors (0.000 secs)
[2016.10.12-17.40.39:755][  0]Cmd: MAP CHECKDEP NOCLEARLOG
[2016.10.12-17.40.39:812][  0]MapCheck: Info Map check complete: 0 Error(s), 0 Warning(s), took 56.999ms to complete.
[2016.10.12-17.40.39:812][  0]LogFileHelpers: Loading map 'ArenaMap' took 1.343
[2016.10.12-17.40.40:198][  0]LogCollectionManager: Loaded 1 collections in 0.003623 seconds
[2016.10.12-17.40.40:239][  0]LogFileCache: Scanning file cache for directory 'D:/Repositories/UnrealGameJam-Last/UnrealGameJam/Saved/Collections/' took 0.01s
[2016.10.12-17.40.40:239][  0]LogFileCache: Scanning file cache for directory 'D:/Repositories/UnrealGameJam-Last/UnrealGameJam/Content/Developers/Conor/Collections/' took 0.01s
[2016.10.12-17.40.40:239][  0]LogFileCache: Scanning file cache for directory 'D:/Repositories/UnrealGameJam-Last/UnrealGameJam/Content/Collections/' took 0.01s
[2016.10.12-17.40.40:239][  0]LogCollectionManager: Rebuilt the GUID cache for 1 collections in 0.000005 seconds
[2016.10.12-17.40.40:239][  0]LogCollectionManager: Rebuilt the hierarchy cache for 1 collections in 0.000000 seconds
[2016.10.12-17.40.40:253][  0]LogContentBrowser: Native class hierarchy populated in 0.0143 seconds. Added 2047 classes and 369 folders.
[2016.10.12-17.40.40:260][  0]LogStats: UGameplayTagsManager::ConstructGameplayTagTree: Construct from data asset -  0.000 s
[2016.10.12-17.40.40:260][  0]LogStats: UGameplayTagsManager::ConstructGameplayTagTree: GameplayTagTreeChangedEvent.Broadcast -  0.000 s
[2016.10.12-17.40.40:261][  0]LogContentBrowser: Native class hierarchy updated for 'GameplayTags' in 0.0008 seconds. Added 12 classes and 0 folders.
[2016.10.12-17.40.40:274][  0]LogContentBrowser: Native class hierarchy updated for 'WidgetCarousel' in 0.0006 seconds. Added 0 classes and 0 folders.
[2016.10.12-17.40.40:322][  0]LogContentBrowser: Native class hierarchy updated for 'AddContentDialog' in 0.0004 seconds. Added 0 classes and 0 folders.
[2016.10.12-17.40.40:328][  0]LogContentBrowser: Native class hierarchy updated for 'SceneOutliner' in 0.0005 seconds. Added 1 classes and 2 folders.
[2016.10.12-17.40.40:444][  0]LogCrashTracker: Crashtracker disabled due to settings.
[2016.10.12-17.40.40:450][  0]LogUObjectGlobals:Warning: Failed to find object 'Class None.'
[2016.10.12-17.40.40:478][  0]LogContentBrowser: Native class hierarchy updated for 'HierarchicalLODOutliner' in 0.0006 seconds. Added 1 classes and 2 folders.
[2016.10.12-17.40.40:478][  0]LogLoad: Full Startup: 7.18 seconds (BP compile: 0.32 seconds)
[2016.10.12-17.40.40:478][  0]LogExternalProfiler: No external profilers were discovered.  External profiling features will not be available.
[2016.10.12-17.40.40:488][  0]LogWindowsTextInputMethodSystem:Display: IME system now deactivated.
[2016.10.12-17.40.40:488][  0]LogOcInput: OculusInput pre-init called
[2016.10.12-17.40.40:505][  0]LogContentStreaming: Texture pool size now 700 MB
[2016.10.12-17.40.40:702][  0]LogRenderer: Reallocating scene render targets to support 1164x624 (Frame:2).
[2016.10.12-17.40.40:896][  2]LogAssetRegistry: Asset discovery search completed in 4.2938 seconds
[2016.10.12-17.40.40:896][  2]LogCollectionManager: Rebuilt the object cache for 1 collections in 0.000005 seconds (found 0 objects)
[2016.10.12-17.40.40:896][  2]LogCollectionManager: Fixed up redirectors for 1 collections in 0.000025 seconds (updated 0 objects)
[2016.10.12-17.40.44:870][393]LogContentBrowser: Native class hierarchy updated for 'BlueprintGraph' in 0.0008 seconds. Added 111 classes and 0 folders.
[2016.10.12-17.41.48:075][189]BlueprintLog: New page: Compile FirstPersonCharacter
[2016.10.12-17.41.48:553][189]BlueprintEditorCompileResults: Info [0075.26] Compile of FirstPersonCharacter successful! [in 478 ms] (/Game/FirstPersonBP/Blueprints/FirstPersonCharacter.FirstPersonCharacter)
[2016.10.12-17.41.49:195][210]LogSavePackage: Save=119.93ms
[2016.10.12-17.41.49:195][210]LogSavePackage: Moving 'D:/Repositories/UnrealGameJam-Last/UnrealGameJam/Saved/FirstPersonCharacter30FBD9334FC42942C1BA6DA5921DC49D.tmp' to 'D:/Repositories/UnrealGameJam-Last/UnrealGameJam/Content/FirstPersonBP/Blueprints/FirstPersonCharacter.uasset'
[2016.10.12-17.41.49:197][210]LogSavePackage:Display: Finished SavePackage D:/Repositories/UnrealGameJam-Last/UnrealGameJam/Content/FirstPersonBP/Blueprints/FirstPersonCharacter.uasset
[2016.10.12-17.41.50:373][279]Cmd: OBJ SAVEPACKAGE PACKAGE="/Game/FirstPersonBP/Blueprints/AICharacter" FILE="D:/Repositories/UnrealGameJam-Last/UnrealGameJam/Content/FirstPersonBP/Blueprints/AICharacter.uasset" SILENT=true
[2016.10.12-17.41.50:478][279]LogSavePackage: Save=98.43ms
[2016.10.12-17.41.50:478][279]LogSavePackage: Moving 'D:/Repositories/UnrealGameJam-Last/UnrealGameJam/Saved/AICharacter7374E5B84DDC236979F300ACC32A6A74.tmp' to 'D:/Repositories/UnrealGameJam-Last/UnrealGameJam/Content/FirstPersonBP/Blueprints/AICharacter.uasset'
[2016.10.12-17.41.50:480][279]LogSavePackage:Display: Finished SavePackage D:/Repositories/UnrealGameJam-Last/UnrealGameJam/Content/FirstPersonBP/Blueprints/AICharacter.uasset
[2016.10.12-17.43.10:280][713]BlueprintLog: New page: Compile FirstPersonGameMode
[2016.10.12-17.43.10:446][713]BlueprintEditorCompileResults: Info [0157.15] Compile of FirstPersonGameMode successful! [in 166 ms] (/Game/FirstPersonBP/Blueprints/FirstPersonGameMode.FirstPersonGameMode)
[2016.10.12-17.43.15:156][ 89]LogBlueprintUserMessages: Early PlayInEditor Detection: Level '/Game/ArenaMap/ArenaMap.ArenaMap:PersistentLevel' has LevelScriptBlueprint '/Game/ArenaMap/ArenaMap.ArenaMap:PersistentLevel.ArenaMap' with GeneratedClass '/Game/ArenaMap/ArenaMap.ArenaMap_C' with ClassGeneratedBy '/Game/ArenaMap/ArenaMap.ArenaMap:PersistentLevel.ArenaMap'
[2016.10.12-17.43.15:156][ 89]LogPlayLevel: PlayLevel: No blueprints needed recompiling
[2016.10.12-17.43.15:157][ 89]PIE: New page: PIE session: ArenaMap (12 Oct 2016 18:43:15)
[2016.10.12-17.43.15:157][ 89]LogPlayLevel: Creating play world package: /Game/ArenaMap/UEDPIE_0_ArenaMap
[2016.10.12-17.43.15:219][ 89]LogPlayLevel: PIE: StaticDuplicateObject took: (0.061063s)
[2016.10.12-17.43.15:219][ 89]LogAIModule: Creating AISystem for world ArenaMap
[2016.10.12-17.43.15:219][ 89]LogPlayLevel: PIE: World Init took: (0.000687s)
[2016.10.12-17.43.15:220][ 89]LogPlayLevel: PIE: Created PIE world by copying editor world from /Game/ArenaMap/ArenaMap.ArenaMap to /Game/ArenaMap/UEDPIE_0_ArenaMap.ArenaMap (0.062267s)
[2016.10.12-17.43.15:248][ 89]LogInit: XAudio2 using 'Speakers (2- Logitech G430 Gaming Headset)' : 2 channels at 44.1 kHz using 16 bits per sample (channel mask 0x3)
[2016.10.12-17.43.15:255][ 89]LogInit: FAudioDevice initialized.
[2016.10.12-17.43.15:324][ 89]LogWorld: Game class is 'FirstPersonGameMode_C'
[2016.10.12-17.43.15:363][ 89]LogWorld: Bringing World /Game/ArenaMap/UEDPIE_0_ArenaMap.ArenaMap up for play (max tick rate 0) at 2016.10.12-18.43.15
[2016.10.12-17.43.15:365][ 89]LogWorld: Bringing up level for play took: 0.039898
[2016.10.12-17.43.15:371][ 89]LogContentBrowser: Native class hierarchy updated for 'MovieSceneCapture' in 0.0004 seconds. Added 11 classes and 0 folders.
[2016.10.12-17.43.15:373][ 89]PIE: Info Play in editor start time for /Game/ArenaMap/UEDPIE_0_ArenaMap 0.886
[2016.10.12-17.43.15:373][ 89]LogBlueprintUserMessages: Late PlayInEditor Detection: Level '/Game/ArenaMap/ArenaMap.ArenaMap:PersistentLevel' has LevelScriptBlueprint '/Game/ArenaMap/ArenaMap.ArenaMap:PersistentLevel.ArenaMap' with GeneratedClass '/Game/ArenaMap/ArenaMap.ArenaMap_C' with ClassGeneratedBy '/Game/ArenaMap/ArenaMap.ArenaMap:PersistentLevel.ArenaMap'
[2016.10.12-17.43.16:580][172]LogBlueprintUserMessages: Early EndPlayMap Detection: Level '/Game/ArenaMap/ArenaMap.ArenaMap:PersistentLevel' has LevelScriptBlueprint '/Game/ArenaMap/ArenaMap.ArenaMap:PersistentLevel.ArenaMap' with GeneratedClass '/Game/ArenaMap/ArenaMap.ArenaMap_C' with ClassGeneratedBy '/Game/ArenaMap/ArenaMap.ArenaMap:PersistentLevel.ArenaMap'
[2016.10.12-17.43.16:641][172]LogBlueprintUserMessages: Late EndPlayMap Detection: Level '/Game/ArenaMap/ArenaMap.ArenaMap:PersistentLevel' has LevelScriptBlueprint '/Game/ArenaMap/ArenaMap.ArenaMap:PersistentLevel.ArenaMap' with GeneratedClass '/Game/ArenaMap/ArenaMap.ArenaMap_C' with ClassGeneratedBy '/Game/ArenaMap/ArenaMap.ArenaMap:PersistentLevel.ArenaMap'
[2016.10.12-17.43.18:644][339]LogBlueprintUserMessages: Early PlayInEditor Detection: Level '/Game/ArenaMap/ArenaMap.ArenaMap:PersistentLevel' has LevelScriptBlueprint '/Game/ArenaMap/ArenaMap.ArenaMap:PersistentLevel.ArenaMap' with GeneratedClass '/Game/ArenaMap/ArenaMap.ArenaMap_C' with ClassGeneratedBy '/Game/ArenaMap/ArenaMap.ArenaMap:PersistentLevel.ArenaMap'
[2016.10.12-17.43.18:644][339]LogPlayLevel: PlayLevel: No blueprints needed recompiling
[2016.10.12-17.43.18:644][339]PIE: New page: PIE session: ArenaMap (12 Oct 2016 18:43:18)
[2016.10.12-17.43.18:644][339]LogPlayLevel: Creating play world package: /Game/ArenaMap/UEDPIE_0_ArenaMap
[2016.10.12-17.43.18:705][339]LogPlayLevel: PIE: StaticDuplicateObject took: (0.061340s)
[2016.10.12-17.43.18:706][339]LogAIModule: Creating AISystem for world ArenaMap
[2016.10.12-17.43.18:706][339]LogPlayLevel: PIE: World Init took: (0.000755s)
[2016.10.12-17.43.18:706][339]LogPlayLevel: PIE: Created PIE world by copying editor world from /Game/ArenaMap/ArenaMap.ArenaMap to /Game/ArenaMap/UEDPIE_0_ArenaMap.ArenaMap (0.062492s)
[2016.10.12-17.43.18:735][339]LogInit: XAudio2 using 'Speakers (2- Logitech G430 Gaming Headset)' : 2 channels at 44.1 kHz using 16 bits per sample (channel mask 0x3)
[2016.10.12-17.43.18:742][339]LogInit: FAudioDevice initialized.
[2016.10.12-17.43.18:793][339]LogWorld: Game class is 'FirstPersonGameMode_C'
[2016.10.12-17.43.18:833][339]LogWorld: Bringing World /Game/ArenaMap/UEDPIE_0_ArenaMap.ArenaMap up for play (max tick rate 0) at 2016.10.12-18.43.18
[2016.10.12-17.43.18:834][339]LogWorld: Bringing up level for play took: 0.040066
[2016.10.12-17.43.18:837][339]PIE: Info Play in editor start time for /Game/ArenaMap/UEDPIE_0_ArenaMap 0.35
[2016.10.12-17.43.18:837][339]LogBlueprintUserMessages: Late PlayInEditor Detection: Level '/Game/ArenaMap/ArenaMap.ArenaMap:PersistentLevel' has LevelScriptBlueprint '/Game/ArenaMap/ArenaMap.ArenaMap:PersistentLevel.ArenaMap' with GeneratedClass '/Game/ArenaMap/ArenaMap.ArenaMap_C' with ClassGeneratedBy '/Game/ArenaMap/ArenaMap.ArenaMap:PersistentLevel.ArenaMap'
[2016.10.12-17.43.33:669][793]LogBlueprintUserMessages: [AICharacter_C_6] 50
[2016.10.12-17.43.34:014][821]LogBlueprintUserMessages: [AICharacter_C_6] 0
[2016.10.12-17.43.37:437][104]LogBlueprintUserMessages: [AICharacter_C_12] 50
[2016.10.12-17.43.37:566][115]LogBlueprintUserMessages: [AICharacter_C_12] 0
[2016.10.12-17.43.39:370][266]LogBlueprintUserMessages: [AICharacter_C_10] 50
[2016.10.12-17.43.39:524][279]LogBlueprintUserMessages: [AICharacter_C_10] 0
[2016.10.12-17.43.40:812][383]LogBlueprintUserMessages: [AICharacter_C_0] 50
[2016.10.12-17.43.41:114][407]LogBlueprintUserMessages: [AICharacter_C_4] 50
[2016.10.12-17.43.42:476][524]LogNet: Browse: /Game/ArenaMap/ArenaMap
[2016.10.12-17.43.42:477][524]LogLoad: LoadMap: /Game/ArenaMap/ArenaMap
[2016.10.12-17.43.42:524][524]Cmd: MEM
[2016.10.12-17.43.42:541][524]LogMemory: Platform Memory Stats for Windows
[2016.10.12-17.43.42:541][524]LogMemory: Process Physical Memory: 1525.37 MB used, 1561.92 MB peak
[2016.10.12-17.43.42:541][524]LogMemory: Process Virtual Memory: 2384.34 MB used, 2512.96 MB peak
[2016.10.12-17.43.42:541][524]LogMemory: Physical Memory: 6997.78 MB used, 8145.47 MB total
[2016.10.12-17.43.42:541][524]LogMemory: Virtual Memory: 3212.48 MB used, 134217728.00 MB total
[2016.10.12-17.43.42:541][524]LogMemory: 
[2016.10.12-17.43.42:541][524]Allocator Stats for TBB: (not implemented)
[2016.10.12-17.43.42:541][524]LogPlayLevel: Creating play world package: /Game/ArenaMap/UEDPIE_0_ArenaMap
[2016.10.12-17.43.42:601][524]LogPlayLevel: PIE: StaticDuplicateObject took: (0.059243s)
[2016.10.12-17.43.42:601][524]LogAIModule: Creating AISystem for world ArenaMap
[2016.10.12-17.43.42:601][524]LogPlayLevel: PIE: World Init took: (0.000837s)
[2016.10.12-17.43.42:602][524]LogPlayLevel: PIE: Created PIE world by copying editor world from /Game/ArenaMap/ArenaMap.ArenaMap to /Game/ArenaMap/UEDPIE_0_ArenaMap.ArenaMap (0.060555s)
[2016.10.12-17.43.42:602][524]LogWorld: Game class is 'FirstPersonGameMode_C'
[2016.10.12-17.43.42:653][524]LogWorld: Bringing World /Game/ArenaMap/UEDPIE_0_ArenaMap.ArenaMap up for play (max tick rate 0) at 2016.10.12-18.43.42
[2016.10.12-17.43.42:655][524]LogWorld: Bringing up level for play took: 0.051300
[2016.10.12-17.43.42:657][524]LogLoad: Took 0.180623 seconds to LoadMap(/Game/ArenaMap/UEDPIE_0_ArenaMap)
[2016.10.12-17.43.43:719][631]LogBlueprintUserMessages: Early EndPlayMap Detection: Level '/Game/ArenaMap/ArenaMap.ArenaMap:PersistentLevel' has LevelScriptBlueprint '/Game/ArenaMap/ArenaMap.ArenaMap:PersistentLevel.ArenaMap' with GeneratedClass '/Game/ArenaMap/ArenaMap.ArenaMap_C' with ClassGeneratedBy '/Game/ArenaMap/ArenaMap.ArenaMap:PersistentLevel.ArenaMap'
[2016.10.12-17.43.43:754][631]LogBlueprintUserMessages: Late EndPlayMap Detection: Level '/Game/ArenaMap/ArenaMap.ArenaMap:PersistentLevel' has LevelScriptBlueprint '/Game/ArenaMap/ArenaMap.ArenaMap:PersistentLevel.ArenaMap' with GeneratedClass '/Game/ArenaMap/ArenaMap.ArenaMap_C' with ClassGeneratedBy '/Game/ArenaMap/ArenaMap.ArenaMap:PersistentLevel.ArenaMap'
[2016.10.12-17.43.52:859][953]Cmd: OBJ SAVEPACKAGE PACKAGE="/Game/ArenaMap/ArenaMap" FILE="D:/Repositories/UnrealGameJam-Last/UnrealGameJam/Content/ArenaMap/ArenaMap.umap" SILENT=true AUTOSAVING=false KEEPDIRTY=false
[2016.10.12-17.43.53:929][953]LogSavePackage: Save=1032.85ms
[2016.10.12-17.43.53:929][953]LogSavePackage: Moving 'D:/Repositories/UnrealGameJam-Last/UnrealGameJam/Saved/ArenaMapDA65C3F4443FCE7CFD8D119F10DEC1CE.tmp' to 'D:/Repositories/UnrealGameJam-Last/UnrealGameJam/Content/ArenaMap/ArenaMap.umap'
[2016.10.12-17.43.53:932][953]LogSavePackage:Display: Finished SavePackage D:/Repositories/UnrealGameJam-Last/UnrealGameJam/Content/ArenaMap/ArenaMap.umap
[2016.10.12-17.43.53:963][953]LogFileHelpers: Saving map 'ArenaMap' took 1.168
[2016.10.12-17.43.53:993][953]LogSavePackage: Save=20.48ms
[2016.10.12-17.43.53:993][953]LogSavePackage: Moving 'D:/Repositories/UnrealGameJam-Last/UnrealGameJam/Saved/FirstPersonGameMode34C39E974398C1765D917681D9A85297.tmp' to 'D:/Repositories/UnrealGameJam-Last/UnrealGameJam/Content/FirstPersonBP/Blueprints/FirstPersonGameMode.uasset'
[2016.10.12-17.43.53:994][953]LogSavePackage:Display: Finished SavePackage D:/Repositories/UnrealGameJam-Last/UnrealGameJam/Content/FirstPersonBP/Blueprints/FirstPersonGameMode.uasset
[2016.10.12-17.43.54:177][953]LogActorComponent: UnregisterComponent: (/Engine/Transient.EditorFloorComp) Not registered. Aborting.
[2016.10.12-17.43.54:260][953]LogActorComponent: UnregisterComponent: (/Engine/Transient.EditorFloorComp) Not registered. Aborting.
[2016.10.12-17.43.54:306][953]LogWindowsTextInputMethodSystem:Display: IME system now deactivated.
[2016.10.12-17.43.54:473][954]Cmd: QUIT_EDITOR
[2016.10.12-17.43.55:342][954]LogExit: Preparing to exit.
[2016.10.12-17.43.55:641][954]LogExit: Editor shut down
[2016.10.12-17.43.55:642][954]LogExit: Transaction tracking system shut down
[2016.10.12-17.43.55:807][954]LogObj: Freed 0b from 0 cluster array pools.
[2016.10.12-17.43.55:807][954]LogExit: Object subsystem successfully closed.
[2016.10.12-17.43.55:823][954]LogD3D11RHI: Shutdown
[2016.10.12-17.43.55:823][954]LogD3D11RHI: CleanupD3DDevice
[2016.10.12-17.43.55:922][954]LogD3D11RHI: ~FD3D11DynamicRHI
[2016.10.12-17.43.55:935][954]LogModuleManager: Shutting down and abandoning module MovieSceneCapture (216)
[2016.10.12-17.43.55:935][954]LogModuleManager: Shutting down and abandoning module SequencerWidgets (215)
[2016.10.12-17.43.55:935][954]LogModuleManager: Shutting down and abandoning module BlueprintGraph (214)
[2016.10.12-17.43.55:936][954]LogModuleManager: Shutting down and abandoning module HierarchicalLODOutliner (213)
[2016.10.12-17.43.55:936][954]LogModuleManager: Shutting down and abandoning module CrashTracker (212)
[2016.10.12-17.43.55:936][954]LogModuleManager: Shutting down and abandoning module SceneOutliner (211)
[2016.10.12-17.43.55:936][954]LogModuleManager: Shutting down and abandoning module WidgetCarousel (210)
[2016.10.12-17.43.55:936][954]LogModuleManager: Shutting down and abandoning module AddContentDialog (209)
[2016.10.12-17.43.55:936][954]LogModuleManager: Shutting down and abandoning module GameplayTags (208)
[2016.10.12-17.43.55:936][954]LogModuleManager: Shutting down and abandoning module EditorWidgets (207)
[2016.10.12-17.43.55:936][954]LogModuleManager: Shutting down and abandoning module CollectionManager (206)
[2016.10.12-17.43.55:937][954]LogModuleManager: Shutting down and abandoning module StatsViewer (205)
[2016.10.12-17.43.55:937][954]LogModuleManager: Shutting down and abandoning module FoliageEdit (204)
[2016.10.12-17.43.55:937][954]LogModuleManager: Shutting down and abandoning module LandscapeEditor (203)
[2016.10.12-17.43.55:937][954]LogModuleManager: Shutting down and abandoning module SceneDepthPickerMode (202)
[2016.10.12-17.43.55:937][954]LogModuleManager: Shutting down and abandoning module ActorPickerMode (201)
[2016.10.12-17.43.55:937][954]LogModuleManager: Shutting down and abandoning module GeometryMode (200)
[2016.10.12-17.43.55:937][954]LogModuleManager: Shutting down and abandoning module TextureAlignMode (199)
[2016.10.12-17.43.55:937][954]LogModuleManager: Shutting down and abandoning module BspMode (198)
[2016.10.12-17.43.55:937][954]LogModuleManager: Shutting down and abandoning module HardwareSurvey (197)
[2016.10.12-17.43.55:937][954]LogModuleManager: Shutting down and abandoning module SequenceRecorderSections (196)
[2016.10.12-17.43.55:937][954]LogModuleManager: Shutting down and abandoning module SequenceRecorder (195)
[2016.10.12-17.43.55:937][954]LogModuleManager: Shutting down and abandoning module AutomationWorker (194)
[2016.10.12-17.43.55:937][954]LogModuleManager: Shutting down and abandoning module MatineeToLevelSequence (193)
[2016.10.12-17.43.55:937][954]LogModuleManager: Shutting down and abandoning module PlacementMode (192)
[2016.10.12-17.43.55:937][954]LogModuleManager: Shutting down and abandoning module LevelSequenceEditor (191)
[2016.10.12-17.43.55:937][954]LogModuleManager: Shutting down and abandoning module CharacterAI (190)
[2016.10.12-17.43.55:937][954]LogModuleManager: Shutting down and abandoning module SmartSnapping (189)
[2016.10.12-17.43.55:937][954]LogModuleManager: Shutting down and abandoning module SessionServices (188)
[2016.10.12-17.43.55:937][954]LogModuleManager: Shutting down and abandoning module ViewportSnapping (187)
[2016.10.12-17.43.55:937][954]LogModuleManager: Shutting down and abandoning module LogVisualizer (186)
[2016.10.12-17.43.55:937][954]LogModuleManager: Shutting down and abandoning module GameProjectGeneration (185)
[2016.10.12-17.43.55:937][954]LogModuleManager: Shutting down and abandoning module IntroTutorials (184)
[2016.10.12-17.43.55:937][954]LogModuleManager: Shutting down and abandoning module EditorLiveStreaming (183)
[2016.10.12-17.43.55:937][954]LogModuleManager: Shutting down and abandoning module IOSPlatformEditor (182)
[2016.10.12-17.43.55:937][954]LogModuleManager: Shutting down and abandoning module HTML5PlatformEditor (181)
[2016.10.12-17.43.55:937][954]LogModuleManager: Shutting down and abandoning module AndroidDeviceDetection (180)
[2016.10.12-17.43.56:305][954]LogModuleManager: Shutting down and abandoning module AndroidPlatformEditor (179)
[2016.10.12-17.43.56:306][954]LogModuleManager: Shutting down and abandoning module IOSRuntimeSettings (178)
[2016.10.12-17.43.56:306][954]LogModuleManager: Shutting down and abandoning module AndroidRuntimeSettings (177)
[2016.10.12-17.43.56:306][954]LogModuleManager: Shutting down and abandoning module MergeActors (176)
[2016.10.12-17.43.56:306][954]LogModuleManager: Shutting down and abandoning module SizeMap (175)
[2016.10.12-17.43.56:306][954]LogModuleManager: Shutting down and abandoning module TreeMap (174)
[2016.10.12-17.43.56:306][954]LogModuleManager: Shutting down and abandoning module ReferenceViewer (173)
[2016.10.12-17.43.56:306][954]LogModuleManager: Shutting down and abandoning module LocalizationService (172)
[2016.10.12-17.43.56:306][954]LogModuleManager: Shutting down and abandoning module LocalizationDashboard (171)
[2016.10.12-17.43.56:306][954]LogModuleManager: Shutting down and abandoning module HardwareTargeting (170)
[2016.10.12-17.43.56:306][954]LogModuleManager: Shutting down and abandoning module DeviceProfileEditor (169)
[2016.10.12-17.43.56:306][954]LogModuleManager: Shutting down and abandoning module UndoHistory (168)
[2016.10.12-17.43.56:306][954]LogModuleManager: Shutting down and abandoning module UserFeedback (167)
[2016.10.12-17.43.56:306][954]LogModuleManager: Shutting down and abandoning module XmlParser (166)
[2016.10.12-17.43.56:306][954]LogModuleManager: Shutting down and abandoning module Blutility (165)
[2016.10.12-17.43.56:306][954]LogModuleManager: Shutting down and abandoning module ProjectTargetPlatformEditor (164)
[2016.10.12-17.43.56:306][954]LogModuleManager: Shutting down and abandoning module ProjectSettingsViewer (163)
[2016.10.12-17.43.56:306][954]LogModuleManager: Shutting down and abandoning module InputBindingEditor (162)
[2016.10.12-17.43.56:306][954]LogModuleManager: Shutting down and abandoning module EditorSettingsViewer (161)
[2016.10.12-17.43.56:306][954]LogModuleManager: Shutting down and abandoning module SettingsEditor (160)
[2016.10.12-17.43.56:306][954]LogModuleManager: Shutting down and abandoning module ProjectLauncher (159)
[2016.10.12-17.43.56:306][954]LogModuleManager: Shutting down and abandoning module SessionFrontend (158)
[2016.10.12-17.43.56:306][954]LogModuleManager: Shutting down and abandoning module ProfilerClient (157)
[2016.10.12-17.43.56:306][954]LogModuleManager: Shutting down and abandoning module TargetDeviceServices (156)
[2016.10.12-17.43.56:306][954]LogModuleManager: Shutting down and abandoning module DeviceManager (155)
[2016.10.12-17.43.56:350][954]LogModuleManager: Shutting down and abandoning module AutomationController (154)
[2016.10.12-17.43.56:350][954]LogModuleManager: Shutting down and abandoning module AutomationWindow (153)
[2016.10.12-17.43.56:350][954]LogModuleManager: Shutting down and abandoning module Layers (152)
[2016.10.12-17.43.56:350][954]LogModuleManager: Shutting down and abandoning module ComponentVisualizers (151)
[2016.10.12-17.43.56:350][954]LogModuleManager: Shutting down and abandoning module DetailCustomizations (150)
[2016.10.12-17.43.56:350][954]LogModuleManager: Shutting down and abandoning module PackagesDialog (149)
[2016.10.12-17.43.56:350][954]LogModuleManager: Shutting down and abandoning module Persona (148)
[2016.10.12-17.43.56:350][954]LogModuleManager: Shutting down and abandoning module Kismet (147)
[2016.10.12-17.43.56:350][954]LogModuleManager: Shutting down and abandoning module GraphEditor (146)
[2016.10.12-17.43.56:350][954]LogModuleManager: Shutting down and abandoning module ClassViewer (145)
[2016.10.12-17.43.56:350][954]LogModuleManager: Shutting down and abandoning module Toolbox (144)
[2016.10.12-17.43.56:350][954]LogModuleManager: Shutting down and abandoning module ModuleUI (143)
[2016.10.12-17.43.56:350][954]LogModuleManager: Shutting down and abandoning module MovieSceneTools (142)
[2016.10.12-17.43.56:350][954]LogModuleManager: Shutting down and abandoning module OutputLog (141)
[2016.10.12-17.43.56:350][954]LogModuleManager: Shutting down and abandoning module GammaUI (140)
[2016.10.12-17.43.56:350][954]LogModuleManager: Shutting down and abandoning module Documentation (139)
[2016.10.12-17.43.56:350][954]LogModuleManager: Shutting down and abandoning module StreamingPauseRendering (138)
[2016.10.12-17.43.56:350][954]LogModuleManager: Shutting down and abandoning module AnalyticsET (137)
[2016.10.12-17.43.56:350][954]LogModuleManager: Shutting down and abandoning module Analytics (136)
[2016.10.12-17.43.56:350][954]LogModuleManager: Shutting down and abandoning module PortalServices (135)
[2016.10.12-17.43.56:350][954]LogModuleManager: Shutting down and abandoning module PortalRpc (134)
[2016.10.12-17.43.56:350][954]LogModuleManager: Shutting down and abandoning module MessagingRpc (133)
[2016.10.12-17.43.56:350][954]LogModuleManager: Shutting down and abandoning module GameplayDebugger (132)
[2016.10.12-17.43.56:350][954]LogModuleManager: Shutting down and abandoning module AITestSuite (131)
[2016.10.12-17.43.56:350][954]LogModuleManager: Shutting down and abandoning module AIModule (130)
[2016.10.12-17.43.56:350][954]LogModuleManager: Shutting down and abandoning module ProfilerService (129)
[2016.10.12-17.43.56:580][954]LogModuleManager: Shutting down and abandoning module TaskGraph (128)
[2016.10.12-17.43.56:580][954]LogModuleManager: Shutting down and abandoning module SlateRemote (127)
[2016.10.12-17.43.56:580][954]LogModuleManager: Shutting down and abandoning module SteamVRController (126)
[2016.10.12-17.43.56:580][954]LogModuleManager: Shutting down and abandoning module SteamVR (125)
[2016.10.12-17.43.56:580][954]LogModuleManager: Shutting down and abandoning module ProceduralMeshComponent (124)
[2016.10.12-17.43.56:580][954]LogModuleManager: Shutting down and abandoning module OculusLibrary (123)
[2016.10.12-17.43.56:580][954]LogModuleManager: Shutting down and abandoning module OculusInput (122)
[2016.10.12-17.43.56:580][954]LogModuleManager: Shutting down and abandoning module CustomMeshComponent (121)
[2016.10.12-17.43.56:580][954]LogModuleManager: Shutting down and abandoning module CableComponent (120)
[2016.10.12-17.43.56:580][954]LogModuleManager: Shutting down and abandoning module ArchVisCharacter (119)
[2016.10.12-17.43.56:580][954]LogModuleManager: Shutting down and abandoning module MediaPlayerEditor (118)
[2016.10.12-17.43.56:580][954]LogModuleManager: Shutting down and abandoning module HTML5Networking (117)
[2016.10.12-17.43.56:580][954]LogModuleManager: Shutting down and abandoning module SuperSearch (116)
[2016.10.12-17.43.56:580][954]LogModuleManager: Shutting down and abandoning module SuperSearchEditor (115)
[2016.10.12-17.43.56:580][954]LogModuleManager: Shutting down and abandoning module SpeedTreeImporter (114)
[2016.10.12-17.43.56:580][954]LogModuleManager: Shutting down and abandoning module PluginBrowser (113)
[2016.10.12-17.43.56:581][954]LogModuleManager: Shutting down and abandoning module EpicSurvey (112)
[2016.10.12-17.43.56:581][954]LogModuleManager: Shutting down and abandoning module DesktopPlatform (111)
[2016.10.12-17.43.56:581][954]LogModuleManager: Shutting down and abandoning module VisualStudioSourceCodeAccess (110)
[2016.10.12-17.43.56:581][954]LogModuleManager: Shutting down and abandoning module UObjectPlugin (109)
[2016.10.12-17.43.56:581][954]LogModuleManager: Shutting down and abandoning module SubversionSourceControl (108)
[2016.10.12-17.43.56:581][954]LogModuleManager: Shutting down and abandoning module PerforceSourceControl (107)
[2016.10.12-17.43.56:581][954]LogModuleManager: Shutting down and abandoning module SourceControl (106)
[2016.10.12-17.43.56:581][954]LogModuleManager: Shutting down and abandoning module GitSourceControl (105)
[2016.10.12-17.43.56:581][954]LogModuleManager: Shutting down and abandoning module LightPropagationVolumeEditor (104)
[2016.10.12-17.43.56:581][954]LogModuleManager: Shutting down and abandoning module PaperTiledImporter (103)
[2016.10.12-17.43.56:581][954]LogModuleManager: Shutting down and abandoning module PaperSpriteSheetImporter (102)
[2016.10.12-17.43.56:581][954]LogModuleManager: Shutting down and abandoning module MeshPaint (101)
[2016.10.12-17.43.56:581][954]LogModuleManager: Shutting down and abandoning module PixelInspectorModule (100)
[2016.10.12-17.43.56:581][954]LogModuleManager: Shutting down and abandoning module HotReload (99)
[2016.10.12-17.43.56:581][954]LogModuleManager: Shutting down and abandoning module MainFrame (98)
[2016.10.12-17.43.56:581][954]LogModuleManager: Shutting down and abandoning module LevelEditor (97)
[2016.10.12-17.43.56:582][954]LogModuleManager: Shutting down and abandoning module ContentBrowser (96)
[2016.10.12-17.43.56:583][954]LogModuleManager: Shutting down and abandoning module Paper2DEditor (95)
[2016.10.12-17.43.56:583][954]LogModuleManager: Shutting down and abandoning module UdpMessaging (94)
[2016.10.12-17.43.56:684][954]LogModuleManager: Shutting down and abandoning module LightPropagationVolumeRuntime (93)
[2016.10.12-17.43.56:684][954]LogModuleManager: Shutting down and abandoning module Paper2D (92)
[2016.10.12-17.43.56:684][954]LogModuleManager: Shutting down and abandoning module WindowsMoviePlayer (91)
[2016.10.12-17.43.56:684][954]LogModuleManager: Shutting down and abandoning module Media (90)
[2016.10.12-17.43.56:684][954]LogModuleManager: Shutting down and abandoning module WmfMedia (89)
[2016.10.12-17.43.56:684][954]LogModuleManager: Shutting down and abandoning module MediaAssets (88)
[2016.10.12-17.43.56:684][954]LogModuleManager: Shutting down and abandoning module GameLiveStreaming (87)
[2016.10.12-17.43.56:684][954]LogModuleManager: Shutting down and abandoning module GameplayTagsEditor (86)
[2016.10.12-17.43.56:684][954]LogModuleManager: Shutting down and abandoning module OnlineBlueprintSupport (85)
[2016.10.12-17.43.56:684][954]LogModuleManager: Shutting down and abandoning module VREditor (84)
[2016.10.12-17.43.56:684][954]LogModuleManager: Shutting down and abandoning module GameplayTasksEditor (83)
[2016.10.12-17.43.56:684][954]LogModuleManager: Shutting down and abandoning module PropertyEditor (82)
[2016.10.12-17.43.56:684][954]LogModuleManager: Shutting down and abandoning module BehaviorTreeEditor (81)
[2016.10.12-17.43.56:684][954]LogModuleManager: Shutting down and abandoning module FunctionalTesting (80)
[2016.10.12-17.43.56:684][954]LogModuleManager: Shutting down and abandoning module CollisionAnalyzer (79)
[2016.10.12-17.43.56:685][954]LogModuleManager: Shutting down and abandoning module Sequencer (78)
[2016.10.12-17.43.56:685][954]LogModuleManager: Shutting down and abandoning module WorkspaceMenuStructure (77)
[2016.10.12-17.43.56:685][954]LogModuleManager: Shutting down and abandoning module MessageLog (76)
[2016.10.12-17.43.56:685][954]LogModuleManager: Shutting down and abandoning module AssetTools (75)
[2016.10.12-17.43.56:685][954]LogModuleManager: Shutting down and abandoning module UMGEditor (74)
[2016.10.12-17.43.56:685][954]LogModuleManager: Shutting down and abandoning module UMG (73)
[2016.10.12-17.43.56:685][954]LogModuleManager: Shutting down and abandoning module SlateReflector (72)
[2016.10.12-17.43.56:685][954]LogModuleManager: Shutting down and abandoning module Slate (71)
[2016.10.12-17.43.56:685][954]LogModuleManager: Shutting down and abandoning module EditorStyle (70)
[2016.10.12-17.43.56:690][954]LogModuleManager: Shutting down and abandoning module SourceCodeAccess (69)
[2016.10.12-17.43.56:690][954]LogModuleManager: Shutting down and abandoning module HeadMountedDisplay (68)
[2016.10.12-17.43.56:690][954]LogModuleManager: Shutting down and abandoning module XAudio2 (67)
[2016.10.12-17.43.56:690][954]LogModuleManager: Shutting down and abandoning module Networking (65)
[2016.10.12-17.43.56:690][954]LogModuleManager: Shutting down and abandoning module Core (64)
[2016.10.12-17.43.56:690][954]LogModuleManager: Shutting down and abandoning module DirectoryWatcher (63)
[2016.10.12-17.43.56:691][954]LogModuleManager: Shutting down and abandoning module AssetRegistry (62)
[2016.10.12-17.43.56:823][954]LogModuleManager: Shutting down and abandoning module KismetCompiler (61)
[2016.10.12-17.43.56:823][954]LogModuleManager: Shutting down and abandoning module PhysXFormats (60)
[2016.10.12-17.43.56:823][954]LogModuleManager: Shutting down and abandoning module MeshUtilities (59)
[2016.10.12-17.43.56:823][954]LogModuleManager: Shutting down and abandoning module DerivedDataCache (58)
[2016.10.12-17.43.56:890][954]LogDerivedDataCache: Shutdown
[2016.10.12-17.43.56:890][954]LogModuleManager: Shutting down and abandoning module VulkanShaderFormat (57)
[2016.10.12-17.43.56:890][954]LogModuleManager: Shutting down and abandoning module ShaderFormatOpenGL (56)
[2016.10.12-17.43.56:891][954]LogModuleManager: Shutting down and abandoning module ShaderFormatD3D (55)
[2016.10.12-17.43.56:891][954]LogModuleManager: Shutting down and abandoning module MetalShaderFormat (54)
[2016.10.12-17.43.56:891][954]LogModuleManager: Shutting down and abandoning module TextureFormatUncompressed (53)
[2016.10.12-17.43.56:891][954]LogModuleManager: Shutting down and abandoning module TextureFormatPVR (52)
[2016.10.12-17.43.56:891][954]LogModuleManager: Shutting down and abandoning module TextureFormatIntelISPCTexComp (51)
[2016.10.12-17.43.56:891][954]LogModuleManager: Shutting down and abandoning module TextureFormatDXT (50)
[2016.10.12-17.43.56:891][954]LogModuleManager: Shutting down and abandoning module ImageWrapper (49)
[2016.10.12-17.43.56:891][954]LogModuleManager: Shutting down and abandoning module TextureFormatASTC (48)
[2016.10.12-17.43.56:891][954]LogModuleManager: Shutting down and abandoning module TextureFormatAndroid (47)
[2016.10.12-17.43.56:891][954]LogModuleManager: Shutting down and abandoning module AudioFormatOpus (46)
[2016.10.12-17.43.56:891][954]LogModuleManager: Shutting down and abandoning module AudioFormatOgg (45)
[2016.10.12-17.43.56:891][954]LogModuleManager: Shutting down and abandoning module AudioFormatADPCM (44)
[2016.10.12-17.43.56:891][954]LogModuleManager: Shutting down and abandoning module LinuxTargetPlatform (43)
[2016.10.12-17.43.56:891][954]LogModuleManager: Shutting down and abandoning module LinuxServerTargetPlatform (42)
[2016.10.12-17.43.56:891][954]LogModuleManager: Shutting down and abandoning module LinuxNoEditorTargetPlatform (41)
[2016.10.12-17.43.56:891][954]LogModuleManager: Shutting down and abandoning module TVOSTargetPlatform (40)
[2016.10.12-17.43.56:891][954]LogModuleManager: Shutting down and abandoning module Messaging (39)
[2016.10.12-17.43.56:891][954]LogModuleManager: Shutting down and abandoning module IOSTargetPlatform (38)
[2016.10.12-17.43.56:891][954]LogModuleManager: Shutting down and abandoning module HTML5TargetPlatform (37)
[2016.10.12-17.43.56:891][954]LogModuleManager: Shutting down and abandoning module Android_PVRTCTargetPlatform (36)
[2016.10.12-17.43.56:891][954]LogModuleManager: Shutting down and abandoning module Android_MultiTargetPlatform (35)
[2016.10.12-17.43.56:891][954]LogModuleManager: Shutting down and abandoning module Android_ETC2TargetPlatform (34)
[2016.10.12-17.43.56:891][954]LogModuleManager: Shutting down and abandoning module Android_ETC1TargetPlatform (33)
[2016.10.12-17.43.56:891][954]LogModuleManager: Shutting down and abandoning module Android_DXTTargetPlatform (32)
[2016.10.12-17.43.56:891][954]LogModuleManager: Shutting down and abandoning module Android_ATCTargetPlatform (31)
[2016.10.12-17.43.56:891][954]LogModuleManager: Shutting down and abandoning module Android_ASTCTargetPlatform (30)
[2016.10.12-17.43.56:891][954]LogModuleManager: Shutting down and abandoning module AndroidTargetPlatform (29)
[2016.10.12-17.43.56:891][954]LogModuleManager: Shutting down and abandoning module WindowsTargetPlatform (28)
[2016.10.12-17.43.56:891][954]LogModuleManager: Shutting down and abandoning module WindowsServerTargetPlatform (27)
[2016.10.12-17.43.56:891][954]LogModuleManager: Shutting down and abandoning module WindowsNoEditorTargetPlatform (26)
[2016.10.12-17.43.56:891][954]LogModuleManager: Shutting down and abandoning module WindowsClientTargetPlatform (25)
[2016.10.12-17.43.56:891][954]LogModuleManager: Shutting down and abandoning module AllDesktopTargetPlatform (24)
[2016.10.12-17.43.56:891][954]LogModuleManager: Shutting down and abandoning module TargetPlatform (23)
[2016.10.12-17.43.56:891][954]LogModuleManager: Shutting down and abandoning module InputCore (22)
[2016.10.12-17.43.56:891][954]LogModuleManager: Shutting down and abandoning module Settings (21)
[2016.10.12-17.43.56:892][954]LogModuleManager: Shutting down and abandoning module OnlineSubsystem (19)
[2016.10.12-17.43.56:892][954]LogModuleManager: Shutting down and abandoning module HTTP (18)
[2016.10.12-17.43.59:898][954]LogModuleManager: Shutting down and abandoning module XMPP (17)
[2016.10.12-17.43.59:898][954]LogModuleManager: Shutting down and abandoning module OculusRift (16)
[2016.10.12-17.43.59:898][954]LogModuleManager: Shutting down and abandoning module ExampleDeviceProfileSelector (15)
[2016.10.12-17.43.59:898][954]LogModuleManager: Shutting down and abandoning module TextureCompressor (14)
[2016.10.12-17.43.59:898][954]LogModuleManager: Shutting down and abandoning module ShaderCore (13)
[2016.10.12-17.43.59:898][954]LogModuleManager: Shutting down and abandoning module Landscape (12)
[2016.10.12-17.43.59:898][954]LogModuleManager: Shutting down and abandoning module SlateRHIRenderer (11)
[2016.10.12-17.43.59:900][954]LogModuleManager: Shutting down and abandoning module OpenGLDrv (10)
[2016.10.12-17.43.59:900][954]LogModuleManager: Shutting down and abandoning module D3D11RHI (9)
[2016.10.12-17.43.59:900][954]LogModuleManager: Shutting down and abandoning module AnimGraphRuntime (8)
[2016.10.12-17.43.59:900][954]LogModuleManager: Shutting down and abandoning module Renderer (7)
[2016.10.12-17.43.59:900][954]LogModuleManager: Shutting down and abandoning module Engine (6)
[2016.10.12-17.43.59:900][954]LogModuleManager: Shutting down and abandoning module CoreUObject (5)
[2016.10.12-17.43.59:900][954]LogModuleManager: Shutting down and abandoning module NetworkFile (4)
[2016.10.12-17.43.59:900][954]LogModuleManager: Shutting down and abandoning module StreamingFile (3)
[2016.10.12-17.43.59:900][954]LogModuleManager: Shutting down and abandoning module SandboxFile (2)
[2016.10.12-17.43.59:900][954]LogModuleManager: Shutting down and abandoning module PakFile (1)
[2016.10.12-17.43.59:901][954]LogExit: Exiting.
[2016.10.12-17.43.59:903][954]Log file closed, 10/12/16 18:43:59
