Log file open, 10/12/16 22:51:19
LogInit:Display: Running engine for game: UnrealGameJam
LogPlatformFile: Not using cached read wrapper
LogInit:Display: RandInit(-475250487) SRandInit(-475250486).
LogTaskGraph: Started task graph with 4 named threads and 7 total threads with 1 sets of task threads.
LogStats: Stats thread started at 0.075414
LogInit: Version: 4.12.5-3039270+++UE4+Release-4.12
LogInit: API Version: 2992821
LogInit: Net Version: 3039270
LogDevObjectVersion: Number of dev versions registered: 13
LogDevObjectVersion:   Dev-Blueprints (B0D832E4-1F89-4F0D-ACCF-7EB736FD4AA2): 3
LogDevObjectVersion:   Dev-Build (E1C64328-A22C-4D53-A36C-8E866417BD8C): 0
LogDevObjectVersion:   Dev-Core (375EC13C-06E4-48FB-B500-84F0262A717E): 1
LogDevObjectVersion:   Dev-Editor (E4B068ED-F494-42E9-A231-DA0B2E46BB41): 2
LogDevObjectVersion:   Dev-Framework (CFFC743F-43B0-4480-9391-14DF171D2073): 6
LogDevObjectVersion:   Dev-Mobile (B02B49B5-BB20-44E9-A304-32B752E40360): 0
LogDevObjectVersion:   Dev-Networking (A4E4105C-59A1-49B5-A7C5-40C4547EDFEE): 0
LogDevObjectVersion:   Dev-Online (39C831C9-5AE6-47DC-9A44-9C173E1C8E7C): 0
LogDevObjectVersion:   Dev-Physics (78F01B33-EBEA-4F98-B9B4-84EACCB95AA2): 0
LogDevObjectVersion:   Dev-Platform (6631380F-2D4D-43E0-8009-CF276956A95A): 0
LogDevObjectVersion:   Dev-Rendering (12F88B9F-8875-4AFC-A67C-D90C383ABD29): 2
LogDevObjectVersion:   Dev-Sequencer (7B5AE74C-D270-4C10-A958-57980B212A5A): 0
LogDevObjectVersion:   Dev-VR (D7296918-1DD6-4BDD-9DE2-64A83CC13884): 0
LogInit: Compiled (64-bit): Jul  6 2016 09:09:46
LogInit: Compiled with Visual C++: 19.00.23026.00
LogInit: Build Configuration: Development
LogInit: Branch Name: ++UE4+Release-4.12
LogInit: Command line:  
LogInit: Base directory: C:/Program Files (x86)/Epic Games/4.12/Engine/Binaries/Win64/
LogInit: Installed Engine Build: 1
LogInit: Using libcurl 7.41.0
LogInit:  - built for x86_64-pc-win32
LogInit:  - supports SSL with WinSSL
LogInit:  - other features:
LogInit:      CURL_VERSION_SSL
LogInit:      CURL_VERSION_IPV6
LogInit:      CURL_VERSION_ASYNCHDNS
LogInit:      CURL_VERSION_LARGEFILE
LogInit:      CURL_VERSION_IDN
LogInit:  CurlRequestOptions (configurable via config and command line):
LogInit:  - bVerifyPeer = true  - Libcurl will verify peer certificate
LogInit:  - bUseHttpProxy = false  - Libcurl will NOT use HTTP proxy
LogInit:  - bDontReuseConnections = false  - Libcurl will reuse connections
LogInit:  - CertBundlePath = nullptr  - Libcurl will use whatever was configured at build time.
LogInit: Presizing for max 8388607 objects, including 0 objects not considered by GC, pre-allocating 0 bytes for permanent pool.
LogInit: Object subsystem initialized
[2016.10.12-21.51.19:855][  0]LogInit: Selected Device Profile: [Windows]
[2016.10.12-21.51.19:855][  0]LogInit: Applying CVar settings loaded from the selected device profile: [Windows]
[2016.10.12-21.51.19:866][  0]LogInit: Computer: DESKTOP-N6TRJQS
[2016.10.12-21.51.19:866][  0]LogInit: User: Conor
[2016.10.12-21.51.19:866][  0]LogInit: CPU Page size=65536, Cores=4
[2016.10.12-21.51.19:866][  0]LogInit: High frequency timer resolution =3.312784 MHz
[2016.10.12-21.51.19:866][  0]LogMemory: Memory total: Physical=8.0GB (8GB approx)
[2016.10.12-21.51.19:866][  0]LogMemory: Platform Memory Stats for Windows
[2016.10.12-21.51.19:866][  0]LogMemory: Process Physical Memory: 190.91 MB used, 190.91 MB peak
[2016.10.12-21.51.19:866][  0]LogMemory: Process Virtual Memory: 195.23 MB used, 195.23 MB peak
[2016.10.12-21.51.19:866][  0]LogMemory: Physical Memory: 5801.66 MB used, 8145.47 MB total
[2016.10.12-21.51.19:867][  0]LogMemory: Virtual Memory: 553.29 MB used, 134217728.00 MB total
[2016.10.12-21.51.19:893][  0]LogTextLocalizationManager: No specific translations for ('en-GB') exist, so ('en') translations will be used.
[2016.10.12-21.51.20:230][  0]LogD3D11RHI: D3D11 adapters:
[2016.10.12-21.51.20:261][  0]LogD3D11RHI:    0. 'NVIDIA GeForce GTX 660' (Feature Level 11_0)
[2016.10.12-21.51.20:261][  0]LogD3D11RHI:       1505/0/4072 MB DedicatedVideo/DedicatedSystem/SharedSystem, Outputs:1, VendorId:0x10de
[2016.10.12-21.51.20:262][  0]LogD3D11RHI:    1. 'Microsoft Basic Render Driver' (Feature Level 11_0)
[2016.10.12-21.51.20:262][  0]LogD3D11RHI:       0/0/4072 MB DedicatedVideo/DedicatedSystem/SharedSystem, Outputs:0, VendorId:0x1414
[2016.10.12-21.51.20:262][  0]LogD3D11RHI: Chosen D3D11 Adapter: 0
[2016.10.12-21.51.20:266][  0]LogD3D11RHI: Creating new Direct3DDevice
[2016.10.12-21.51.20:266][  0]LogD3D11RHI:     GPU DeviceId: 0x1185 (for the marketing name, search the web for "GPU Device Id")
[2016.10.12-21.51.20:266][  0]LogWindows: EnumDisplayDevices:
[2016.10.12-21.51.20:266][  0]LogWindows:    0. 'NVIDIA GeForce GTX 660' (P:1 D:1)
[2016.10.12-21.51.20:266][  0]LogWindows:    1. 'NVIDIA GeForce GTX 660' (P:0 D:0)
[2016.10.12-21.51.20:267][  0]LogWindows:    2. 'NVIDIA GeForce GTX 660' (P:0 D:0)
[2016.10.12-21.51.20:267][  0]LogWindows: DebugString: FoundDriverCount:3 
[2016.10.12-21.51.20:267][  0]LogD3D11RHI:     Adapter Name: NVIDIA GeForce GTX 660
[2016.10.12-21.51.20:267][  0]LogD3D11RHI:   Driver Version: 372.90 (internal:21.21.13.7290, unified:372.90)
[2016.10.12-21.51.20:267][  0]LogD3D11RHI:      Driver Date: 9-16-2016
[2016.10.12-21.51.20:267][  0]LogRHI: Texture pool is 1053 MB (70% of 1505 MB)
[2016.10.12-21.51.20:280][  0]LogD3D11RHI: Async texture creation enabled
[2016.10.12-21.51.20:297][  0]LogD3D11RHI: GPU Timing Frequency: 1000.000000 (Debug: 2 2)
[2016.10.12-21.51.20:297][  0]LogShaderCompilers: Guid format shader working directory is -3 characters bigger than the processId version (D:/Repositories/UnrealGameJam-Last/UnrealGameJam/Intermediate/Shaders/WorkingDirectory/11656/).
[2016.10.12-21.51.20:297][  0]LogShaderCompilers: Cleaned the shader compiler working directory 'C:/Users/Conor/AppData/Local/Temp/UnrealShaderWorkingDir/66A95CE64992205F44B782B0CE9E7EBB/'.
[2016.10.12-21.51.20:297][  0]LogShaderCompilers:Display: Using Local Shader Compiler.
[2016.10.12-21.51.21:147][  0]LogTemp:Display: Loaded TP AllDesktopTargetPlatform
[2016.10.12-21.51.21:157][  0]LogTemp:Display: Loaded TP WindowsClientTargetPlatform
[2016.10.12-21.51.21:166][  0]LogTemp:Display: Loaded TP WindowsNoEditorTargetPlatform
[2016.10.12-21.51.21:175][  0]LogTemp:Display: Loaded TP WindowsServerTargetPlatform
[2016.10.12-21.51.21:184][  0]LogTemp:Display: Loaded TP WindowsTargetPlatform
[2016.10.12-21.51.21:191][  0]LogTemp:Display: Loaded TP AndroidTargetPlatform
[2016.10.12-21.51.21:199][  0]LogTemp:Display: Loaded TP Android_ASTCTargetPlatform
[2016.10.12-21.51.21:206][  0]LogTemp:Display: Loaded TP Android_ATCTargetPlatform
[2016.10.12-21.51.21:213][  0]LogTemp:Display: Loaded TP Android_DXTTargetPlatform
[2016.10.12-21.51.21:220][  0]LogTemp:Display: Loaded TP Android_ETC1TargetPlatform
[2016.10.12-21.51.21:227][  0]LogTemp:Display: Loaded TP Android_ETC2TargetPlatform
[2016.10.12-21.51.21:242][  0]LogTemp:Display: Loaded TP Android_MultiTargetPlatform
[2016.10.12-21.51.21:242][  0]LogTemp:Display: Loaded TP Android_PVRTCTargetPlatform
[2016.10.12-21.51.21:243][  0]LogTemp:Display: Loaded TP HTML5TargetPlatform
[2016.10.12-21.51.21:264][  0]LogTemp:Display: Loaded TP IOSTargetPlatform
[2016.10.12-21.51.21:271][  0]LogTemp:Display: Loaded TP TVOSTargetPlatform
[2016.10.12-21.51.21:278][  0]LogTemp:Display: Loaded TP LinuxNoEditorTargetPlatform
[2016.10.12-21.51.21:284][  0]LogTemp:Display: Loaded TP LinuxServerTargetPlatform
[2016.10.12-21.51.21:291][  0]LogTemp:Display: Loaded TP LinuxTargetPlatform
[2016.10.12-21.51.21:291][  0]LogTargetPlatformManager:Display: Building Assets For Windows
[2016.10.12-21.51.21:369][  0]LogDerivedDataCache:Display: Max Cache Size: 512 MB
[2016.10.12-21.51.21:411][  0]LogDerivedDataCache: Loaded boot cache 0.04s 48MB C:/Users/Conor/AppData/Local/UnrealEngine/4.12/DerivedDataCache/Boot.ddc.
[2016.10.12-21.51.21:412][  0]LogDerivedDataCache:Display: Loaded Boot cache: C:/Users/Conor/AppData/Local/UnrealEngine/4.12/DerivedDataCache/Boot.ddc
[2016.10.12-21.51.21:412][  0]LogDerivedDataCache: FDerivedDataBackendGraph:  Pak pak cache file D:/Repositories/UnrealGameJam-Last/UnrealGameJam/DerivedDataCache/DDC.ddp not found, will not use a pak cache.
[2016.10.12-21.51.21:412][  0]LogDerivedDataCache: Unable to find inner node Pak for hierarchical cache Hierarchy.
[2016.10.12-21.51.21:412][  0]LogDerivedDataCache: FDerivedDataBackendGraph:  CompressedPak pak cache file D:/Repositories/UnrealGameJam-Last/UnrealGameJam/DerivedDataCache/Compressed.ddp not found, will not use a pak cache.
[2016.10.12-21.51.21:412][  0]LogDerivedDataCache: Unable to find inner node CompressedPak for hierarchical cache Hierarchy.
[2016.10.12-21.51.21:437][  0]LogDerivedDataCache:Display: Pak cache opened for reading ../../../Engine/DerivedDataCache/Compressed.ddp.
[2016.10.12-21.51.21:450][  0]LogDerivedDataCache: Using Local data cache path C:/Users/Conor/AppData/Local/UnrealEngine/Common/DerivedDataCache: Writable
[2016.10.12-21.51.21:752][  0]LogInit: Selected Device Profile: [Windows]
[2016.10.12-21.51.21:752][  0]LogContentStreaming: Texture pool size is 0.00 MB
[2016.10.12-21.51.21:981][  0]LogMeshUtilities: No automatic mesh reduction module available
[2016.10.12-21.51.21:982][  0]LogMeshUtilities: No automatic mesh merging module available
[2016.10.12-21.51.21:982][  0]LogMeshUtilities: No distributed automatic mesh merging module available
[2016.10.12-21.51.22:246][  0]LogAssetRegistry: FAssetRegistry took 0.0218 seconds to start up
[2016.10.12-21.51.22:271][  0]LogPackageLocalizationCache: Processed 3 localized package path(s) for 2 prioritized culture(s) in 0.022436 seconds
[2016.10.12-21.51.22:277][  0]LogUObjectArray: 28739 objects as part of root set at end of initial load.
[2016.10.12-21.51.22:277][  0]LogUObjectAllocator: 5855632 out of 0 bytes used by permanent object pool.
[2016.10.12-21.51.22:277][  0]LogUObjectArray: CloseDisregardForGC: 0/0 objects in disregard for GC pool
[2016.10.12-21.51.22:285][  0]LogInit: WinSock: version 1.1 (2.2), MaxSocks=32767, MaxUdp=65467
[2016.10.12-21.51.22:460][  0]LogSlate: SlateFontCache - WITH_FREETYPE: 1, WITH_HARFBUZZ: 1
[2016.10.12-21.51.22:460][  0]LogSlate: SlateFontCache - WITH_FREETYPE: 1, WITH_HARFBUZZ: 1
[2016.10.12-21.51.23:032][  0]LogUdpMessaging: Initializing bridge on interface 0.0.0.0:0 to multicast group 230.0.0.1:6666.
[2016.10.12-21.51.23:257][  0]SourceControl: Info Source control is disabled
[2016.10.12-21.51.23:296][  0]SourceControl: Info Source control is disabled
[2016.10.12-21.51.23:306][  0]SourceControl: Info Source control is disabled
[2016.10.12-21.51.23:314][  0]SourceControl: Info Source control is disabled
[2016.10.12-21.51.23:540][  0]LogEngine: Initializing Engine...
[2016.10.12-21.51.23:540][  0]LogHMD: SteamVR failed to initialize.  Err: 110
[2016.10.12-21.51.23:541][  0]LogHMD: SteamVR failed to initialize.  Err: 110
[2016.10.12-21.51.23:665][  0]LogAIModule: Creating AISystem for world NewWorld
[2016.10.12-21.51.23:678][  0]LogInit: XAudio2 using 'Speakers (2- Logitech G430 Gaming Headset)' : 2 channels at 44.1 kHz using 16 bits per sample (channel mask 0x3)
[2016.10.12-21.51.23:689][  0]LogInit: FAudioDevice initialized.
[2016.10.12-21.51.23:712][  0]LogDerivedDataCache: Saved boot cache 0.02s 48MB C:/Users/Conor/AppData/Local/UnrealEngine/4.12/DerivedDataCache/Boot.ddc.
[2016.10.12-21.51.23:718][  0]LogInit: Texture streaming: Enabled
[2016.10.12-21.51.23:741][  0]LogInit: Transaction tracking system initialized
[2016.10.12-21.51.23:765][  0]BlueprintLog: New page: Editor Load
[2016.10.12-21.51.23:838][  0]LocalizationService: Info Localization service is disabled
[2016.10.12-21.51.23:899][  0]LogConsoleResponse:Display: 
[2016.10.12-21.51.23:990][  0]LogCook:Display: Max memory allowance for cook 8192mb
[2016.10.12-21.51.23:990][  0]LogCook:Display: Mobile HDR setting 1
[2016.10.12-21.51.24:085][  0]LogFileCache: Scanning file cache for directory 'D:/Repositories/UnrealGameJam-Last/UnrealGameJam/Content/' took 0.01s
[2016.10.12-21.51.24:085][  0]SourceControl: Info Source control is disabled
[2016.10.12-21.51.24:085][  0]Cmd: MAP LOAD FILE="D:/Repositories/UnrealGameJam-Last/UnrealGameJam/Content/ArenaMap/ArenaMap.umap" TEMPLATE=0 SHOWPROGRESS=1 FEATURELEVEL=3
[2016.10.12-21.51.24:085][  0]LightingResults: New page: Lighting Build
[2016.10.12-21.51.24:088][  0]MapCheck: New page: Map Check
[2016.10.12-21.51.24:088][  0]LightingResults: New page: Lighting Build
[2016.10.12-21.51.25:384][  0]LogAIModule: Creating AISystem for world ArenaMap
[2016.10.12-21.51.25:432][  0]LogEditorServer: Finished looking for orphan Actors (0.000 secs)
[2016.10.12-21.51.25:434][  0]Cmd: MAP CHECKDEP NOCLEARLOG
[2016.10.12-21.51.25:494][  0]MapCheck: Info Map check complete: 0 Error(s), 0 Warning(s), took 59.213ms to complete.
[2016.10.12-21.51.25:494][  0]LogFileHelpers: Loading map 'ArenaMap' took 1.410
[2016.10.12-21.51.25:903][  0]LogCollectionManager: Loaded 1 collections in 0.003263 seconds
[2016.10.12-21.51.25:943][  0]LogFileCache: Scanning file cache for directory 'D:/Repositories/UnrealGameJam-Last/UnrealGameJam/Saved/Collections/' took 0.01s
[2016.10.12-21.51.25:943][  0]LogFileCache: Scanning file cache for directory 'D:/Repositories/UnrealGameJam-Last/UnrealGameJam/Content/Developers/Conor/Collections/' took 0.01s
[2016.10.12-21.51.25:943][  0]LogFileCache: Scanning file cache for directory 'D:/Repositories/UnrealGameJam-Last/UnrealGameJam/Content/Collections/' took 0.01s
[2016.10.12-21.51.25:943][  0]LogCollectionManager: Rebuilt the GUID cache for 1 collections in 0.000006 seconds
[2016.10.12-21.51.25:943][  0]LogCollectionManager: Rebuilt the hierarchy cache for 1 collections in 0.000000 seconds
[2016.10.12-21.51.25:957][  0]LogContentBrowser: Native class hierarchy populated in 0.0134 seconds. Added 2047 classes and 369 folders.
[2016.10.12-21.51.25:962][  0]LogStats: UGameplayTagsManager::ConstructGameplayTagTree: Construct from data asset -  0.000 s
[2016.10.12-21.51.25:962][  0]LogStats: UGameplayTagsManager::ConstructGameplayTagTree: GameplayTagTreeChangedEvent.Broadcast -  0.000 s
[2016.10.12-21.51.25:963][  0]LogContentBrowser: Native class hierarchy updated for 'GameplayTags' in 0.0005 seconds. Added 12 classes and 0 folders.
[2016.10.12-21.51.25:972][  0]LogContentBrowser: Native class hierarchy updated for 'WidgetCarousel' in 0.0005 seconds. Added 0 classes and 0 folders.
[2016.10.12-21.51.26:024][  0]LogContentBrowser: Native class hierarchy updated for 'AddContentDialog' in 0.0004 seconds. Added 0 classes and 0 folders.
[2016.10.12-21.51.26:029][  0]LogContentBrowser: Native class hierarchy updated for 'SceneOutliner' in 0.0004 seconds. Added 1 classes and 2 folders.
[2016.10.12-21.51.26:103][  0]LogCrashTracker: Crashtracker disabled due to settings.
[2016.10.12-21.51.26:108][  0]LogUObjectGlobals:Warning: Failed to find object 'Class None.'
[2016.10.12-21.51.26:136][  0]LogContentBrowser: Native class hierarchy updated for 'HierarchicalLODOutliner' in 0.0004 seconds. Added 1 classes and 2 folders.
[2016.10.12-21.51.26:136][  0]LogLoad: Full Startup: 7.00 seconds (BP compile: 0.32 seconds)
[2016.10.12-21.51.26:136][  0]LogExternalProfiler: No external profilers were discovered.  External profiling features will not be available.
[2016.10.12-21.51.26:145][  0]LogWindowsTextInputMethodSystem:Display: IME system now deactivated.
[2016.10.12-21.51.26:145][  0]LogOcInput: OculusInput pre-init called
[2016.10.12-21.51.26:163][  0]LogContentStreaming: Texture pool size now 700 MB
[2016.10.12-21.51.26:338][  0]LogRenderer: Reallocating scene render targets to support 1164x624 (Frame:2).
[2016.10.12-21.51.26:544][  2]LogAssetRegistry: Asset discovery search completed in 4.3205 seconds
[2016.10.12-21.51.26:544][  2]LogCollectionManager: Rebuilt the object cache for 1 collections in 0.000007 seconds (found 0 objects)
[2016.10.12-21.51.26:544][  2]LogCollectionManager: Fixed up redirectors for 1 collections in 0.000024 seconds (updated 0 objects)
[2016.10.12-21.51.44:927][168]LogBlueprintUserMessages: Early PlayInEditor Detection: Level '/Game/ArenaMap/ArenaMap.ArenaMap:PersistentLevel' has LevelScriptBlueprint '/Game/ArenaMap/ArenaMap.ArenaMap:PersistentLevel.ArenaMap' with GeneratedClass '/Game/ArenaMap/ArenaMap.ArenaMap_C' with ClassGeneratedBy '/Game/ArenaMap/ArenaMap.ArenaMap:PersistentLevel.ArenaMap'
[2016.10.12-21.51.44:927][168]LogPlayLevel: PlayLevel: No blueprints needed recompiling
[2016.10.12-21.51.44:928][168]PIE: New page: PIE session: ArenaMap (12 Oct 2016 22:51:44)
[2016.10.12-21.51.44:928][168]LogPlayLevel: Creating play world package: /Game/ArenaMap/UEDPIE_0_ArenaMap
[2016.10.12-21.51.44:995][168]LogPlayLevel: PIE: StaticDuplicateObject took: (0.066843s)
[2016.10.12-21.51.44:996][168]LogAIModule: Creating AISystem for world ArenaMap
[2016.10.12-21.51.44:996][168]LogPlayLevel: PIE: World Init took: (0.000721s)
[2016.10.12-21.51.44:996][168]LogPlayLevel: PIE: Created PIE world by copying editor world from /Game/ArenaMap/ArenaMap.ArenaMap to /Game/ArenaMap/UEDPIE_0_ArenaMap.ArenaMap (0.068039s)
[2016.10.12-21.51.45:053][168]LogInit: XAudio2 using 'Speakers (2- Logitech G430 Gaming Headset)' : 2 channels at 44.1 kHz using 16 bits per sample (channel mask 0x3)
[2016.10.12-21.51.45:060][168]LogInit: FAudioDevice initialized.
[2016.10.12-21.51.45:140][168]LogWorld: Game class is 'FirstPersonGameMode_C'
[2016.10.12-21.51.45:190][168]LogWorld: Bringing World /Game/ArenaMap/UEDPIE_0_ArenaMap.ArenaMap up for play (max tick rate 0) at 2016.10.12-22.51.45
[2016.10.12-21.51.45:192][168]LogWorld: Bringing up level for play took: 0.050711
[2016.10.12-21.51.45:197][168]LogContentBrowser: Native class hierarchy updated for 'MovieSceneCapture' in 0.0004 seconds. Added 11 classes and 0 folders.
[2016.10.12-21.51.45:199][168]PIE: Info Play in editor start time for /Game/ArenaMap/UEDPIE_0_ArenaMap 0.714
[2016.10.12-21.51.45:199][168]LogBlueprintUserMessages: Late PlayInEditor Detection: Level '/Game/ArenaMap/ArenaMap.ArenaMap:PersistentLevel' has LevelScriptBlueprint '/Game/ArenaMap/ArenaMap.ArenaMap:PersistentLevel.ArenaMap' with GeneratedClass '/Game/ArenaMap/ArenaMap.ArenaMap_C' with ClassGeneratedBy '/Game/ArenaMap/ArenaMap.ArenaMap:PersistentLevel.ArenaMap'
[2016.10.12-21.51.50:759][806]LogBlueprintUserMessages: Early EndPlayMap Detection: Level '/Game/ArenaMap/ArenaMap.ArenaMap:PersistentLevel' has LevelScriptBlueprint '/Game/ArenaMap/ArenaMap.ArenaMap:PersistentLevel.ArenaMap' with GeneratedClass '/Game/ArenaMap/ArenaMap.ArenaMap_C' with ClassGeneratedBy '/Game/ArenaMap/ArenaMap.ArenaMap:PersistentLevel.ArenaMap'
[2016.10.12-21.51.50:795][806]LogBlueprintUserMessages: Late EndPlayMap Detection: Level '/Game/ArenaMap/ArenaMap.ArenaMap:PersistentLevel' has LevelScriptBlueprint '/Game/ArenaMap/ArenaMap.ArenaMap:PersistentLevel.ArenaMap' with GeneratedClass '/Game/ArenaMap/ArenaMap.ArenaMap_C' with ClassGeneratedBy '/Game/ArenaMap/ArenaMap.ArenaMap:PersistentLevel.ArenaMap'
[2016.10.12-21.52.39:262][244]LogFactory: FactoryCreateFile: SoundWave with ReimportSoundFactory (0 0 C:\Users\Conor\Downloads\AIDeathSound.wav)
[2016.10.12-21.52.39:268][244]LogAudioDerivedData:Display: Building compressed audio format OGG wave AIDeathSound...
[2016.10.12-21.52.39:318][244]LogAudioDerivedData:Warning: Updated SoundWave->RawPCMDataSize during cooking SoundWave /Game/ArenaMap/Assets/Audio/AIDeathSound.AIDeathSound.
[2016.10.12-21.52.43:226][419]Cmd: OBJ SAVEPACKAGE PACKAGE="/Game/ArenaMap/Assets/Audio/AIDeathSound" FILE="D:/Repositories/UnrealGameJam-Last/UnrealGameJam/Content/ArenaMap/Assets/Audio/AIDeathSound.uasset" SILENT=true
[2016.10.12-21.52.43:233][419]LogSavePackage: Save=6.04ms
[2016.10.12-21.52.43:233][419]LogSavePackage: Moving 'D:/Repositories/UnrealGameJam-Last/UnrealGameJam/Saved/AIDeathSound82C53E6448794F783864A792B9749F6B.tmp' to 'D:/Repositories/UnrealGameJam-Last/UnrealGameJam/Content/ArenaMap/Assets/Audio/AIDeathSound.uasset'
[2016.10.12-21.52.43:235][419]LogSavePackage:Display: Finished SavePackage D:/Repositories/UnrealGameJam-Last/UnrealGameJam/Content/ArenaMap/Assets/Audio/AIDeathSound.uasset
[2016.10.12-21.52.58:941][ 98]LogContentBrowser: Native class hierarchy updated for 'BlueprintGraph' in 0.0008 seconds. Added 111 classes and 0 folders.
[2016.10.12-21.53.22:359][760]BlueprintLog: New page: Compile AICharacter
[2016.10.12-21.53.22:610][760]BlueprintEditorCompileResults: Info [0123.48] Compile of AICharacter successful! [in 251 ms] (/Game/FirstPersonBP/Blueprints/AICharacter.AICharacter)
[2016.10.12-21.53.23:023][787]Cmd: OBJ SAVEPACKAGE PACKAGE="/Game/FirstPersonBP/Blueprints/AICharacter" FILE="D:/Repositories/UnrealGameJam-Last/UnrealGameJam/Content/FirstPersonBP/Blueprints/AICharacter.uasset" SILENT=true
[2016.10.12-21.53.23:128][787]LogSavePackage: Save=98.27ms
[2016.10.12-21.53.23:128][787]LogSavePackage: Moving 'D:/Repositories/UnrealGameJam-Last/UnrealGameJam/Saved/AICharacter7573A1454F6B1CC13BD3E3B50162821C.tmp' to 'D:/Repositories/UnrealGameJam-Last/UnrealGameJam/Content/FirstPersonBP/Blueprints/AICharacter.uasset'
[2016.10.12-21.53.23:129][787]LogSavePackage:Display: Finished SavePackage D:/Repositories/UnrealGameJam-Last/UnrealGameJam/Content/FirstPersonBP/Blueprints/AICharacter.uasset
[2016.10.12-21.53.26:428][120]LogBlueprintUserMessages: Early PlayInEditor Detection: Level '/Game/ArenaMap/ArenaMap.ArenaMap:PersistentLevel' has LevelScriptBlueprint '/Game/ArenaMap/ArenaMap.ArenaMap:PersistentLevel.ArenaMap' with GeneratedClass '/Game/ArenaMap/ArenaMap.ArenaMap_C' with ClassGeneratedBy '/Game/ArenaMap/ArenaMap.ArenaMap:PersistentLevel.ArenaMap'
[2016.10.12-21.53.26:428][120]LogPlayLevel: PlayLevel: No blueprints needed recompiling
[2016.10.12-21.53.26:428][120]PIE: New page: PIE session: ArenaMap (12 Oct 2016 22:53:26)
[2016.10.12-21.53.26:428][120]LogPlayLevel: Creating play world package: /Game/ArenaMap/UEDPIE_0_ArenaMap
[2016.10.12-21.53.26:490][120]LogPlayLevel: PIE: StaticDuplicateObject took: (0.060877s)
[2016.10.12-21.53.26:490][120]LogAIModule: Creating AISystem for world ArenaMap
[2016.10.12-21.53.26:491][120]LogPlayLevel: PIE: World Init took: (0.000897s)
[2016.10.12-21.53.26:491][120]LogPlayLevel: PIE: Created PIE world by copying editor world from /Game/ArenaMap/ArenaMap.ArenaMap to /Game/ArenaMap/UEDPIE_0_ArenaMap.ArenaMap (0.062321s)
[2016.10.12-21.53.26:526][120]LogInit: XAudio2 using 'Speakers (2- Logitech G430 Gaming Headset)' : 2 channels at 44.1 kHz using 16 bits per sample (channel mask 0x3)
[2016.10.12-21.53.26:534][120]LogInit: FAudioDevice initialized.
[2016.10.12-21.53.26:581][120]LogWorld: Game class is 'FirstPersonGameMode_C'
[2016.10.12-21.53.26:619][120]LogWorld: Bringing World /Game/ArenaMap/UEDPIE_0_ArenaMap.ArenaMap up for play (max tick rate 0) at 2016.10.12-22.53.26
[2016.10.12-21.53.26:621][120]LogWorld: Bringing up level for play took: 0.039179
[2016.10.12-21.53.26:624][120]PIE: Info Play in editor start time for /Game/ArenaMap/UEDPIE_0_ArenaMap 0.138
[2016.10.12-21.53.26:624][120]LogBlueprintUserMessages: Late PlayInEditor Detection: Level '/Game/ArenaMap/ArenaMap.ArenaMap:PersistentLevel' has LevelScriptBlueprint '/Game/ArenaMap/ArenaMap.ArenaMap:PersistentLevel.ArenaMap' with GeneratedClass '/Game/ArenaMap/ArenaMap.ArenaMap_C' with ClassGeneratedBy '/Game/ArenaMap/ArenaMap.ArenaMap:PersistentLevel.ArenaMap'
[2016.10.12-21.53.47:457][288]LogSpawn:Warning: SpawnActor failed because of collision at the spawn location [X=-326.433 Y=-5161.251 Z=338.395] for [FirstPersonProjectile_C]
[2016.10.12-21.53.49:206][444]LogCharacterMovement: AICharacter_C_9 is stuck and failed to move! Velocity: X=23.041 Y=-3.791 Z=0.000 Location: X=4128.238 Y=-1201.231 Z=301.911 Normal: X=-1.000 Y=-0.000 Z=0.000 PenetrationDepth:2.831 Actor:ramp2 Component:StaticMeshComponent0 BoneName:None
[2016.10.12-21.53.49:227][446]LogCharacterMovement: AICharacter_C_9 is stuck and failed to move! Velocity: X=21.130 Y=-3.476 Z=0.000 Location: X=4128.238 Y=-1201.231 Z=301.911 Normal: X=-1.000 Y=-0.000 Z=0.000 PenetrationDepth:2.831 Actor:ramp2 Component:StaticMeshComponent0 BoneName:None
[2016.10.12-21.53.49:904][510]LogSpawn:Warning: SpawnActor failed because of collision at the spawn location [X=-175.403 Y=-5280.631 Z=340.888] for [FirstPersonProjectile_C]
[2016.10.12-21.53.50:620][578]LogCharacterMovement: AICharacter_C_9 is stuck and failed to move! Velocity: X=41.036 Y=-6.770 Z=0.000 Location: X=4128.319 Y=-1201.171 Z=301.913 Normal: X=-1.000 Y=-0.000 Z=0.000 PenetrationDepth:2.912 Actor:ramp2 Component:StaticMeshComponent0 BoneName:None
[2016.10.12-21.53.50:632][579]LogCharacterMovement: AICharacter_C_9 is stuck and failed to move! Velocity: X=65.361 Y=-10.795 Z=0.000 Location: X=4128.319 Y=-1201.171 Z=301.913 Normal: X=-1.000 Y=-0.000 Z=0.000 PenetrationDepth:2.912 Actor:ramp2 Component:StaticMeshComponent0 BoneName:None
[2016.10.12-21.53.50:643][580]LogCharacterMovement: AICharacter_C_9 is stuck and failed to move! Velocity: X=86.643 Y=-14.315 Z=0.000 Location: X=4128.319 Y=-1201.171 Z=301.913 Normal: X=-1.000 Y=-0.000 Z=0.000 PenetrationDepth:2.912 Actor:ramp2 Component:StaticMeshComponent0 BoneName:None
[2016.10.12-21.53.50:688][584]LogCharacterMovement: AICharacter_C_9 is stuck and failed to move! Velocity: X=23.217 Y=-3.822 Z=0.000 Location: X=4128.319 Y=-1201.237 Z=301.913 Normal: X=-1.000 Y=-0.000 Z=0.000 PenetrationDepth:2.912 Actor:ramp2 Component:StaticMeshComponent0 BoneName:None
[2016.10.12-21.53.51:215][630]LogNet: Browse: /Game/ArenaMap/ArenaMap
[2016.10.12-21.53.51:221][630]LogLoad: LoadMap: /Game/ArenaMap/ArenaMap
[2016.10.12-21.53.51:261][630]Cmd: MEM
[2016.10.12-21.53.51:276][630]LogMemory: Platform Memory Stats for Windows
[2016.10.12-21.53.51:276][630]LogMemory: Process Physical Memory: 1231.28 MB used, 1299.91 MB peak
[2016.10.12-21.53.51:276][630]LogMemory: Process Virtual Memory: 1866.66 MB used, 1877.18 MB peak
[2016.10.12-21.53.51:276][630]LogMemory: Physical Memory: 6946.70 MB used, 8145.47 MB total
[2016.10.12-21.53.51:276][630]LogMemory: Virtual Memory: 2668.68 MB used, 134217728.00 MB total
[2016.10.12-21.53.51:276][630]LogMemory: 
[2016.10.12-21.53.51:276][630]Allocator Stats for TBB: (not implemented)
[2016.10.12-21.53.51:276][630]LogPlayLevel: Creating play world package: /Game/ArenaMap/UEDPIE_0_ArenaMap
[2016.10.12-21.53.51:337][630]LogPlayLevel: PIE: StaticDuplicateObject took: (0.061031s)
[2016.10.12-21.53.51:338][630]LogAIModule: Creating AISystem for world ArenaMap
[2016.10.12-21.53.51:338][630]LogPlayLevel: PIE: World Init took: (0.000778s)
[2016.10.12-21.53.51:338][630]LogPlayLevel: PIE: Created PIE world by copying editor world from /Game/ArenaMap/ArenaMap.ArenaMap to /Game/ArenaMap/UEDPIE_0_ArenaMap.ArenaMap (0.062271s)
[2016.10.12-21.53.51:338][630]LogWorld: Game class is 'FirstPersonGameMode_C'
[2016.10.12-21.53.51:385][630]LogWorld: Bringing World /Game/ArenaMap/UEDPIE_0_ArenaMap.ArenaMap up for play (max tick rate 0) at 2016.10.12-22.53.51
[2016.10.12-21.53.51:387][630]LogWorld: Bringing up level for play took: 0.047020
[2016.10.12-21.53.51:390][630]LogLoad: Took 0.168433 seconds to LoadMap(/Game/ArenaMap/UEDPIE_0_ArenaMap)
[2016.10.12-21.53.53:414][868]LogBlueprintUserMessages: Early EndPlayMap Detection: Level '/Game/ArenaMap/ArenaMap.ArenaMap:PersistentLevel' has LevelScriptBlueprint '/Game/ArenaMap/ArenaMap.ArenaMap:PersistentLevel.ArenaMap' with GeneratedClass '/Game/ArenaMap/ArenaMap.ArenaMap_C' with ClassGeneratedBy '/Game/ArenaMap/ArenaMap.ArenaMap:PersistentLevel.ArenaMap'
[2016.10.12-21.53.53:450][868]LogBlueprintUserMessages: Late EndPlayMap Detection: Level '/Game/ArenaMap/ArenaMap.ArenaMap:PersistentLevel' has LevelScriptBlueprint '/Game/ArenaMap/ArenaMap.ArenaMap:PersistentLevel.ArenaMap' with GeneratedClass '/Game/ArenaMap/ArenaMap.ArenaMap_C' with ClassGeneratedBy '/Game/ArenaMap/ArenaMap.ArenaMap:PersistentLevel.ArenaMap'
[2016.10.12-21.54.31:452][352]Cmd: OBJ SAVEPACKAGE PACKAGE="/Game/FirstPersonBP/Blueprints/AICharacter" FILE="D:/Repositories/UnrealGameJam-Last/UnrealGameJam/Content/FirstPersonBP/Blueprints/AICharacter.uasset" SILENT=true
[2016.10.12-21.54.31:548][352]LogSavePackage: Save=93.76ms
[2016.10.12-21.54.31:548][352]LogSavePackage: Moving 'D:/Repositories/UnrealGameJam-Last/UnrealGameJam/Saved/AICharacter29DA69EE4A87907B6C9C3EB10BD8D6A9.tmp' to 'D:/Repositories/UnrealGameJam-Last/UnrealGameJam/Content/FirstPersonBP/Blueprints/AICharacter.uasset'
[2016.10.12-21.54.31:550][352]LogSavePackage:Display: Finished SavePackage D:/Repositories/UnrealGameJam-Last/UnrealGameJam/Content/FirstPersonBP/Blueprints/AICharacter.uasset
[2016.10.12-21.54.31:636][352]LogWindowsTextInputMethodSystem:Display: IME system now deactivated.
[2016.10.12-21.54.31:800][353]Cmd: QUIT_EDITOR
[2016.10.12-21.54.32:400][353]LogExit: Preparing to exit.
[2016.10.12-21.54.33:268][353]LogExit: Editor shut down
[2016.10.12-21.54.33:268][353]LogExit: Transaction tracking system shut down
[2016.10.12-21.54.33:418][353]LogObj: Freed 0b from 0 cluster array pools.
[2016.10.12-21.54.33:419][353]LogExit: Object subsystem successfully closed.
[2016.10.12-21.54.33:430][353]LogD3D11RHI: Shutdown
[2016.10.12-21.54.33:430][353]LogD3D11RHI: CleanupD3DDevice
[2016.10.12-21.54.33:521][353]LogD3D11RHI: ~FD3D11DynamicRHI
[2016.10.12-21.54.33:535][353]LogModuleManager: Shutting down and abandoning module BlueprintGraph (215)
[2016.10.12-21.54.33:535][353]LogModuleManager: Shutting down and abandoning module MovieSceneCapture (214)
[2016.10.12-21.54.33:535][353]LogModuleManager: Shutting down and abandoning module HierarchicalLODOutliner (213)
[2016.10.12-21.54.33:535][353]LogModuleManager: Shutting down and abandoning module CrashTracker (212)
[2016.10.12-21.54.33:535][353]LogModuleManager: Shutting down and abandoning module SceneOutliner (211)
[2016.10.12-21.54.33:535][353]LogModuleManager: Shutting down and abandoning module WidgetCarousel (210)
[2016.10.12-21.54.33:535][353]LogModuleManager: Shutting down and abandoning module AddContentDialog (209)
[2016.10.12-21.54.33:536][353]LogModuleManager: Shutting down and abandoning module GameplayTags (208)
[2016.10.12-21.54.33:536][353]LogModuleManager: Shutting down and abandoning module EditorWidgets (207)
[2016.10.12-21.54.33:536][353]LogModuleManager: Shutting down and abandoning module CollectionManager (206)
[2016.10.12-21.54.33:536][353]LogModuleManager: Shutting down and abandoning module StatsViewer (205)
[2016.10.12-21.54.33:536][353]LogModuleManager: Shutting down and abandoning module FoliageEdit (204)
[2016.10.12-21.54.33:536][353]LogModuleManager: Shutting down and abandoning module LandscapeEditor (203)
[2016.10.12-21.54.33:536][353]LogModuleManager: Shutting down and abandoning module SceneDepthPickerMode (202)
[2016.10.12-21.54.33:536][353]LogModuleManager: Shutting down and abandoning module ActorPickerMode (201)
[2016.10.12-21.54.33:536][353]LogModuleManager: Shutting down and abandoning module GeometryMode (200)
[2016.10.12-21.54.33:536][353]LogModuleManager: Shutting down and abandoning module TextureAlignMode (199)
[2016.10.12-21.54.33:536][353]LogModuleManager: Shutting down and abandoning module BspMode (198)
[2016.10.12-21.54.33:536][353]LogModuleManager: Shutting down and abandoning module HardwareSurvey (197)
[2016.10.12-21.54.33:536][353]LogModuleManager: Shutting down and abandoning module SequenceRecorderSections (196)
[2016.10.12-21.54.33:536][353]LogModuleManager: Shutting down and abandoning module SequenceRecorder (195)
[2016.10.12-21.54.33:536][353]LogModuleManager: Shutting down and abandoning module AutomationWorker (194)
[2016.10.12-21.54.33:536][353]LogModuleManager: Shutting down and abandoning module MatineeToLevelSequence (193)
[2016.10.12-21.54.33:536][353]LogModuleManager: Shutting down and abandoning module PlacementMode (192)
[2016.10.12-21.54.33:537][353]LogModuleManager: Shutting down and abandoning module LevelSequenceEditor (191)
[2016.10.12-21.54.33:537][353]LogModuleManager: Shutting down and abandoning module CharacterAI (190)
[2016.10.12-21.54.33:537][353]LogModuleManager: Shutting down and abandoning module SmartSnapping (189)
[2016.10.12-21.54.33:537][353]LogModuleManager: Shutting down and abandoning module SessionServices (188)
[2016.10.12-21.54.33:537][353]LogModuleManager: Shutting down and abandoning module ViewportSnapping (187)
[2016.10.12-21.54.33:537][353]LogModuleManager: Shutting down and abandoning module LogVisualizer (186)
[2016.10.12-21.54.33:537][353]LogModuleManager: Shutting down and abandoning module GameProjectGeneration (185)
[2016.10.12-21.54.33:537][353]LogModuleManager: Shutting down and abandoning module IntroTutorials (184)
[2016.10.12-21.54.33:537][353]LogModuleManager: Shutting down and abandoning module EditorLiveStreaming (183)
[2016.10.12-21.54.33:537][353]LogModuleManager: Shutting down and abandoning module IOSPlatformEditor (182)
[2016.10.12-21.54.33:537][353]LogModuleManager: Shutting down and abandoning module HTML5PlatformEditor (181)
[2016.10.12-21.54.33:537][353]LogModuleManager: Shutting down and abandoning module AndroidDeviceDetection (180)
[2016.10.12-21.54.33:927][353]LogModuleManager: Shutting down and abandoning module AndroidPlatformEditor (179)
[2016.10.12-21.54.33:927][353]LogModuleManager: Shutting down and abandoning module IOSRuntimeSettings (178)
[2016.10.12-21.54.33:927][353]LogModuleManager: Shutting down and abandoning module AndroidRuntimeSettings (177)
[2016.10.12-21.54.33:927][353]LogModuleManager: Shutting down and abandoning module MergeActors (176)
[2016.10.12-21.54.33:927][353]LogModuleManager: Shutting down and abandoning module SizeMap (175)
[2016.10.12-21.54.33:927][353]LogModuleManager: Shutting down and abandoning module TreeMap (174)
[2016.10.12-21.54.33:927][353]LogModuleManager: Shutting down and abandoning module ReferenceViewer (173)
[2016.10.12-21.54.33:928][353]LogModuleManager: Shutting down and abandoning module LocalizationService (172)
[2016.10.12-21.54.33:928][353]LogModuleManager: Shutting down and abandoning module LocalizationDashboard (171)
[2016.10.12-21.54.33:928][353]LogModuleManager: Shutting down and abandoning module HardwareTargeting (170)
[2016.10.12-21.54.33:928][353]LogModuleManager: Shutting down and abandoning module DeviceProfileEditor (169)
[2016.10.12-21.54.33:928][353]LogModuleManager: Shutting down and abandoning module UndoHistory (168)
[2016.10.12-21.54.33:928][353]LogModuleManager: Shutting down and abandoning module UserFeedback (167)
[2016.10.12-21.54.33:928][353]LogModuleManager: Shutting down and abandoning module XmlParser (166)
[2016.10.12-21.54.33:928][353]LogModuleManager: Shutting down and abandoning module Blutility (165)
[2016.10.12-21.54.33:928][353]LogModuleManager: Shutting down and abandoning module ProjectTargetPlatformEditor (164)
[2016.10.12-21.54.33:928][353]LogModuleManager: Shutting down and abandoning module ProjectSettingsViewer (163)
[2016.10.12-21.54.33:928][353]LogModuleManager: Shutting down and abandoning module InputBindingEditor (162)
[2016.10.12-21.54.33:928][353]LogModuleManager: Shutting down and abandoning module EditorSettingsViewer (161)
[2016.10.12-21.54.33:929][353]LogModuleManager: Shutting down and abandoning module SettingsEditor (160)
[2016.10.12-21.54.33:929][353]LogModuleManager: Shutting down and abandoning module ProjectLauncher (159)
[2016.10.12-21.54.33:929][353]LogModuleManager: Shutting down and abandoning module SessionFrontend (158)
[2016.10.12-21.54.33:929][353]LogModuleManager: Shutting down and abandoning module ProfilerClient (157)
[2016.10.12-21.54.33:929][353]LogModuleManager: Shutting down and abandoning module TargetDeviceServices (156)
[2016.10.12-21.54.33:929][353]LogModuleManager: Shutting down and abandoning module DeviceManager (155)
[2016.10.12-21.54.33:972][353]LogModuleManager: Shutting down and abandoning module AutomationController (154)
[2016.10.12-21.54.33:972][353]LogModuleManager: Shutting down and abandoning module AutomationWindow (153)
[2016.10.12-21.54.33:972][353]LogModuleManager: Shutting down and abandoning module Layers (152)
[2016.10.12-21.54.33:972][353]LogModuleManager: Shutting down and abandoning module ComponentVisualizers (151)
[2016.10.12-21.54.33:972][353]LogModuleManager: Shutting down and abandoning module DetailCustomizations (150)
[2016.10.12-21.54.33:972][353]LogModuleManager: Shutting down and abandoning module PackagesDialog (149)
[2016.10.12-21.54.33:972][353]LogModuleManager: Shutting down and abandoning module Persona (148)
[2016.10.12-21.54.33:972][353]LogModuleManager: Shutting down and abandoning module Kismet (147)
[2016.10.12-21.54.33:972][353]LogModuleManager: Shutting down and abandoning module GraphEditor (146)
[2016.10.12-21.54.33:972][353]LogModuleManager: Shutting down and abandoning module ClassViewer (145)
[2016.10.12-21.54.33:972][353]LogModuleManager: Shutting down and abandoning module Toolbox (144)
[2016.10.12-21.54.33:972][353]LogModuleManager: Shutting down and abandoning module ModuleUI (143)
[2016.10.12-21.54.33:972][353]LogModuleManager: Shutting down and abandoning module MovieSceneTools (142)
[2016.10.12-21.54.33:972][353]LogModuleManager: Shutting down and abandoning module OutputLog (141)
[2016.10.12-21.54.33:972][353]LogModuleManager: Shutting down and abandoning module GammaUI (140)
[2016.10.12-21.54.33:973][353]LogModuleManager: Shutting down and abandoning module Documentation (139)
[2016.10.12-21.54.33:973][353]LogModuleManager: Shutting down and abandoning module StreamingPauseRendering (138)
[2016.10.12-21.54.33:973][353]LogModuleManager: Shutting down and abandoning module AnalyticsET (137)
[2016.10.12-21.54.33:973][353]LogModuleManager: Shutting down and abandoning module Analytics (136)
[2016.10.12-21.54.33:973][353]LogModuleManager: Shutting down and abandoning module PortalServices (135)
[2016.10.12-21.54.33:973][353]LogModuleManager: Shutting down and abandoning module PortalRpc (134)
[2016.10.12-21.54.33:973][353]LogModuleManager: Shutting down and abandoning module MessagingRpc (133)
[2016.10.12-21.54.33:973][353]LogModuleManager: Shutting down and abandoning module GameplayDebugger (132)
[2016.10.12-21.54.33:973][353]LogModuleManager: Shutting down and abandoning module AITestSuite (131)
[2016.10.12-21.54.33:973][353]LogModuleManager: Shutting down and abandoning module AIModule (130)
[2016.10.12-21.54.33:973][353]LogModuleManager: Shutting down and abandoning module ProfilerService (129)
[2016.10.12-21.54.34:174][353]LogModuleManager: Shutting down and abandoning module TaskGraph (128)
[2016.10.12-21.54.34:174][353]LogModuleManager: Shutting down and abandoning module SlateRemote (127)
[2016.10.12-21.54.34:174][353]LogModuleManager: Shutting down and abandoning module SteamVRController (126)
[2016.10.12-21.54.34:175][353]LogModuleManager: Shutting down and abandoning module SteamVR (125)
[2016.10.12-21.54.34:175][353]LogModuleManager: Shutting down and abandoning module ProceduralMeshComponent (124)
[2016.10.12-21.54.34:175][353]LogModuleManager: Shutting down and abandoning module OculusLibrary (123)
[2016.10.12-21.54.34:175][353]LogModuleManager: Shutting down and abandoning module OculusInput (122)
[2016.10.12-21.54.34:175][353]LogModuleManager: Shutting down and abandoning module CustomMeshComponent (121)
[2016.10.12-21.54.34:175][353]LogModuleManager: Shutting down and abandoning module CableComponent (120)
[2016.10.12-21.54.34:175][353]LogModuleManager: Shutting down and abandoning module ArchVisCharacter (119)
[2016.10.12-21.54.34:175][353]LogModuleManager: Shutting down and abandoning module MediaPlayerEditor (118)
[2016.10.12-21.54.34:175][353]LogModuleManager: Shutting down and abandoning module HTML5Networking (117)
[2016.10.12-21.54.34:175][353]LogModuleManager: Shutting down and abandoning module SuperSearch (116)
[2016.10.12-21.54.34:175][353]LogModuleManager: Shutting down and abandoning module SuperSearchEditor (115)
[2016.10.12-21.54.34:175][353]LogModuleManager: Shutting down and abandoning module SpeedTreeImporter (114)
[2016.10.12-21.54.34:175][353]LogModuleManager: Shutting down and abandoning module PluginBrowser (113)
[2016.10.12-21.54.34:175][353]LogModuleManager: Shutting down and abandoning module EpicSurvey (112)
[2016.10.12-21.54.34:175][353]LogModuleManager: Shutting down and abandoning module DesktopPlatform (111)
[2016.10.12-21.54.34:175][353]LogModuleManager: Shutting down and abandoning module VisualStudioSourceCodeAccess (110)
[2016.10.12-21.54.34:175][353]LogModuleManager: Shutting down and abandoning module UObjectPlugin (109)
[2016.10.12-21.54.34:175][353]LogModuleManager: Shutting down and abandoning module SubversionSourceControl (108)
[2016.10.12-21.54.34:175][353]LogModuleManager: Shutting down and abandoning module PerforceSourceControl (107)
[2016.10.12-21.54.34:175][353]LogModuleManager: Shutting down and abandoning module SourceControl (106)
[2016.10.12-21.54.34:175][353]LogModuleManager: Shutting down and abandoning module GitSourceControl (105)
[2016.10.12-21.54.34:175][353]LogModuleManager: Shutting down and abandoning module LightPropagationVolumeEditor (104)
[2016.10.12-21.54.34:175][353]LogModuleManager: Shutting down and abandoning module PaperTiledImporter (103)
[2016.10.12-21.54.34:175][353]LogModuleManager: Shutting down and abandoning module PaperSpriteSheetImporter (102)
[2016.10.12-21.54.34:175][353]LogModuleManager: Shutting down and abandoning module MeshPaint (101)
[2016.10.12-21.54.34:175][353]LogModuleManager: Shutting down and abandoning module PixelInspectorModule (100)
[2016.10.12-21.54.34:175][353]LogModuleManager: Shutting down and abandoning module HotReload (99)
[2016.10.12-21.54.34:176][353]LogModuleManager: Shutting down and abandoning module MainFrame (98)
[2016.10.12-21.54.34:176][353]LogModuleManager: Shutting down and abandoning module LevelEditor (97)
[2016.10.12-21.54.34:177][353]LogModuleManager: Shutting down and abandoning module ContentBrowser (96)
[2016.10.12-21.54.34:179][353]LogModuleManager: Shutting down and abandoning module Paper2DEditor (95)
[2016.10.12-21.54.34:179][353]LogModuleManager: Shutting down and abandoning module UdpMessaging (94)
[2016.10.12-21.54.34:280][353]LogModuleManager: Shutting down and abandoning module LightPropagationVolumeRuntime (93)
[2016.10.12-21.54.34:280][353]LogModuleManager: Shutting down and abandoning module Paper2D (92)
[2016.10.12-21.54.34:280][353]LogModuleManager: Shutting down and abandoning module WindowsMoviePlayer (91)
[2016.10.12-21.54.34:280][353]LogModuleManager: Shutting down and abandoning module Media (90)
[2016.10.12-21.54.34:280][353]LogModuleManager: Shutting down and abandoning module WmfMedia (89)
[2016.10.12-21.54.34:281][353]LogModuleManager: Shutting down and abandoning module MediaAssets (88)
[2016.10.12-21.54.34:281][353]LogModuleManager: Shutting down and abandoning module GameLiveStreaming (87)
[2016.10.12-21.54.34:281][353]LogModuleManager: Shutting down and abandoning module GameplayTagsEditor (86)
[2016.10.12-21.54.34:281][353]LogModuleManager: Shutting down and abandoning module OnlineBlueprintSupport (85)
[2016.10.12-21.54.34:281][353]LogModuleManager: Shutting down and abandoning module VREditor (84)
[2016.10.12-21.54.34:281][353]LogModuleManager: Shutting down and abandoning module GameplayTasksEditor (83)
[2016.10.12-21.54.34:281][353]LogModuleManager: Shutting down and abandoning module PropertyEditor (82)
[2016.10.12-21.54.34:281][353]LogModuleManager: Shutting down and abandoning module BehaviorTreeEditor (81)
[2016.10.12-21.54.34:281][353]LogModuleManager: Shutting down and abandoning module FunctionalTesting (80)
[2016.10.12-21.54.34:281][353]LogModuleManager: Shutting down and abandoning module CollisionAnalyzer (79)
[2016.10.12-21.54.34:281][353]LogModuleManager: Shutting down and abandoning module Sequencer (78)
[2016.10.12-21.54.34:281][353]LogModuleManager: Shutting down and abandoning module WorkspaceMenuStructure (77)
[2016.10.12-21.54.34:281][353]LogModuleManager: Shutting down and abandoning module MessageLog (76)
[2016.10.12-21.54.34:281][353]LogModuleManager: Shutting down and abandoning module AssetTools (75)
[2016.10.12-21.54.34:281][353]LogModuleManager: Shutting down and abandoning module UMGEditor (74)
[2016.10.12-21.54.34:281][353]LogModuleManager: Shutting down and abandoning module UMG (73)
[2016.10.12-21.54.34:281][353]LogModuleManager: Shutting down and abandoning module SlateReflector (72)
[2016.10.12-21.54.34:282][353]LogModuleManager: Shutting down and abandoning module Slate (71)
[2016.10.12-21.54.34:282][353]LogModuleManager: Shutting down and abandoning module EditorStyle (70)
[2016.10.12-21.54.34:286][353]LogModuleManager: Shutting down and abandoning module SourceCodeAccess (69)
[2016.10.12-21.54.34:286][353]LogModuleManager: Shutting down and abandoning module HeadMountedDisplay (68)
[2016.10.12-21.54.34:286][353]LogModuleManager: Shutting down and abandoning module XAudio2 (67)
[2016.10.12-21.54.34:286][353]LogModuleManager: Shutting down and abandoning module Networking (65)
[2016.10.12-21.54.34:286][353]LogModuleManager: Shutting down and abandoning module Core (64)
[2016.10.12-21.54.34:286][353]LogModuleManager: Shutting down and abandoning module DirectoryWatcher (63)
[2016.10.12-21.54.34:287][353]LogModuleManager: Shutting down and abandoning module AssetRegistry (62)
[2016.10.12-21.54.34:417][353]LogModuleManager: Shutting down and abandoning module KismetCompiler (61)
[2016.10.12-21.54.34:417][353]LogModuleManager: Shutting down and abandoning module PhysXFormats (60)
[2016.10.12-21.54.34:417][353]LogModuleManager: Shutting down and abandoning module MeshUtilities (59)
[2016.10.12-21.54.34:417][353]LogModuleManager: Shutting down and abandoning module DerivedDataCache (58)
[2016.10.12-21.54.34:444][353]LogDerivedDataCache: Shutdown
[2016.10.12-21.54.34:444][353]LogModuleManager: Shutting down and abandoning module VulkanShaderFormat (57)
[2016.10.12-21.54.34:444][353]LogModuleManager: Shutting down and abandoning module ShaderFormatOpenGL (56)
[2016.10.12-21.54.34:444][353]LogModuleManager: Shutting down and abandoning module ShaderFormatD3D (55)
[2016.10.12-21.54.34:444][353]LogModuleManager: Shutting down and abandoning module MetalShaderFormat (54)
[2016.10.12-21.54.34:444][353]LogModuleManager: Shutting down and abandoning module TextureFormatUncompressed (53)
[2016.10.12-21.54.34:444][353]LogModuleManager: Shutting down and abandoning module TextureFormatPVR (52)
[2016.10.12-21.54.34:444][353]LogModuleManager: Shutting down and abandoning module TextureFormatIntelISPCTexComp (51)
[2016.10.12-21.54.34:444][353]LogModuleManager: Shutting down and abandoning module TextureFormatDXT (50)
[2016.10.12-21.54.34:444][353]LogModuleManager: Shutting down and abandoning module ImageWrapper (49)
[2016.10.12-21.54.34:444][353]LogModuleManager: Shutting down and abandoning module TextureFormatASTC (48)
[2016.10.12-21.54.34:444][353]LogModuleManager: Shutting down and abandoning module TextureFormatAndroid (47)
[2016.10.12-21.54.34:444][353]LogModuleManager: Shutting down and abandoning module AudioFormatOpus (46)
[2016.10.12-21.54.34:444][353]LogModuleManager: Shutting down and abandoning module AudioFormatOgg (45)
[2016.10.12-21.54.34:444][353]LogModuleManager: Shutting down and abandoning module AudioFormatADPCM (44)
[2016.10.12-21.54.34:444][353]LogModuleManager: Shutting down and abandoning module LinuxTargetPlatform (43)
[2016.10.12-21.54.34:444][353]LogModuleManager: Shutting down and abandoning module LinuxServerTargetPlatform (42)
[2016.10.12-21.54.34:445][353]LogModuleManager: Shutting down and abandoning module LinuxNoEditorTargetPlatform (41)
[2016.10.12-21.54.34:445][353]LogModuleManager: Shutting down and abandoning module TVOSTargetPlatform (40)
[2016.10.12-21.54.34:445][353]LogModuleManager: Shutting down and abandoning module Messaging (39)
[2016.10.12-21.54.34:445][353]LogModuleManager: Shutting down and abandoning module IOSTargetPlatform (38)
[2016.10.12-21.54.34:445][353]LogModuleManager: Shutting down and abandoning module HTML5TargetPlatform (37)
[2016.10.12-21.54.34:445][353]LogModuleManager: Shutting down and abandoning module Android_PVRTCTargetPlatform (36)
[2016.10.12-21.54.34:445][353]LogModuleManager: Shutting down and abandoning module Android_MultiTargetPlatform (35)
[2016.10.12-21.54.34:445][353]LogModuleManager: Shutting down and abandoning module Android_ETC2TargetPlatform (34)
[2016.10.12-21.54.34:445][353]LogModuleManager: Shutting down and abandoning module Android_ETC1TargetPlatform (33)
[2016.10.12-21.54.34:445][353]LogModuleManager: Shutting down and abandoning module Android_DXTTargetPlatform (32)
[2016.10.12-21.54.34:445][353]LogModuleManager: Shutting down and abandoning module Android_ATCTargetPlatform (31)
[2016.10.12-21.54.34:445][353]LogModuleManager: Shutting down and abandoning module Android_ASTCTargetPlatform (30)
[2016.10.12-21.54.34:445][353]LogModuleManager: Shutting down and abandoning module AndroidTargetPlatform (29)
[2016.10.12-21.54.34:445][353]LogModuleManager: Shutting down and abandoning module WindowsTargetPlatform (28)
[2016.10.12-21.54.34:445][353]LogModuleManager: Shutting down and abandoning module WindowsServerTargetPlatform (27)
[2016.10.12-21.54.34:445][353]LogModuleManager: Shutting down and abandoning module WindowsNoEditorTargetPlatform (26)
[2016.10.12-21.54.34:445][353]LogModuleManager: Shutting down and abandoning module WindowsClientTargetPlatform (25)
[2016.10.12-21.54.34:445][353]LogModuleManager: Shutting down and abandoning module AllDesktopTargetPlatform (24)
[2016.10.12-21.54.34:445][353]LogModuleManager: Shutting down and abandoning module TargetPlatform (23)
[2016.10.12-21.54.34:445][353]LogModuleManager: Shutting down and abandoning module InputCore (22)
[2016.10.12-21.54.34:445][353]LogModuleManager: Shutting down and abandoning module Settings (21)
[2016.10.12-21.54.34:445][353]LogModuleManager: Shutting down and abandoning module OnlineSubsystem (19)
[2016.10.12-21.54.34:445][353]LogModuleManager: Shutting down and abandoning module HTTP (18)
[2016.10.12-21.54.35:948][353]LogModuleManager: Shutting down and abandoning module XMPP (17)
[2016.10.12-21.54.35:948][353]LogModuleManager: Shutting down and abandoning module OculusRift (16)
[2016.10.12-21.54.35:948][353]LogModuleManager: Shutting down and abandoning module ExampleDeviceProfileSelector (15)
[2016.10.12-21.54.35:948][353]LogModuleManager: Shutting down and abandoning module TextureCompressor (14)
[2016.10.12-21.54.35:948][353]LogModuleManager: Shutting down and abandoning module ShaderCore (13)
[2016.10.12-21.54.35:948][353]LogModuleManager: Shutting down and abandoning module Landscape (12)
[2016.10.12-21.54.35:948][353]LogModuleManager: Shutting down and abandoning module SlateRHIRenderer (11)
[2016.10.12-21.54.35:950][353]LogModuleManager: Shutting down and abandoning module OpenGLDrv (10)
[2016.10.12-21.54.35:950][353]LogModuleManager: Shutting down and abandoning module D3D11RHI (9)
[2016.10.12-21.54.35:950][353]LogModuleManager: Shutting down and abandoning module AnimGraphRuntime (8)
[2016.10.12-21.54.35:950][353]LogModuleManager: Shutting down and abandoning module Renderer (7)
[2016.10.12-21.54.35:950][353]LogModuleManager: Shutting down and abandoning module Engine (6)
[2016.10.12-21.54.35:950][353]LogModuleManager: Shutting down and abandoning module CoreUObject (5)
[2016.10.12-21.54.35:950][353]LogModuleManager: Shutting down and abandoning module NetworkFile (4)
[2016.10.12-21.54.35:950][353]LogModuleManager: Shutting down and abandoning module StreamingFile (3)
[2016.10.12-21.54.35:950][353]LogModuleManager: Shutting down and abandoning module SandboxFile (2)
[2016.10.12-21.54.35:950][353]LogModuleManager: Shutting down and abandoning module PakFile (1)
[2016.10.12-21.54.35:952][353]LogExit: Exiting.
[2016.10.12-21.54.35:954][353]Log file closed, 10/12/16 22:54:35
